Using pre-set license
Built from '2021.3/staging' branch; Version is '2021.3.18f1 (3129e69bc0c7) revision 3221990'; Using compiler version '192829333'; Build Type 'Release'
OS: 'Windows 11  (10.0.22621) 64bit Core' Language: 'en' Physical Memory: 16088 MB
BatchMode: 1, IsHumanControllingUs: 0, StartBugReporterOnCrash: 0, Is64bit: 1, IsPro: 1

COMMAND LINE ARGUMENTS:
C:\Program Files\Unity\Hub\Editor\2021.3.18f1\Editor\Unity.exe
-adb2
-batchMode
-noUpm
-name
AssetImportWorker0
-projectPath
C:/Users/joell/OneDrive/Desktop/Boardgames/Boardgames/Belletje Trek
-logFile
Logs/AssetImportWorker0.log
-srvPort
56576
Successfully changed project path to: C:/Users/joell/OneDrive/Desktop/Boardgames/Boardgames/Belletje Trek
C:/Users/joell/OneDrive/Desktop/Boardgames/Boardgames/Belletje Trek
[UnityMemory] Configuration Parameters - Can be set up in boot.config
    "memorysetup-bucket-allocator-granularity=16"
    "memorysetup-bucket-allocator-bucket-count=8"
    "memorysetup-bucket-allocator-block-size=33554432"
    "memorysetup-bucket-allocator-block-count=8"
    "memorysetup-main-allocator-block-size=16777216"
    "memorysetup-thread-allocator-block-size=16777216"
    "memorysetup-gfx-main-allocator-block-size=16777216"
    "memorysetup-gfx-thread-allocator-block-size=16777216"
    "memorysetup-cache-allocator-block-size=4194304"
    "memorysetup-typetree-allocator-block-size=2097152"
    "memorysetup-profiler-bucket-allocator-granularity=16"
    "memorysetup-profiler-bucket-allocator-bucket-count=8"
    "memorysetup-profiler-bucket-allocator-block-size=33554432"
    "memorysetup-profiler-bucket-allocator-block-count=8"
    "memorysetup-profiler-allocator-block-size=16777216"
    "memorysetup-profiler-editor-allocator-block-size=1048576"
    "memorysetup-temp-allocator-size-main=16777216"
    "memorysetup-job-temp-allocator-block-size=2097152"
    "memorysetup-job-temp-allocator-block-size-background=1048576"
    "memorysetup-job-temp-allocator-reduction-small-platforms=262144"
    "memorysetup-temp-allocator-size-background-worker=32768"
    "memorysetup-temp-allocator-size-job-worker=262144"
    "memorysetup-temp-allocator-size-preload-manager=33554432"
    "memorysetup-temp-allocator-size-nav-mesh-worker=65536"
    "memorysetup-temp-allocator-size-audio-worker=65536"
    "memorysetup-temp-allocator-size-cloud-worker=32768"
    "memorysetup-temp-allocator-size-gi-baking-worker=262144"
    "memorysetup-temp-allocator-size-gfx=262144"
Player connection [19680] Host "[IP] 192.168.68.112 [Port] 0 [Flags] 2 [Guid] 1277447980 [EditorId] 1277447980 [Version] 1048832 [Id] WindowsEditor(7,MSI) [Debug] 1 [PackageName] WindowsEditor [ProjectName] Editor" joined multi-casting on [225.0.0.222:54997]...

Player connection [19680] Host "[IP] 192.168.68.112 [Port] 0 [Flags] 2 [Guid] 1277447980 [EditorId] 1277447980 [Version] 1048832 [Id] WindowsEditor(7,MSI) [Debug] 1 [PackageName] WindowsEditor [ProjectName] Editor" joined alternative multi-casting on [225.0.0.222:34997]...

Refreshing native plugins compatible for Editor in 51.16 ms, found 3 plugins.
Preloading 0 native plugins for Editor in 0.00 ms.
Initialize engine version: 2021.3.18f1 (3129e69bc0c7)
[Subsystems] Discovering subsystems at path C:/Program Files/Unity/Hub/Editor/2021.3.18f1/Editor/Data/Resources/UnitySubsystems
[Subsystems] Discovering subsystems at path C:/Users/joell/OneDrive/Desktop/Boardgames/Boardgames/Belletje Trek/Assets
GfxDevice: creating device client; threaded=0; jobified=0
Direct3D:
    Version:  Direct3D 11.0 [level 11.1]
    Renderer: NVIDIA GeForce RTX 3070 Ti Laptop GPU (ID=0x24a0)
    Vendor:   NVIDIA
    VRAM:     8043 MB
    Driver:   30.0.15.1165
Initialize mono
Mono path[0] = 'C:/Program Files/Unity/Hub/Editor/2021.3.18f1/Editor/Data/Managed'
Mono path[1] = 'C:/Program Files/Unity/Hub/Editor/2021.3.18f1/Editor/Data/MonoBleedingEdge/lib/mono/unityjit-win32'
Mono config path = 'C:/Program Files/Unity/Hub/Editor/2021.3.18f1/Editor/Data/MonoBleedingEdge/etc'
Using monoOptions --debugger-agent=transport=dt_socket,embedding=1,server=y,suspend=n,address=127.0.0.1:56716
Begin MonoManager ReloadAssembly
Registering precompiled unity dll's ...
Register platform support module: C:/Program Files/Unity/Hub/Editor/2021.3.18f1/Editor/Data/PlaybackEngines/WindowsStandaloneSupport/UnityEditor.WindowsStandalone.Extensions.dll
Registered in 0.002384 seconds.
Native extension for WindowsStandalone target not found
Refreshing native plugins compatible for Editor in 51.89 ms, found 3 plugins.
Preloading 0 native plugins for Editor in 0.00 ms.
Mono: successfully reloaded assembly
- Completed reload, in  0.417 seconds
Domain Reload Profiling:
	ReloadAssembly (417ms)
		BeginReloadAssembly (48ms)
			ExecutionOrderSort (0ms)
			DisableScriptedObjects (0ms)
			BackupInstance (0ms)
			ReleaseScriptingObjects (0ms)
			CreateAndSetChildDomain (1ms)
		EndReloadAssembly (300ms)
			LoadAssemblies (47ms)
			RebuildTransferFunctionScriptingTraits (0ms)
			SetupTypeCache (66ms)
			ReleaseScriptCaches (0ms)
			RebuildScriptCaches (17ms)
			SetupLoadedEditorAssemblies (183ms)
				LogAssemblyErrors (0ms)
				InitializePlatformSupportModulesInManaged (5ms)
				SetLoadedEditorAssemblies (0ms)
				RefreshPlugins (52ms)
				BeforeProcessingInitializeOnLoad (1ms)
				ProcessInitializeOnLoadAttributes (94ms)
				ProcessInitializeOnLoadMethodAttributes (32ms)
				AfterProcessingInitializeOnLoad (0ms)
				EditorAssembliesLoaded (0ms)
			ExecutionOrderSort2 (0ms)
			AwakeInstancesAfterBackupRestoration (0ms)
Platform modules already initialized, skipping
Registering precompiled user dll's ...
Registered in 0.002437 seconds.
Begin MonoManager ReloadAssembly
Symbol file LoadedFromMemory doesn't match image C:\Users\joell\OneDrive\Desktop\Boardgames\Boardgames\Belletje Trek\Library\PackageCache\com.unity.visualscripting@1.8.0\Editor\VisualScripting.Core\Dependencies\YamlDotNet\Unity.VisualScripting.YamlDotNet.dll
Symbol file LoadedFromMemory doesn't match image C:\Users\joell\OneDrive\Desktop\Boardgames\Boardgames\Belletje Trek\Library\PackageCache\com.unity.visualscripting@1.8.0\Editor\VisualScripting.Core\Dependencies\DotNetZip\Unity.VisualScripting.IonicZip.dll
Native extension for WindowsStandalone target not found
Refreshing native plugins compatible for Editor in 0.42 ms, found 3 plugins.
Preloading 0 native plugins for Editor in 0.00 ms.
Mono: successfully reloaded assembly
- Completed reload, in  0.643 seconds
Domain Reload Profiling:
	ReloadAssembly (644ms)
		BeginReloadAssembly (69ms)
			ExecutionOrderSort (0ms)
			DisableScriptedObjects (4ms)
			BackupInstance (0ms)
			ReleaseScriptingObjects (0ms)
			CreateAndSetChildDomain (13ms)
		EndReloadAssembly (499ms)
			LoadAssemblies (49ms)
			RebuildTransferFunctionScriptingTraits (0ms)
			SetupTypeCache (167ms)
			ReleaseScriptCaches (0ms)
			RebuildScriptCaches (30ms)
			SetupLoadedEditorAssemblies (225ms)
				LogAssemblyErrors (0ms)
				InitializePlatformSupportModulesInManaged (3ms)
				SetLoadedEditorAssemblies (0ms)
				RefreshPlugins (0ms)
				BeforeProcessingInitializeOnLoad (48ms)
				ProcessInitializeOnLoadAttributes (157ms)
				ProcessInitializeOnLoadMethodAttributes (13ms)
				AfterProcessingInitializeOnLoad (3ms)
				EditorAssembliesLoaded (0ms)
			ExecutionOrderSort2 (0ms)
			AwakeInstancesAfterBackupRestoration (4ms)
Platform modules already initialized, skipping
========================================================================
Worker process is ready to serve import requests
Launched and connected shader compiler UnityShaderCompiler.exe after 0.07 seconds
Refreshing native plugins compatible for Editor in 0.45 ms, found 3 plugins.
Preloading 0 native plugins for Editor in 0.00 ms.
Unloading 3051 Unused Serialized files (Serialized files now loaded: 0)
Unloading 24 unused Assets / (113.6 KB). Loaded Objects now: 3512.
Memory consumption went from 108.2 MB to 108.1 MB.
Total: 2.305700 ms (FindLiveObjects: 0.174500 ms CreateObjectMapping: 0.074200 ms MarkObjects: 1.970200 ms  DeleteObjects: 0.086000 ms)

AssetImportParameters requested are different than current active one (requested -> active):
  custom:video-decoder-ogg-theora: a1e56fd34408186e4bbccfd4996cb3dc -> 
  custom:container-muxer-webm: aa71ff27fc2769a1b78a27578f13a17b -> 
  custom:container-demuxer-webm: 4f35f7cbe854078d1ac9338744f61a02 -> 
  custom:video-encoder-webm-vp8: eb34c28f22e8b96e1ab97ce403110664 -> 
  custom:audio-encoder-webm-vorbis: bf7c407c2cedff20999df2af8eb42d56 -> 
  custom:framework-win-MediaFoundation: 216162199b28c13a410421893ffa2e32 -> 
  custom:container-demuxer-ogg: 62fdf1f143b41e24485cea50d1cbac27 -> 
  custom:video-decoder-webm-vp8: 9c59270c3fd7afecdb556c50c9e8de78 -> 
  custom:audio-decoder-ogg-vorbis: bf7c407c2cedff20999df2af8eb42d56 -> 
========================================================================
Received Import Request.
  Time since last request: 92686.060258 seconds.
  path: Assets/Assets/Playground Low Poly
  artifactKey: Guid(61586e8dacc0a754a9413398fcc71500) Importer(815301076,1909f56bfc062723c751e8b465ee728b)
Start importing Assets/Assets/Playground Low Poly using Guid(61586e8dacc0a754a9413398fcc71500) Importer(815301076,1909f56bfc062723c751e8b465ee728b)  -> (artifact id: 'b6e351acdb42548b032fd198857b9876') in 0.018036 seconds 
========================================================================
Received Import Request.
  Time since last request: 1.295779 seconds.
  path: Assets/Assets/Playground
  artifactKey: Guid(61586e8dacc0a754a9413398fcc71500) Importer(815301076,1909f56bfc062723c751e8b465ee728b)
Start importing Assets/Assets/Playground using Guid(61586e8dacc0a754a9413398fcc71500) Importer(815301076,1909f56bfc062723c751e8b465ee728b)  -> (artifact id: '00d21438c48211db294b999c7d6786b0') in 0.012269 seconds 
========================================================================
Received Import Request.
  Time since last request: 5.377739 seconds.
  path: Assets/Assets/Playground/Prefabs
  artifactKey: Guid(ca46991f51b1485469af4dfc35a88f11) Importer(815301076,1909f56bfc062723c751e8b465ee728b)
Start importing Assets/Assets/Playground/Prefabs using Guid(ca46991f51b1485469af4dfc35a88f11) Importer(815301076,1909f56bfc062723c751e8b465ee728b)  -> (artifact id: '7c74441d69fd5eb9dac00079d08b26ed') in 0.011088 seconds 
========================================================================
Received Import Request.
  Time since last request: 0.057928 seconds.
  path: Assets/Assets/Playground/Prefabs/SM_Alcove_01.prefab
  artifactKey: Guid(30de34a35a4305c4498f476c8678d541) Importer(815301076,1909f56bfc062723c751e8b465ee728b)
Start importing Assets/Assets/Playground/Prefabs/SM_Alcove_01.prefab using Guid(30de34a35a4305c4498f476c8678d541) Importer(815301076,1909f56bfc062723c751e8b465ee728b)  -> (artifact id: 'd9c31934a42ace9ffcdac48bc7888952') in 0.175251 seconds 
========================================================================
Received Import Request.
  Time since last request: 0.000027 seconds.
  path: Assets/Assets/Playground/Prefabs/SM_Playground_02.prefab
  artifactKey: Guid(320e1716c0bedb84a91c9707981bd279) Importer(815301076,1909f56bfc062723c751e8b465ee728b)
Start importing Assets/Assets/Playground/Prefabs/SM_Playground_02.prefab using Guid(320e1716c0bedb84a91c9707981bd279) Importer(815301076,1909f56bfc062723c751e8b465ee728b)  -> (artifact id: 'd2e3002d9065700214ab986c1a6596d3') in 0.026803 seconds 
========================================================================
Received Import Request.
  Time since last request: 0.000027 seconds.
  path: Assets/Assets/Playground/Prefabs/SM_Flowers_02.prefab
  artifactKey: Guid(49d0e1a0411092349ab46bb76dd7e5b5) Importer(815301076,1909f56bfc062723c751e8b465ee728b)
Start importing Assets/Assets/Playground/Prefabs/SM_Flowers_02.prefab using Guid(49d0e1a0411092349ab46bb76dd7e5b5) Importer(815301076,1909f56bfc062723c751e8b465ee728b)  -> (artifact id: '63ac4f72dd4c15700e579fcc8cb421fa') in 0.020435 seconds 
========================================================================
Received Import Request.
  Time since last request: 0.000051 seconds.
  path: Assets/Assets/Playground/Prefabs/SM_Playground_05.prefab
  artifactKey: Guid(7a9b12c91eb11314eb8dbbeeb81b7593) Importer(815301076,1909f56bfc062723c751e8b465ee728b)
Start importing Assets/Assets/Playground/Prefabs/SM_Playground_05.prefab using Guid(7a9b12c91eb11314eb8dbbeeb81b7593) Importer(815301076,1909f56bfc062723c751e8b465ee728b)  -> (artifact id: '201f66fcfcdd7ea3c66904886dd2cc42') in 0.022244 seconds 
========================================================================
Received Import Request.
  Time since last request: 0.000018 seconds.
  path: Assets/Assets/Playground/Prefabs/SM_Railings_220.prefab
  artifactKey: Guid(20defdf087831834e9fe91491e024973) Importer(815301076,1909f56bfc062723c751e8b465ee728b)
Start importing Assets/Assets/Playground/Prefabs/SM_Railings_220.prefab using Guid(20defdf087831834e9fe91491e024973) Importer(815301076,1909f56bfc062723c751e8b465ee728b)  -> (artifact id: '32ff28fcf7adff72e61b8a0411cfbc3a') in 0.019421 seconds 
========================================================================
Received Import Request.
  Time since last request: 0.000017 seconds.
  path: Assets/Assets/Playground/Prefabs/SM_Grass_03.prefab
  artifactKey: Guid(a96ec426591c1a74b90aa643726f600d) Importer(815301076,1909f56bfc062723c751e8b465ee728b)
Start importing Assets/Assets/Playground/Prefabs/SM_Grass_03.prefab using Guid(a96ec426591c1a74b90aa643726f600d) Importer(815301076,1909f56bfc062723c751e8b465ee728b)  -> (artifact id: '4371e14cadcaa33948718a0d66aa39e2') in 0.021583 seconds 
========================================================================
Received Import Request.
  Time since last request: 0.000023 seconds.
  path: Assets/Assets/Playground/Prefabs/SM_Bench_02.prefab
  artifactKey: Guid(f69fa572bedaac24b813b2dd34fce7b0) Importer(815301076,1909f56bfc062723c751e8b465ee728b)
Start importing Assets/Assets/Playground/Prefabs/SM_Bench_02.prefab using Guid(f69fa572bedaac24b813b2dd34fce7b0) Importer(815301076,1909f56bfc062723c751e8b465ee728b)  -> (artifact id: 'f7b833cf2ec3ff9088230da8af3dcd90') in 0.019506 seconds 
========================================================================
Received Import Request.
  Time since last request: 0.000024 seconds.
  path: Assets/Assets/Playground/Prefabs/SM_Sandbox_02.prefab
  artifactKey: Guid(ee3d910545b206946a646dfdbb9b8c71) Importer(815301076,1909f56bfc062723c751e8b465ee728b)
Start importing Assets/Assets/Playground/Prefabs/SM_Sandbox_02.prefab using Guid(ee3d910545b206946a646dfdbb9b8c71) Importer(815301076,1909f56bfc062723c751e8b465ee728b)  -> (artifact id: '2b09791c79339f3b1bcce5d2a79d13da') in 0.017998 seconds 
========================================================================
Received Import Request.
  Time since last request: 0.000025 seconds.
  path: Assets/Assets/Playground/Prefabs/SM_Game_Stairs_01.prefab
  artifactKey: Guid(3b50afe5616a95e4d8fcb29f08b823fa) Importer(815301076,1909f56bfc062723c751e8b465ee728b)
Start importing Assets/Assets/Playground/Prefabs/SM_Game_Stairs_01.prefab using Guid(3b50afe5616a95e4d8fcb29f08b823fa) Importer(815301076,1909f56bfc062723c751e8b465ee728b)  -> (artifact id: 'de6cd98de0cc12fe7accc301bf11f7ab') in 0.022447 seconds 
========================================================================
Received Import Request.
  Time since last request: 0.000022 seconds.
  path: Assets/Assets/Playground/Prefabs/SM_Border_40.prefab
  artifactKey: Guid(f57df6306c27153428ccdaf4afc9067d) Importer(815301076,1909f56bfc062723c751e8b465ee728b)
Start importing Assets/Assets/Playground/Prefabs/SM_Border_40.prefab using Guid(f57df6306c27153428ccdaf4afc9067d) Importer(815301076,1909f56bfc062723c751e8b465ee728b)  -> (artifact id: '1ef72fc9d31248a34c0b5cc13d331ecb') in 0.016558 seconds 
========================================================================
Received Import Request.
  Time since last request: 0.000025 seconds.
  path: Assets/Assets/Playground/Prefabs/SM_Crossbar_Stairs_01.prefab
  artifactKey: Guid(0a01ce2f5c886ac469ab722a233b6650) Importer(815301076,1909f56bfc062723c751e8b465ee728b)
Start importing Assets/Assets/Playground/Prefabs/SM_Crossbar_Stairs_01.prefab using Guid(0a01ce2f5c886ac469ab722a233b6650) Importer(815301076,1909f56bfc062723c751e8b465ee728b)  -> (artifact id: '9d0bdac74ae32b4f7b62025fe907486b') in 0.029411 seconds 
========================================================================
Received Import Request.
  Time since last request: 0.000018 seconds.
  path: Assets/Assets/Playground/Prefabs/SM_Ball_01.prefab
  artifactKey: Guid(a6f5b2e09e2cfec45b1803180ac584d5) Importer(815301076,1909f56bfc062723c751e8b465ee728b)
Start importing Assets/Assets/Playground/Prefabs/SM_Ball_01.prefab using Guid(a6f5b2e09e2cfec45b1803180ac584d5) Importer(815301076,1909f56bfc062723c751e8b465ee728b)  -> (artifact id: '61b1baf6a51d6a90239d9a88191d965b') in 0.022561 seconds 
========================================================================
Received Import Request.
  Time since last request: 0.000067 seconds.
  path: Assets/Assets/Playground/Prefabs/SM_Border_100.prefab
  artifactKey: Guid(d3293ea4a24df1840bb80a59cf73ef0f) Importer(815301076,1909f56bfc062723c751e8b465ee728b)
Start importing Assets/Assets/Playground/Prefabs/SM_Border_100.prefab using Guid(d3293ea4a24df1840bb80a59cf73ef0f) Importer(815301076,1909f56bfc062723c751e8b465ee728b)  -> (artifact id: '7a8173110c60493b149b61e1b6998d4e') in 0.017358 seconds 
========================================================================
Received Import Request.
  Time since last request: 0.000018 seconds.
  path: Assets/Assets/Playground/Prefabs/SM_Grass_02.prefab
  artifactKey: Guid(e2947d46bde79124c82b000f57bf9ca1) Importer(815301076,1909f56bfc062723c751e8b465ee728b)
Start importing Assets/Assets/Playground/Prefabs/SM_Grass_02.prefab using Guid(e2947d46bde79124c82b000f57bf9ca1) Importer(815301076,1909f56bfc062723c751e8b465ee728b)  -> (artifact id: '3591ab6164a5c96c9efb9da6ae5b6273') in 0.016475 seconds 
========================================================================
Received Import Request.
  Time since last request: 0.000019 seconds.
  path: Assets/Assets/Playground/Prefabs/SM_Border_01.prefab
  artifactKey: Guid(e1b71672fd2c5ab41bb58d8c8bbb8469) Importer(815301076,1909f56bfc062723c751e8b465ee728b)
Start importing Assets/Assets/Playground/Prefabs/SM_Border_01.prefab using Guid(e1b71672fd2c5ab41bb58d8c8bbb8469) Importer(815301076,1909f56bfc062723c751e8b465ee728b)  -> (artifact id: 'e2fb6999e83bfc27e92f62e7bac424d1') in 0.015331 seconds 
========================================================================
Received Import Request.
  Time since last request: 0.000027 seconds.
  path: Assets/Assets/Playground/Prefabs/SM_Chair_02.prefab
  artifactKey: Guid(f9c7a0fb35d0caf4ca51e7ca6fc9a87a) Importer(815301076,1909f56bfc062723c751e8b465ee728b)
Start importing Assets/Assets/Playground/Prefabs/SM_Chair_02.prefab using Guid(f9c7a0fb35d0caf4ca51e7ca6fc9a87a) Importer(815301076,1909f56bfc062723c751e8b465ee728b)  -> (artifact id: 'ac826f6ad7519ee982f72d8d7b795578') in 0.014762 seconds 
========================================================================
Received Import Request.
  Time since last request: 0.000038 seconds.
  path: Assets/Assets/Playground/Prefabs/SM_Bench_01.prefab
  artifactKey: Guid(4383a2e5cb59a9a47b88d999c2299e4a) Importer(815301076,1909f56bfc062723c751e8b465ee728b)
Start importing Assets/Assets/Playground/Prefabs/SM_Bench_01.prefab using Guid(4383a2e5cb59a9a47b88d999c2299e4a) Importer(815301076,1909f56bfc062723c751e8b465ee728b)  -> (artifact id: 'f67e88b1acededf02e4c3bb888eb1ea6') in 0.014573 seconds 
========================================================================
Received Import Request.
  Time since last request: 0.963757 seconds.
  path: Assets/Assets/Playground/Prefabs/SM_Sandbox_03.prefab
  artifactKey: Guid(f0badc85adb9b744ea1894728e94ef2f) Importer(815301076,1909f56bfc062723c751e8b465ee728b)
Start importing Assets/Assets/Playground/Prefabs/SM_Sandbox_03.prefab using Guid(f0badc85adb9b744ea1894728e94ef2f) Importer(815301076,1909f56bfc062723c751e8b465ee728b)  -> (artifact id: 'ddb5bed60d3d0a432bd2b8db22a07559') in 0.015511 seconds 
========================================================================
Received Import Request.
  Time since last request: 0.000029 seconds.
  path: Assets/Assets/Playground/Prefabs/SM_Stone_02.prefab
  artifactKey: Guid(9e065b028a5d26a43b4157d88572f54d) Importer(815301076,1909f56bfc062723c751e8b465ee728b)
Start importing Assets/Assets/Playground/Prefabs/SM_Stone_02.prefab using Guid(9e065b028a5d26a43b4157d88572f54d) Importer(815301076,1909f56bfc062723c751e8b465ee728b)  -> (artifact id: '4125dc894fd618ebcf3c5f63f6bc080a') in 0.014877 seconds 
========================================================================
Received Import Request.
  Time since last request: 0.000022 seconds.
  path: Assets/Assets/Playground/Prefabs/SM_Swings_03.prefab
  artifactKey: Guid(16d4c257c40500540bf530cf3ca1ae27) Importer(815301076,1909f56bfc062723c751e8b465ee728b)
Start importing Assets/Assets/Playground/Prefabs/SM_Swings_03.prefab using Guid(16d4c257c40500540bf530cf3ca1ae27) Importer(815301076,1909f56bfc062723c751e8b465ee728b)  -> (artifact id: 'e0c465d3a49117f63b95560211257aaf') in 0.014557 seconds 
========================================================================
Received Import Request.
  Time since last request: 0.000028 seconds.
  path: Assets/Assets/Playground/Prefabs/SM_Swings_02.prefab
  artifactKey: Guid(44239bcf89012c540843eb92d48b4351) Importer(815301076,1909f56bfc062723c751e8b465ee728b)
Start importing Assets/Assets/Playground/Prefabs/SM_Swings_02.prefab using Guid(44239bcf89012c540843eb92d48b4351) Importer(815301076,1909f56bfc062723c751e8b465ee728b)  -> (artifact id: 'b42d5a9de03fc187b54332355a925683') in 0.014146 seconds 
========================================================================
Received Import Request.
  Time since last request: 0.000027 seconds.
  path: Assets/Assets/Playground/Prefabs/SM_Table_02.prefab
  artifactKey: Guid(12052b0eb059abf42a1c6ce6208507dc) Importer(815301076,1909f56bfc062723c751e8b465ee728b)
Start importing Assets/Assets/Playground/Prefabs/SM_Table_02.prefab using Guid(12052b0eb059abf42a1c6ce6208507dc) Importer(815301076,1909f56bfc062723c751e8b465ee728b)  -> (artifact id: 'fa6ca0a90289d2550bef21b8614121e7') in 0.014048 seconds 
========================================================================
Received Import Request.
  Time since last request: 0.000029 seconds.
  path: Assets/Assets/Playground/Prefabs/SM_Stone_01.prefab
  artifactKey: Guid(fe8749275d701b4418ca6a811ea83976) Importer(815301076,1909f56bfc062723c751e8b465ee728b)
Start importing Assets/Assets/Playground/Prefabs/SM_Stone_01.prefab using Guid(fe8749275d701b4418ca6a811ea83976) Importer(815301076,1909f56bfc062723c751e8b465ee728b)  -> (artifact id: '72a2377460b3d9d76bdccef79049e91d') in 0.016642 seconds 
Editor requested this worker to shutdown with reason: Scaling down because of idle timeout
AssetImportWorker is now disconnected from the server
Process exiting
Exiting without the bug reporter. Application will terminate with return code 0