Using pre-set license
Built from '2021.3/staging' branch; Version is '2021.3.18f1 (3129e69bc0c7) revision 3221990'; Using compiler version '192829333'; Build Type 'Release'
OS: 'Windows 11  (10.0.22621) 64bit Core' Language: 'en' Physical Memory: 16088 MB
BatchMode: 1, IsHumanControllingUs: 0, StartBugReporterOnCrash: 0, Is64bit: 1, IsPro: 1

COMMAND LINE ARGUMENTS:
C:\Program Files\Unity\Hub\Editor\2021.3.18f1\Editor\Unity.exe
-adb2
-batchMode
-noUpm
-name
AssetImportWorker5
-projectPath
C:/Users/joell/OneDrive/Desktop/Boardgames/Boardgames/Belletje Trek
-logFile
Logs/AssetImportWorker5.log
-srvPort
59496
Successfully changed project path to: C:/Users/joell/OneDrive/Desktop/Boardgames/Boardgames/Belletje Trek
C:/Users/joell/OneDrive/Desktop/Boardgames/Boardgames/Belletje Trek
[UnityMemory] Configuration Parameters - Can be set up in boot.config
    "memorysetup-bucket-allocator-granularity=16"
    "memorysetup-bucket-allocator-bucket-count=8"
    "memorysetup-bucket-allocator-block-size=33554432"
    "memorysetup-bucket-allocator-block-count=8"
    "memorysetup-main-allocator-block-size=16777216"
    "memorysetup-thread-allocator-block-size=16777216"
    "memorysetup-gfx-main-allocator-block-size=16777216"
    "memorysetup-gfx-thread-allocator-block-size=16777216"
    "memorysetup-cache-allocator-block-size=4194304"
    "memorysetup-typetree-allocator-block-size=2097152"
    "memorysetup-profiler-bucket-allocator-granularity=16"
    "memorysetup-profiler-bucket-allocator-bucket-count=8"
    "memorysetup-profiler-bucket-allocator-block-size=33554432"
    "memorysetup-profiler-bucket-allocator-block-count=8"
    "memorysetup-profiler-allocator-block-size=16777216"
    "memorysetup-profiler-editor-allocator-block-size=1048576"
    "memorysetup-temp-allocator-size-main=16777216"
    "memorysetup-job-temp-allocator-block-size=2097152"
    "memorysetup-job-temp-allocator-block-size-background=1048576"
    "memorysetup-job-temp-allocator-reduction-small-platforms=262144"
    "memorysetup-temp-allocator-size-background-worker=32768"
    "memorysetup-temp-allocator-size-job-worker=262144"
    "memorysetup-temp-allocator-size-preload-manager=33554432"
    "memorysetup-temp-allocator-size-nav-mesh-worker=65536"
    "memorysetup-temp-allocator-size-audio-worker=65536"
    "memorysetup-temp-allocator-size-cloud-worker=32768"
    "memorysetup-temp-allocator-size-gi-baking-worker=262144"
    "memorysetup-temp-allocator-size-gfx=262144"
Player connection [20804] Host "[IP] 192.168.68.112 [Port] 0 [Flags] 2 [Guid] 2835172038 [EditorId] 2835172038 [Version] 1048832 [Id] WindowsEditor(7,MSI) [Debug] 1 [PackageName] WindowsEditor [ProjectName] Editor" joined multi-casting on [225.0.0.222:54997]...

Player connection [20804] Host "[IP] 192.168.68.112 [Port] 0 [Flags] 2 [Guid] 2835172038 [EditorId] 2835172038 [Version] 1048832 [Id] WindowsEditor(7,MSI) [Debug] 1 [PackageName] WindowsEditor [ProjectName] Editor" joined alternative multi-casting on [225.0.0.222:34997]...

Refreshing native plugins compatible for Editor in 61.09 ms, found 3 plugins.
Preloading 0 native plugins for Editor in 0.00 ms.
Initialize engine version: 2021.3.18f1 (3129e69bc0c7)
[Subsystems] Discovering subsystems at path C:/Program Files/Unity/Hub/Editor/2021.3.18f1/Editor/Data/Resources/UnitySubsystems
[Subsystems] Discovering subsystems at path C:/Users/joell/OneDrive/Desktop/Boardgames/Boardgames/Belletje Trek/Assets
GfxDevice: creating device client; threaded=0; jobified=0
Direct3D:
    Version:  Direct3D 11.0 [level 11.1]
    Renderer: NVIDIA GeForce RTX 3070 Ti Laptop GPU (ID=0x24a0)
    Vendor:   NVIDIA
    VRAM:     8043 MB
    Driver:   30.0.15.1165
Initialize mono
Mono path[0] = 'C:/Program Files/Unity/Hub/Editor/2021.3.18f1/Editor/Data/Managed'
Mono path[1] = 'C:/Program Files/Unity/Hub/Editor/2021.3.18f1/Editor/Data/MonoBleedingEdge/lib/mono/unityjit-win32'
Mono config path = 'C:/Program Files/Unity/Hub/Editor/2021.3.18f1/Editor/Data/MonoBleedingEdge/etc'
Using monoOptions --debugger-agent=transport=dt_socket,embedding=1,server=y,suspend=n,address=127.0.0.1:56084
Begin MonoManager ReloadAssembly
Registering precompiled unity dll's ...
Register platform support module: C:/Program Files/Unity/Hub/Editor/2021.3.18f1/Editor/Data/PlaybackEngines/WindowsStandaloneSupport/UnityEditor.WindowsStandalone.Extensions.dll
Registered in 0.002226 seconds.
Native extension for WindowsStandalone target not found
Refreshing native plugins compatible for Editor in 49.50 ms, found 3 plugins.
Preloading 0 native plugins for Editor in 0.00 ms.
Mono: successfully reloaded assembly
- Completed reload, in  0.425 seconds
Domain Reload Profiling:
	ReloadAssembly (425ms)
		BeginReloadAssembly (51ms)
			ExecutionOrderSort (0ms)
			DisableScriptedObjects (0ms)
			BackupInstance (0ms)
			ReleaseScriptingObjects (0ms)
			CreateAndSetChildDomain (1ms)
		EndReloadAssembly (305ms)
			LoadAssemblies (50ms)
			RebuildTransferFunctionScriptingTraits (0ms)
			SetupTypeCache (70ms)
			ReleaseScriptCaches (0ms)
			RebuildScriptCaches (18ms)
			SetupLoadedEditorAssemblies (182ms)
				LogAssemblyErrors (0ms)
				InitializePlatformSupportModulesInManaged (5ms)
				SetLoadedEditorAssemblies (0ms)
				RefreshPlugins (50ms)
				BeforeProcessingInitializeOnLoad (1ms)
				ProcessInitializeOnLoadAttributes (95ms)
				ProcessInitializeOnLoadMethodAttributes (31ms)
				AfterProcessingInitializeOnLoad (0ms)
				EditorAssembliesLoaded (0ms)
			ExecutionOrderSort2 (0ms)
			AwakeInstancesAfterBackupRestoration (0ms)
Platform modules already initialized, skipping
Registering precompiled user dll's ...
Registered in 0.002607 seconds.
Begin MonoManager ReloadAssembly
Symbol file LoadedFromMemory doesn't match image C:\Users\joell\OneDrive\Desktop\Boardgames\Boardgames\Belletje Trek\Library\PackageCache\com.unity.visualscripting@1.8.0\Editor\VisualScripting.Core\Dependencies\YamlDotNet\Unity.VisualScripting.YamlDotNet.dll
Symbol file LoadedFromMemory doesn't match image C:\Users\joell\OneDrive\Desktop\Boardgames\Boardgames\Belletje Trek\Library\PackageCache\com.unity.visualscripting@1.8.0\Editor\VisualScripting.Core\Dependencies\DotNetZip\Unity.VisualScripting.IonicZip.dll
Native extension for WindowsStandalone target not found
Refreshing native plugins compatible for Editor in 0.43 ms, found 3 plugins.
Preloading 0 native plugins for Editor in 0.00 ms.
Mono: successfully reloaded assembly
- Completed reload, in  0.651 seconds
Domain Reload Profiling:
	ReloadAssembly (651ms)
		BeginReloadAssembly (73ms)
			ExecutionOrderSort (0ms)
			DisableScriptedObjects (3ms)
			BackupInstance (0ms)
			ReleaseScriptingObjects (0ms)
			CreateAndSetChildDomain (14ms)
		EndReloadAssembly (504ms)
			LoadAssemblies (52ms)
			RebuildTransferFunctionScriptingTraits (0ms)
			SetupTypeCache (170ms)
			ReleaseScriptCaches (0ms)
			RebuildScriptCaches (31ms)
			SetupLoadedEditorAssemblies (224ms)
				LogAssemblyErrors (0ms)
				InitializePlatformSupportModulesInManaged (3ms)
				SetLoadedEditorAssemblies (0ms)
				RefreshPlugins (0ms)
				BeforeProcessingInitializeOnLoad (49ms)
				ProcessInitializeOnLoadAttributes (153ms)
				ProcessInitializeOnLoadMethodAttributes (14ms)
				AfterProcessingInitializeOnLoad (4ms)
				EditorAssembliesLoaded (0ms)
			ExecutionOrderSort2 (0ms)
			AwakeInstancesAfterBackupRestoration (5ms)
Platform modules already initialized, skipping
========================================================================
Worker process is ready to serve import requests
Launched and connected shader compiler UnityShaderCompiler.exe after 0.04 seconds
Refreshing native plugins compatible for Editor in 0.46 ms, found 3 plugins.
Preloading 0 native plugins for Editor in 0.00 ms.
Unloading 3051 Unused Serialized files (Serialized files now loaded: 0)
Unloading 24 unused Assets / (114.0 KB). Loaded Objects now: 3511.
Memory consumption went from 107.9 MB to 107.8 MB.
Total: 2.242800 ms (FindLiveObjects: 0.215900 ms CreateObjectMapping: 0.104400 ms MarkObjects: 1.822200 ms  DeleteObjects: 0.099500 ms)

AssetImportParameters requested are different than current active one (requested -> active):
  custom:video-decoder-ogg-theora: a1e56fd34408186e4bbccfd4996cb3dc -> 
  custom:container-muxer-webm: aa71ff27fc2769a1b78a27578f13a17b -> 
  custom:container-demuxer-webm: 4f35f7cbe854078d1ac9338744f61a02 -> 
  custom:video-encoder-webm-vp8: eb34c28f22e8b96e1ab97ce403110664 -> 
  custom:audio-encoder-webm-vorbis: bf7c407c2cedff20999df2af8eb42d56 -> 
  custom:framework-win-MediaFoundation: 216162199b28c13a410421893ffa2e32 -> 
  custom:container-demuxer-ogg: 62fdf1f143b41e24485cea50d1cbac27 -> 
  custom:video-decoder-webm-vp8: 9c59270c3fd7afecdb556c50c9e8de78 -> 
  custom:audio-decoder-ogg-vorbis: bf7c407c2cedff20999df2af8eb42d56 -> 
========================================================================
Received Import Request.
  Time since last request: 39492.257233 seconds.
  path: Assets/Assets/HousePack/Models/House10/Materials/map2.mat
  artifactKey: Guid(480217b228eaab74faf96faac60f508c) Importer(815301076,1909f56bfc062723c751e8b465ee728b)
Start importing Assets/Assets/HousePack/Models/House10/Materials/map2.mat using Guid(480217b228eaab74faf96faac60f508c) Importer(815301076,1909f56bfc062723c751e8b465ee728b)  -> (artifact id: 'ddbfb4a24a297891551b36689baa9d72') in 0.194361 seconds 
========================================================================
Received Import Request.
  Time since last request: 0.404596 seconds.
  path: Assets/Assets/HousePack/Models/House3/Materials/map3.mat
  artifactKey: Guid(2c2ec3e083addaf4ba75d36f775814b5) Importer(815301076,1909f56bfc062723c751e8b465ee728b)
Start importing Assets/Assets/HousePack/Models/House3/Materials/map3.mat using Guid(2c2ec3e083addaf4ba75d36f775814b5) Importer(815301076,1909f56bfc062723c751e8b465ee728b)  -> (artifact id: 'ef82a49d00f35b0b4486cdd83501b8e9') in 0.019150 seconds 
========================================================================
Received Import Request.
  Time since last request: 0.000039 seconds.
  path: Assets/Assets/HousePack/Models/House6/Materials/map3.mat
  artifactKey: Guid(3d8a77de374be564fb3c2b6db95a8c70) Importer(815301076,1909f56bfc062723c751e8b465ee728b)
Start importing Assets/Assets/HousePack/Models/House6/Materials/map3.mat using Guid(3d8a77de374be564fb3c2b6db95a8c70) Importer(815301076,1909f56bfc062723c751e8b465ee728b)  -> (artifact id: 'c27aabeaceb52d576df06e30b9c0340d') in 0.011629 seconds 
========================================================================
Received Import Request.
  Time since last request: 0.707188 seconds.
  path: Assets/Assets/HousePack/Models/House5/Materials/map4.mat
  artifactKey: Guid(a4f106550c72a9741b3c9c4038b2c103) Importer(815301076,1909f56bfc062723c751e8b465ee728b)
Start importing Assets/Assets/HousePack/Models/House5/Materials/map4.mat using Guid(a4f106550c72a9741b3c9c4038b2c103) Importer(815301076,1909f56bfc062723c751e8b465ee728b)  -> (artifact id: '0237b50ede6ed6fb0efcb848dae64013') in 0.025976 seconds 
========================================================================
Received Import Request.
  Time since last request: 0.000030 seconds.
  path: Assets/Assets/HousePack/Models/House1/Materials/map4.mat
  artifactKey: Guid(ec5d985428b46804483a80c2ed4ad9c5) Importer(815301076,1909f56bfc062723c751e8b465ee728b)
Start importing Assets/Assets/HousePack/Models/House1/Materials/map4.mat using Guid(ec5d985428b46804483a80c2ed4ad9c5) Importer(815301076,1909f56bfc062723c751e8b465ee728b)  -> (artifact id: '5130b9fcf07b7f2604a8679157858233') in 0.018253 seconds 
========================================================================
Received Import Request.
  Time since last request: 0.095683 seconds.
  path: Assets/Assets/HousePack/Models/House10/Materials/map5.mat
  artifactKey: Guid(b5a00416f9f0f80449e517ea1272f7f9) Importer(815301076,1909f56bfc062723c751e8b465ee728b)
Start importing Assets/Assets/HousePack/Models/House10/Materials/map5.mat using Guid(b5a00416f9f0f80449e517ea1272f7f9) Importer(815301076,1909f56bfc062723c751e8b465ee728b)  -> (artifact id: 'ffabe4b425ca270324b7b45e2b4dbe76') in 0.028054 seconds 
========================================================================
Received Import Request.
  Time since last request: 0.000038 seconds.
  path: Assets/Assets/HousePack/Models/House3/Materials/map6.mat
  artifactKey: Guid(0bbffc8d843ae514ca7f8ee0d91c0561) Importer(815301076,1909f56bfc062723c751e8b465ee728b)
Start importing Assets/Assets/HousePack/Models/House3/Materials/map6.mat using Guid(0bbffc8d843ae514ca7f8ee0d91c0561) Importer(815301076,1909f56bfc062723c751e8b465ee728b)  -> (artifact id: '686a488e9642d984e3a6f397ca9f14c2') in 0.024910 seconds 
========================================================================
Received Import Request.
  Time since last request: 1.066950 seconds.
  path: Assets/Assets/HousePack/Models/House2/Materials/map6.mat
  artifactKey: Guid(fbd46e7434d1851499d0f7d1b0c4dd96) Importer(815301076,1909f56bfc062723c751e8b465ee728b)
Start importing Assets/Assets/HousePack/Models/House2/Materials/map6.mat using Guid(fbd46e7434d1851499d0f7d1b0c4dd96) Importer(815301076,1909f56bfc062723c751e8b465ee728b)  -> (artifact id: '35892ed01fc00272facd9ccf8861b78a') in 0.011586 seconds 
========================================================================
Received Import Request.
  Time since last request: 0.000015 seconds.
  path: Assets/Assets/HousePack/Models/House8/Materials/map7.mat
  artifactKey: Guid(fb1d3730cdae94744a2b04d1b99a3654) Importer(815301076,1909f56bfc062723c751e8b465ee728b)
Start importing Assets/Assets/HousePack/Models/House8/Materials/map7.mat using Guid(fb1d3730cdae94744a2b04d1b99a3654) Importer(815301076,1909f56bfc062723c751e8b465ee728b)  -> (artifact id: 'c2c4be3500a86a3a3d376a3fd47d8855') in 0.007840 seconds 
========================================================================
Received Import Request.
  Time since last request: 0.000019 seconds.
  path: Assets/Assets/HousePack/Models/House2/Materials/map7.mat
  artifactKey: Guid(37f415439560e1949ab025943c98ad1e) Importer(815301076,1909f56bfc062723c751e8b465ee728b)
Start importing Assets/Assets/HousePack/Models/House2/Materials/map7.mat using Guid(37f415439560e1949ab025943c98ad1e) Importer(815301076,1909f56bfc062723c751e8b465ee728b)  -> (artifact id: '918f84ed90f030d8d23b0c057dcc429d') in 0.012839 seconds 
========================================================================
Received Import Request.
  Time since last request: 0.364022 seconds.
  path: Assets/Assets/HousePack/Models/House8/Materials/map8.mat
  artifactKey: Guid(a20514686c8d03c4fabf9a120e26f79c) Importer(815301076,1909f56bfc062723c751e8b465ee728b)
Start importing Assets/Assets/HousePack/Models/House8/Materials/map8.mat using Guid(a20514686c8d03c4fabf9a120e26f79c) Importer(815301076,1909f56bfc062723c751e8b465ee728b)  -> (artifact id: '8ef3dff3d256d75c85e5cb40da033651') in 0.019007 seconds 
========================================================================
Received Import Request.
  Time since last request: 0.000016 seconds.
  path: Assets/Assets/HousePack/Models/House6/Materials/map8.mat
  artifactKey: Guid(990e8c120349e91409407cde611ccba0) Importer(815301076,1909f56bfc062723c751e8b465ee728b)
Start importing Assets/Assets/HousePack/Models/House6/Materials/map8.mat using Guid(990e8c120349e91409407cde611ccba0) Importer(815301076,1909f56bfc062723c751e8b465ee728b)  -> (artifact id: 'bd6ff8e60c932cd70c53b5d3ab478969') in 0.012315 seconds 
========================================================================
Received Import Request.
  Time since last request: 0.468950 seconds.
  path: Assets/Assets/HousePack/Models/House3/Materials/map9.mat
  artifactKey: Guid(d6f5046aa6602f345971946e7ba7e517) Importer(815301076,1909f56bfc062723c751e8b465ee728b)
Start importing Assets/Assets/HousePack/Models/House3/Materials/map9.mat using Guid(d6f5046aa6602f345971946e7ba7e517) Importer(815301076,1909f56bfc062723c751e8b465ee728b)  -> (artifact id: '8726c911245839af2162f248d14c9a5c') in 0.014863 seconds 
========================================================================
Received Import Request.
  Time since last request: 0.000028 seconds.
  path: Assets/Assets/HousePack/Models/House2/Materials/map9.mat
  artifactKey: Guid(582625cf7fa6d9045923aa78b3b8cce0) Importer(815301076,1909f56bfc062723c751e8b465ee728b)
Start importing Assets/Assets/HousePack/Models/House2/Materials/map9.mat using Guid(582625cf7fa6d9045923aa78b3b8cce0) Importer(815301076,1909f56bfc062723c751e8b465ee728b)  -> (artifact id: '11ce4cde9efb87ba045901f603fb8f4c') in 0.013680 seconds 
========================================================================
Received Import Request.
  Time since last request: 0.000042 seconds.
  path: Assets/Assets/HousePack/Models/House9/Materials/map10.mat
  artifactKey: Guid(d93649dc1ec8edc4996ba23794677838) Importer(815301076,1909f56bfc062723c751e8b465ee728b)
Start importing Assets/Assets/HousePack/Models/House9/Materials/map10.mat using Guid(d93649dc1ec8edc4996ba23794677838) Importer(815301076,1909f56bfc062723c751e8b465ee728b)  -> (artifact id: 'f37fddb1f136efc4545028af9324c8e9') in 0.019256 seconds 
========================================================================
Received Import Request.
  Time since last request: 0.012781 seconds.
  path: Assets/Assets/HousePack/Models/House3/Materials/map10.mat
  artifactKey: Guid(0e0ea72c81afd6d47a9a5cba9562973c) Importer(815301076,1909f56bfc062723c751e8b465ee728b)
Start importing Assets/Assets/HousePack/Models/House3/Materials/map10.mat using Guid(0e0ea72c81afd6d47a9a5cba9562973c) Importer(815301076,1909f56bfc062723c751e8b465ee728b)  -> (artifact id: '50e94e11a40de01ef032dfd8be6b0cf6') in 0.014072 seconds 
========================================================================
Received Import Request.
  Time since last request: 0.000015 seconds.
  path: Assets/Assets/HousePack/Models/House10/Materials/map12.mat
  artifactKey: Guid(6d760f5c5929a15478f2af52f77a027b) Importer(815301076,1909f56bfc062723c751e8b465ee728b)
Start importing Assets/Assets/HousePack/Models/House10/Materials/map12.mat using Guid(6d760f5c5929a15478f2af52f77a027b) Importer(815301076,1909f56bfc062723c751e8b465ee728b)  -> (artifact id: '9a0e401d021ebe8537fc3edba5d8fdee') in 0.015039 seconds 
========================================================================
Received Import Request.
  Time since last request: 1.260611 seconds.
  path: Assets/Assets/HousePack/Models/House7/Materials/map13.mat
  artifactKey: Guid(a7f0ec0dae3916543993b4ac27781c44) Importer(815301076,1909f56bfc062723c751e8b465ee728b)
Start importing Assets/Assets/HousePack/Models/House7/Materials/map13.mat using Guid(a7f0ec0dae3916543993b4ac27781c44) Importer(815301076,1909f56bfc062723c751e8b465ee728b)  -> (artifact id: '66481ae7e6d205c4777a91cc411cb1ef') in 0.015944 seconds 
========================================================================
Received Import Request.
  Time since last request: 0.000024 seconds.
  path: Assets/Assets/HousePack/Models/House7/Materials/map15.mat
  artifactKey: Guid(442e3b0440f27974484edbdf60651fb6) Importer(815301076,1909f56bfc062723c751e8b465ee728b)
Start importing Assets/Assets/HousePack/Models/House7/Materials/map15.mat using Guid(442e3b0440f27974484edbdf60651fb6) Importer(815301076,1909f56bfc062723c751e8b465ee728b)  -> (artifact id: 'd6a3a6276864c24e0cfd1192b96eefdb') in 0.023676 seconds 
========================================================================
Received Import Request.
  Time since last request: 0.606542 seconds.
  path: Assets/Assets/HousePack/Models/House8/Materials/map18.mat
  artifactKey: Guid(bbebed51b6ac0cf4ea2120dad564a322) Importer(815301076,1909f56bfc062723c751e8b465ee728b)
Start importing Assets/Assets/HousePack/Models/House8/Materials/map18.mat using Guid(bbebed51b6ac0cf4ea2120dad564a322) Importer(815301076,1909f56bfc062723c751e8b465ee728b)  -> (artifact id: '1c90a0666a0fd03595c58c9b6344de05') in 0.034479 seconds 
========================================================================
Received Import Request.
  Time since last request: 1.544452 seconds.
  path: Assets/Assets/Fence/Mats/T1/V1_T1_S5.mat
  artifactKey: Guid(078edf659f7bbfd4497e2a464b310e4e) Importer(815301076,1909f56bfc062723c751e8b465ee728b)
Start importing Assets/Assets/Fence/Mats/T1/V1_T1_S5.mat using Guid(078edf659f7bbfd4497e2a464b310e4e) Importer(815301076,1909f56bfc062723c751e8b465ee728b)  -> (artifact id: 'ae3ca6556a2f01b0c8850702610f88e4') in 0.142103 seconds 
========================================================================
Received Import Request.
  Time since last request: 0.000023 seconds.
  path: Assets/Assets/Fence/Mats/T2/V1_T2_S4.mat
  artifactKey: Guid(0b878bafb7877fd46aa38fde586523b2) Importer(815301076,1909f56bfc062723c751e8b465ee728b)
Start importing Assets/Assets/Fence/Mats/T2/V1_T2_S4.mat using Guid(0b878bafb7877fd46aa38fde586523b2) Importer(815301076,1909f56bfc062723c751e8b465ee728b)  -> (artifact id: '62009336b2a6b93d63893b3a0748fb6a') in 0.054948 seconds 
========================================================================
Received Import Request.
  Time since last request: 0.000019 seconds.
  path: Assets/Assets/Fence/Mats/T2/V1_T2_S6.mat
  artifactKey: Guid(d482c9929e395d64f866927adf653efb) Importer(815301076,1909f56bfc062723c751e8b465ee728b)
Start importing Assets/Assets/Fence/Mats/T2/V1_T2_S6.mat using Guid(d482c9929e395d64f866927adf653efb) Importer(815301076,1909f56bfc062723c751e8b465ee728b)  -> (artifact id: '3b77b0381e27cd9d5c1506798cf8b384') in 0.092846 seconds 
========================================================================
Received Import Request.
  Time since last request: 368.244558 seconds.
  path: Assets/Assets/Resident/Prefabs/Man_02.prefab
  artifactKey: Guid(7ee9a881584999e498cd568894ff4b39) Importer(815301076,1909f56bfc062723c751e8b465ee728b)
Start importing Assets/Assets/Resident/Prefabs/Man_02.prefab using Guid(7ee9a881584999e498cd568894ff4b39) Importer(815301076,1909f56bfc062723c751e8b465ee728b)  -> (artifact id: '4bd5e133d7b4f402f4840574522c38ba') in 0.272770 seconds 
========================================================================
Received Import Request.
  Time since last request: 0.000033 seconds.
  path: Assets/Assets/Resident/Prefabs/Man_04.prefab
  artifactKey: Guid(889d24f8fc349cf45b463fb9b13b0143) Importer(815301076,1909f56bfc062723c751e8b465ee728b)
Start importing Assets/Assets/Resident/Prefabs/Man_04.prefab using Guid(889d24f8fc349cf45b463fb9b13b0143) Importer(815301076,1909f56bfc062723c751e8b465ee728b)  -> (artifact id: 'f40244137b7277d344084e5f2a2e475c') in 0.153558 seconds 
========================================================================
Received Import Request.
  Time since last request: 11.342806 seconds.
  path: Assets/Assets/Houses/Perfabs/House3.prefab
  artifactKey: Guid(840209b60d092704bbca286c6c0ac931) Importer(815301076,1909f56bfc062723c751e8b465ee728b)
Start importing Assets/Assets/Houses/Perfabs/House3.prefab using Guid(840209b60d092704bbca286c6c0ac931) Importer(815301076,1909f56bfc062723c751e8b465ee728b)  -> (artifact id: '99bfd1492bbbd780edf658f9414ede32') in 0.033176 seconds 
========================================================================
Received Import Request.
  Time since last request: 0.000038 seconds.
  path: Assets/Assets/Houses/Perfabs/House10.prefab
  artifactKey: Guid(2f66f74f1d9a5ea48beb0036581bc18d) Importer(815301076,1909f56bfc062723c751e8b465ee728b)
Start importing Assets/Assets/Houses/Perfabs/House10.prefab using Guid(2f66f74f1d9a5ea48beb0036581bc18d) Importer(815301076,1909f56bfc062723c751e8b465ee728b)  -> (artifact id: '617920bc353e84cb774594068396ed90') in 0.028910 seconds 
========================================================================
Received Import Request.
  Time since last request: 0.000034 seconds.
  path: Assets/Assets/Houses/Perfabs/House6.prefab
  artifactKey: Guid(a5300953c6462ed479f4e71b69fb4c78) Importer(815301076,1909f56bfc062723c751e8b465ee728b)
Start importing Assets/Assets/Houses/Perfabs/House6.prefab using Guid(a5300953c6462ed479f4e71b69fb4c78) Importer(815301076,1909f56bfc062723c751e8b465ee728b)  -> (artifact id: 'a78894c77057ce7b4bbc85bc804db0f8') in 0.032543 seconds 
========================================================================
Received Import Request.
  Time since last request: 0.000019 seconds.
  path: Assets/Assets/Houses/Perfabs/House9.prefab
  artifactKey: Guid(0ee3f20eba7c1414a8508d1965a6706a) Importer(815301076,1909f56bfc062723c751e8b465ee728b)
Start importing Assets/Assets/Houses/Perfabs/House9.prefab using Guid(0ee3f20eba7c1414a8508d1965a6706a) Importer(815301076,1909f56bfc062723c751e8b465ee728b)  -> (artifact id: '9e6b0e7f90a45ef982791423f90d86ec') in 0.036486 seconds 
Editor requested this worker to shutdown with reason: Scaling down because of idle timeout
AssetImportWorker is now disconnected from the server
Process exiting
Exiting without the bug reporter. Application will terminate with return code 0