Using pre-set license
Built from '2021.3/staging' branch; Version is '2021.3.18f1 (3129e69bc0c7) revision 3221990'; Using compiler version '192829333'; Build Type 'Release'
OS: 'Windows 11  (10.0.22621) 64bit Core' Language: 'en' Physical Memory: 16088 MB
BatchMode: 1, IsHumanControllingUs: 0, StartBugReporterOnCrash: 0, Is64bit: 1, IsPro: 1

COMMAND LINE ARGUMENTS:
C:\Program Files\Unity\Hub\Editor\2021.3.18f1\Editor\Unity.exe
-adb2
-batchMode
-noUpm
-name
AssetImportWorker6
-projectPath
C:/Users/joell/OneDrive/Desktop/Boardgames/Boardgames/Belletje Trek
-logFile
Logs/AssetImportWorker6.log
-srvPort
56576
Successfully changed project path to: C:/Users/joell/OneDrive/Desktop/Boardgames/Boardgames/Belletje Trek
C:/Users/joell/OneDrive/Desktop/Boardgames/Boardgames/Belletje Trek
[UnityMemory] Configuration Parameters - Can be set up in boot.config
    "memorysetup-bucket-allocator-granularity=16"
    "memorysetup-bucket-allocator-bucket-count=8"
    "memorysetup-bucket-allocator-block-size=33554432"
    "memorysetup-bucket-allocator-block-count=8"
    "memorysetup-main-allocator-block-size=16777216"
    "memorysetup-thread-allocator-block-size=16777216"
    "memorysetup-gfx-main-allocator-block-size=16777216"
    "memorysetup-gfx-thread-allocator-block-size=16777216"
    "memorysetup-cache-allocator-block-size=4194304"
    "memorysetup-typetree-allocator-block-size=2097152"
    "memorysetup-profiler-bucket-allocator-granularity=16"
    "memorysetup-profiler-bucket-allocator-bucket-count=8"
    "memorysetup-profiler-bucket-allocator-block-size=33554432"
    "memorysetup-profiler-bucket-allocator-block-count=8"
    "memorysetup-profiler-allocator-block-size=16777216"
    "memorysetup-profiler-editor-allocator-block-size=1048576"
    "memorysetup-temp-allocator-size-main=16777216"
    "memorysetup-job-temp-allocator-block-size=2097152"
    "memorysetup-job-temp-allocator-block-size-background=1048576"
    "memorysetup-job-temp-allocator-reduction-small-platforms=262144"
    "memorysetup-temp-allocator-size-background-worker=32768"
    "memorysetup-temp-allocator-size-job-worker=262144"
    "memorysetup-temp-allocator-size-preload-manager=33554432"
    "memorysetup-temp-allocator-size-nav-mesh-worker=65536"
    "memorysetup-temp-allocator-size-audio-worker=65536"
    "memorysetup-temp-allocator-size-cloud-worker=32768"
    "memorysetup-temp-allocator-size-gi-baking-worker=262144"
    "memorysetup-temp-allocator-size-gfx=262144"
Player connection [26768] Host "[IP] 192.168.68.112 [Port] 0 [Flags] 2 [Guid] 1144050328 [EditorId] 1144050328 [Version] 1048832 [Id] WindowsEditor(7,MSI) [Debug] 1 [PackageName] WindowsEditor [ProjectName] Editor" joined multi-casting on [225.0.0.222:54997]...

Player connection [26768] Host "[IP] 192.168.68.112 [Port] 0 [Flags] 2 [Guid] 1144050328 [EditorId] 1144050328 [Version] 1048832 [Id] WindowsEditor(7,MSI) [Debug] 1 [PackageName] WindowsEditor [ProjectName] Editor" joined alternative multi-casting on [225.0.0.222:34997]...

Refreshing native plugins compatible for Editor in 60.96 ms, found 3 plugins.
Preloading 0 native plugins for Editor in 0.00 ms.
Initialize engine version: 2021.3.18f1 (3129e69bc0c7)
[Subsystems] Discovering subsystems at path C:/Program Files/Unity/Hub/Editor/2021.3.18f1/Editor/Data/Resources/UnitySubsystems
[Subsystems] Discovering subsystems at path C:/Users/joell/OneDrive/Desktop/Boardgames/Boardgames/Belletje Trek/Assets
GfxDevice: creating device client; threaded=0; jobified=0
Direct3D:
    Version:  Direct3D 11.0 [level 11.1]
    Renderer: NVIDIA GeForce RTX 3070 Ti Laptop GPU (ID=0x24a0)
    Vendor:   NVIDIA
    VRAM:     8043 MB
    Driver:   30.0.15.1165
Initialize mono
Mono path[0] = 'C:/Program Files/Unity/Hub/Editor/2021.3.18f1/Editor/Data/Managed'
Mono path[1] = 'C:/Program Files/Unity/Hub/Editor/2021.3.18f1/Editor/Data/MonoBleedingEdge/lib/mono/unityjit-win32'
Mono config path = 'C:/Program Files/Unity/Hub/Editor/2021.3.18f1/Editor/Data/MonoBleedingEdge/etc'
Using monoOptions --debugger-agent=transport=dt_socket,embedding=1,server=y,suspend=n,address=127.0.0.1:56672
Begin MonoManager ReloadAssembly
Registering precompiled unity dll's ...
Register platform support module: C:/Program Files/Unity/Hub/Editor/2021.3.18f1/Editor/Data/PlaybackEngines/WindowsStandaloneSupport/UnityEditor.WindowsStandalone.Extensions.dll
Registered in 0.002273 seconds.
Native extension for WindowsStandalone target not found
Refreshing native plugins compatible for Editor in 52.38 ms, found 3 plugins.
Preloading 0 native plugins for Editor in 0.00 ms.
Mono: successfully reloaded assembly
- Completed reload, in  0.433 seconds
Domain Reload Profiling:
	ReloadAssembly (434ms)
		BeginReloadAssembly (44ms)
			ExecutionOrderSort (0ms)
			DisableScriptedObjects (0ms)
			BackupInstance (0ms)
			ReleaseScriptingObjects (0ms)
			CreateAndSetChildDomain (1ms)
		EndReloadAssembly (320ms)
			LoadAssemblies (43ms)
			RebuildTransferFunctionScriptingTraits (0ms)
			SetupTypeCache (71ms)
			ReleaseScriptCaches (0ms)
			RebuildScriptCaches (20ms)
			SetupLoadedEditorAssemblies (195ms)
				LogAssemblyErrors (0ms)
				InitializePlatformSupportModulesInManaged (6ms)
				SetLoadedEditorAssemblies (0ms)
				RefreshPlugins (52ms)
				BeforeProcessingInitializeOnLoad (1ms)
				ProcessInitializeOnLoadAttributes (98ms)
				ProcessInitializeOnLoadMethodAttributes (37ms)
				AfterProcessingInitializeOnLoad (0ms)
				EditorAssembliesLoaded (0ms)
			ExecutionOrderSort2 (0ms)
			AwakeInstancesAfterBackupRestoration (0ms)
Platform modules already initialized, skipping
Registering precompiled user dll's ...
Registered in 0.002610 seconds.
Begin MonoManager ReloadAssembly
Symbol file LoadedFromMemory doesn't match image C:\Users\joell\OneDrive\Desktop\Boardgames\Boardgames\Belletje Trek\Library\PackageCache\com.unity.visualscripting@1.8.0\Editor\VisualScripting.Core\Dependencies\YamlDotNet\Unity.VisualScripting.YamlDotNet.dll
Symbol file LoadedFromMemory doesn't match image C:\Users\joell\OneDrive\Desktop\Boardgames\Boardgames\Belletje Trek\Library\PackageCache\com.unity.visualscripting@1.8.0\Editor\VisualScripting.Core\Dependencies\DotNetZip\Unity.VisualScripting.IonicZip.dll
Native extension for WindowsStandalone target not found
Refreshing native plugins compatible for Editor in 0.52 ms, found 3 plugins.
Preloading 0 native plugins for Editor in 0.00 ms.
Mono: successfully reloaded assembly
- Completed reload, in  0.700 seconds
Domain Reload Profiling:
	ReloadAssembly (701ms)
		BeginReloadAssembly (71ms)
			ExecutionOrderSort (0ms)
			DisableScriptedObjects (4ms)
			BackupInstance (0ms)
			ReleaseScriptingObjects (0ms)
			CreateAndSetChildDomain (14ms)
		EndReloadAssembly (544ms)
			LoadAssemblies (48ms)
			RebuildTransferFunctionScriptingTraits (0ms)
			SetupTypeCache (182ms)
			ReleaseScriptCaches (0ms)
			RebuildScriptCaches (36ms)
			SetupLoadedEditorAssemblies (244ms)
				LogAssemblyErrors (0ms)
				InitializePlatformSupportModulesInManaged (4ms)
				SetLoadedEditorAssemblies (0ms)
				RefreshPlugins (1ms)
				BeforeProcessingInitializeOnLoad (53ms)
				ProcessInitializeOnLoadAttributes (166ms)
				ProcessInitializeOnLoadMethodAttributes (17ms)
				AfterProcessingInitializeOnLoad (3ms)
				EditorAssembliesLoaded (0ms)
			ExecutionOrderSort2 (0ms)
			AwakeInstancesAfterBackupRestoration (4ms)
Platform modules already initialized, skipping
========================================================================
Worker process is ready to serve import requests
Launched and connected shader compiler UnityShaderCompiler.exe after 0.03 seconds
Refreshing native plugins compatible for Editor in 0.79 ms, found 3 plugins.
Preloading 0 native plugins for Editor in 0.00 ms.
Unloading 3051 Unused Serialized files (Serialized files now loaded: 0)
Unloading 24 unused Assets / (113.6 KB). Loaded Objects now: 3512.
Memory consumption went from 108.2 MB to 108.1 MB.
Total: 2.710700 ms (FindLiveObjects: 0.269300 ms CreateObjectMapping: 0.180900 ms MarkObjects: 2.159600 ms  DeleteObjects: 0.099800 ms)

AssetImportParameters requested are different than current active one (requested -> active):
  custom:video-decoder-ogg-theora: a1e56fd34408186e4bbccfd4996cb3dc -> 
  custom:container-muxer-webm: aa71ff27fc2769a1b78a27578f13a17b -> 
  custom:container-demuxer-webm: 4f35f7cbe854078d1ac9338744f61a02 -> 
  custom:video-encoder-webm-vp8: eb34c28f22e8b96e1ab97ce403110664 -> 
  custom:audio-encoder-webm-vorbis: bf7c407c2cedff20999df2af8eb42d56 -> 
  custom:framework-win-MediaFoundation: 216162199b28c13a410421893ffa2e32 -> 
  custom:container-demuxer-ogg: 62fdf1f143b41e24485cea50d1cbac27 -> 
  custom:video-decoder-webm-vp8: 9c59270c3fd7afecdb556c50c9e8de78 -> 
  custom:audio-decoder-ogg-vorbis: bf7c407c2cedff20999df2af8eb42d56 -> 
========================================================================
Received Import Request.
  Time since last request: 93187.758133 seconds.
  path: Assets/Assets/Playground/Prefabs/SM_Tree_01.prefab
  artifactKey: Guid(6a3bea1dd0263bf43861bde07f3af72f) Importer(815301076,1909f56bfc062723c751e8b465ee728b)
Start importing Assets/Assets/Playground/Prefabs/SM_Tree_01.prefab using Guid(6a3bea1dd0263bf43861bde07f3af72f) Importer(815301076,1909f56bfc062723c751e8b465ee728b)  -> (artifact id: '9c927efd71af981b7fa0b395fdd05e6b') in 0.098130 seconds 
========================================================================
Received Import Request.
  Time since last request: 0.000021 seconds.
  path: Assets/Assets/Playground/Prefabs/SM_Tree_03.prefab
  artifactKey: Guid(ead76e3a9a32299448dfa6d8122b482e) Importer(815301076,1909f56bfc062723c751e8b465ee728b)
Start importing Assets/Assets/Playground/Prefabs/SM_Tree_03.prefab using Guid(ead76e3a9a32299448dfa6d8122b482e) Importer(815301076,1909f56bfc062723c751e8b465ee728b)  -> (artifact id: '33b7148f12e781e695ef17964f6141a3') in 0.023271 seconds 
========================================================================
Received Import Request.
  Time since last request: 54.416783 seconds.
  path: Assets/Assets/Fence/Prefab/T1/V1_T1_S3.prefab
  artifactKey: Guid(48667392d0f3a0840908c9cfde01c9ba) Importer(815301076,1909f56bfc062723c751e8b465ee728b)
Start importing Assets/Assets/Fence/Prefab/T1/V1_T1_S3.prefab using Guid(48667392d0f3a0840908c9cfde01c9ba) Importer(815301076,1909f56bfc062723c751e8b465ee728b)  -> (artifact id: 'cd2fa6894a9646d83eba6afaac40c58b') in 0.094494 seconds 
========================================================================
Received Import Request.
  Time since last request: 198.900301 seconds.
  path: Assets/Assets/Fence/Prefab/T1/V1_T1_S1.prefab
  artifactKey: Guid(92f8eae6b9cd89041adc44709b6a9791) Importer(815301076,1909f56bfc062723c751e8b465ee728b)
Start importing Assets/Assets/Fence/Prefab/T1/V1_T1_S1.prefab using Guid(92f8eae6b9cd89041adc44709b6a9791) Importer(815301076,1909f56bfc062723c751e8b465ee728b)  -> (artifact id: '8ce62bbc3ca872d421cc471a5e78ad59') in 0.033131 seconds 
========================================================================
Received Prepare
Registering precompiled user dll's ...
Registered in 0.002505 seconds.
Begin MonoManager ReloadAssembly
Symbol file LoadedFromMemory doesn't match image C:\Users\joell\OneDrive\Desktop\Boardgames\Boardgames\Belletje Trek\Library\PackageCache\com.unity.visualscripting@1.8.0\Editor\VisualScripting.Core\Dependencies\YamlDotNet\Unity.VisualScripting.YamlDotNet.dll
Symbol file LoadedFromMemory doesn't match image C:\Users\joell\OneDrive\Desktop\Boardgames\Boardgames\Belletje Trek\Library\PackageCache\com.unity.visualscripting@1.8.0\Editor\VisualScripting.Core\Dependencies\DotNetZip\Unity.VisualScripting.IonicZip.dll
Native extension for WindowsStandalone target not found
Refreshing native plugins compatible for Editor in 0.49 ms, found 3 plugins.
Preloading 0 native plugins for Editor in 0.00 ms.
Mono: successfully reloaded assembly
- Completed reload, in  0.679 seconds
Domain Reload Profiling:
	ReloadAssembly (679ms)
		BeginReloadAssembly (92ms)
			ExecutionOrderSort (0ms)
			DisableScriptedObjects (3ms)
			BackupInstance (0ms)
			ReleaseScriptingObjects (0ms)
			CreateAndSetChildDomain (27ms)
		EndReloadAssembly (524ms)
			LoadAssemblies (50ms)
			RebuildTransferFunctionScriptingTraits (0ms)
			SetupTypeCache (164ms)
			ReleaseScriptCaches (1ms)
			RebuildScriptCaches (33ms)
			SetupLoadedEditorAssemblies (235ms)
				LogAssemblyErrors (0ms)
				InitializePlatformSupportModulesInManaged (10ms)
				SetLoadedEditorAssemblies (1ms)
				RefreshPlugins (1ms)
				BeforeProcessingInitializeOnLoad (43ms)
				ProcessInitializeOnLoadAttributes (160ms)
				ProcessInitializeOnLoadMethodAttributes (16ms)
				AfterProcessingInitializeOnLoad (4ms)
				EditorAssembliesLoaded (0ms)
			ExecutionOrderSort2 (0ms)
			AwakeInstancesAfterBackupRestoration (5ms)
Platform modules already initialized, skipping
Refreshing native plugins compatible for Editor in 1.61 ms, found 3 plugins.
Preloading 0 native plugins for Editor in 0.00 ms.
Unloading 3046 Unused Serialized files (Serialized files now loaded: 0)
Unloading 17 unused Assets / (80.2 KB). Loaded Objects now: 3523.
Memory consumption went from 112.4 MB to 112.4 MB.
Total: 2.271900 ms (FindLiveObjects: 0.195900 ms CreateObjectMapping: 0.181800 ms MarkObjects: 1.824000 ms  DeleteObjects: 0.069400 ms)

AssetImportParameters requested are different than current active one (requested -> active):
  custom:video-decoder-ogg-theora: a1e56fd34408186e4bbccfd4996cb3dc -> 
  custom:container-muxer-webm: aa71ff27fc2769a1b78a27578f13a17b -> 
  custom:container-demuxer-webm: 4f35f7cbe854078d1ac9338744f61a02 -> 
  custom:video-encoder-webm-vp8: eb34c28f22e8b96e1ab97ce403110664 -> 
  custom:audio-encoder-webm-vorbis: bf7c407c2cedff20999df2af8eb42d56 -> 
  custom:framework-win-MediaFoundation: 216162199b28c13a410421893ffa2e32 -> 
  custom:container-demuxer-ogg: 62fdf1f143b41e24485cea50d1cbac27 -> 
  custom:video-decoder-webm-vp8: 9c59270c3fd7afecdb556c50c9e8de78 -> 
  custom:audio-decoder-ogg-vorbis: bf7c407c2cedff20999df2af8eb42d56 -> 
========================================================================
Received Prepare
Registering precompiled user dll's ...
Registered in 0.003112 seconds.
Begin MonoManager ReloadAssembly
Symbol file LoadedFromMemory doesn't match image C:\Users\joell\OneDrive\Desktop\Boardgames\Boardgames\Belletje Trek\Library\PackageCache\com.unity.visualscripting@1.8.0\Editor\VisualScripting.Core\Dependencies\YamlDotNet\Unity.VisualScripting.YamlDotNet.dll
Symbol file LoadedFromMemory doesn't match image C:\Users\joell\OneDrive\Desktop\Boardgames\Boardgames\Belletje Trek\Library\PackageCache\com.unity.visualscripting@1.8.0\Editor\VisualScripting.Core\Dependencies\DotNetZip\Unity.VisualScripting.IonicZip.dll
Native extension for WindowsStandalone target not found
Refreshing native plugins compatible for Editor in 0.42 ms, found 3 plugins.
Preloading 0 native plugins for Editor in 0.00 ms.
Mono: successfully reloaded assembly
- Completed reload, in  0.664 seconds
Domain Reload Profiling:
	ReloadAssembly (665ms)
		BeginReloadAssembly (96ms)
			ExecutionOrderSort (0ms)
			DisableScriptedObjects (4ms)
			BackupInstance (0ms)
			ReleaseScriptingObjects (0ms)
			CreateAndSetChildDomain (26ms)
		EndReloadAssembly (502ms)
			LoadAssemblies (55ms)
			RebuildTransferFunctionScriptingTraits (0ms)
			SetupTypeCache (171ms)
			ReleaseScriptCaches (1ms)
			RebuildScriptCaches (31ms)
			SetupLoadedEditorAssemblies (211ms)
				LogAssemblyErrors (0ms)
				InitializePlatformSupportModulesInManaged (8ms)
				SetLoadedEditorAssemblies (0ms)
				RefreshPlugins (0ms)
				BeforeProcessingInitializeOnLoad (43ms)
				ProcessInitializeOnLoadAttributes (144ms)
				ProcessInitializeOnLoadMethodAttributes (12ms)
				AfterProcessingInitializeOnLoad (3ms)
				EditorAssembliesLoaded (0ms)
			ExecutionOrderSort2 (0ms)
			AwakeInstancesAfterBackupRestoration (4ms)
Platform modules already initialized, skipping
Refreshing native plugins compatible for Editor in 1.24 ms, found 3 plugins.
Preloading 0 native plugins for Editor in 0.00 ms.
Unloading 3049 Unused Serialized files (Serialized files now loaded: 0)
Unloading 19 unused Assets / (0.8 MB). Loaded Objects now: 3527.
Memory consumption went from 113.4 MB to 112.6 MB.
Total: 2.409400 ms (FindLiveObjects: 0.174600 ms CreateObjectMapping: 0.070000 ms MarkObjects: 1.873200 ms  DeleteObjects: 0.290800 ms)

AssetImportParameters requested are different than current active one (requested -> active):
  custom:video-decoder-ogg-theora: a1e56fd34408186e4bbccfd4996cb3dc -> 
  custom:container-muxer-webm: aa71ff27fc2769a1b78a27578f13a17b -> 
  custom:container-demuxer-webm: 4f35f7cbe854078d1ac9338744f61a02 -> 
  custom:video-encoder-webm-vp8: eb34c28f22e8b96e1ab97ce403110664 -> 
  custom:audio-encoder-webm-vorbis: bf7c407c2cedff20999df2af8eb42d56 -> 
  custom:framework-win-MediaFoundation: 216162199b28c13a410421893ffa2e32 -> 
  custom:container-demuxer-ogg: 62fdf1f143b41e24485cea50d1cbac27 -> 
  custom:video-decoder-webm-vp8: 9c59270c3fd7afecdb556c50c9e8de78 -> 
  custom:audio-decoder-ogg-vorbis: bf7c407c2cedff20999df2af8eb42d56 -> 
========================================================================
Received Prepare
Registering precompiled user dll's ...
Registered in 0.004126 seconds.
Begin MonoManager ReloadAssembly
Symbol file LoadedFromMemory doesn't match image C:\Users\joell\OneDrive\Desktop\Boardgames\Boardgames\Belletje Trek\Library\PackageCache\com.unity.visualscripting@1.8.0\Editor\VisualScripting.Core\Dependencies\YamlDotNet\Unity.VisualScripting.YamlDotNet.dll
Symbol file LoadedFromMemory doesn't match image C:\Users\joell\OneDrive\Desktop\Boardgames\Boardgames\Belletje Trek\Library\PackageCache\com.unity.visualscripting@1.8.0\Editor\VisualScripting.Core\Dependencies\DotNetZip\Unity.VisualScripting.IonicZip.dll
Native extension for WindowsStandalone target not found
Refreshing native plugins compatible for Editor in 0.59 ms, found 3 plugins.
Preloading 0 native plugins for Editor in 0.00 ms.
Mono: successfully reloaded assembly
- Completed reload, in  0.664 seconds
Domain Reload Profiling:
	ReloadAssembly (664ms)
		BeginReloadAssembly (91ms)
			ExecutionOrderSort (0ms)
			DisableScriptedObjects (3ms)
			BackupInstance (0ms)
			ReleaseScriptingObjects (0ms)
			CreateAndSetChildDomain (23ms)
		EndReloadAssembly (509ms)
			LoadAssemblies (51ms)
			RebuildTransferFunctionScriptingTraits (0ms)
			SetupTypeCache (162ms)
			ReleaseScriptCaches (2ms)
			RebuildScriptCaches (30ms)
			SetupLoadedEditorAssemblies (233ms)
				LogAssemblyErrors (0ms)
				InitializePlatformSupportModulesInManaged (9ms)
				SetLoadedEditorAssemblies (0ms)
				RefreshPlugins (1ms)
				BeforeProcessingInitializeOnLoad (45ms)
				ProcessInitializeOnLoadAttributes (162ms)
				ProcessInitializeOnLoadMethodAttributes (12ms)
				AfterProcessingInitializeOnLoad (3ms)
				EditorAssembliesLoaded (0ms)
			ExecutionOrderSort2 (0ms)
			AwakeInstancesAfterBackupRestoration (4ms)
Platform modules already initialized, skipping
Refreshing native plugins compatible for Editor in 0.99 ms, found 3 plugins.
Preloading 0 native plugins for Editor in 0.00 ms.
Unloading 3049 Unused Serialized files (Serialized files now loaded: 0)
Unloading 19 unused Assets / (0.8 MB). Loaded Objects now: 3530.
Memory consumption went from 113.4 MB to 112.6 MB.
Total: 2.235800 ms (FindLiveObjects: 0.162800 ms CreateObjectMapping: 0.069300 ms MarkObjects: 1.749500 ms  DeleteObjects: 0.253600 ms)

AssetImportParameters requested are different than current active one (requested -> active):
  custom:video-decoder-ogg-theora: a1e56fd34408186e4bbccfd4996cb3dc -> 
  custom:container-muxer-webm: aa71ff27fc2769a1b78a27578f13a17b -> 
  custom:container-demuxer-webm: 4f35f7cbe854078d1ac9338744f61a02 -> 
  custom:video-encoder-webm-vp8: eb34c28f22e8b96e1ab97ce403110664 -> 
  custom:audio-encoder-webm-vorbis: bf7c407c2cedff20999df2af8eb42d56 -> 
  custom:framework-win-MediaFoundation: 216162199b28c13a410421893ffa2e32 -> 
  custom:container-demuxer-ogg: 62fdf1f143b41e24485cea50d1cbac27 -> 
  custom:video-decoder-webm-vp8: 9c59270c3fd7afecdb556c50c9e8de78 -> 
  custom:audio-decoder-ogg-vorbis: bf7c407c2cedff20999df2af8eb42d56 -> 
========================================================================
Received Import Request.
  Time since last request: 902.253126 seconds.
  path: Assets/Assets/GraveyardProps
  artifactKey: Guid(0043cb8c604fac141b4e0a4d4ccb00f4) Importer(815301076,1909f56bfc062723c751e8b465ee728b)
Start importing Assets/Assets/GraveyardProps using Guid(0043cb8c604fac141b4e0a4d4ccb00f4) Importer(815301076,1909f56bfc062723c751e8b465ee728b)  -> (artifact id: '612d0befb5c5ffebe0e64da29c7fd734') in 0.010905 seconds 
========================================================================
Received Import Request.
  Time since last request: 4.868494 seconds.
  path: Assets/Assets/Graves
  artifactKey: Guid(0043cb8c604fac141b4e0a4d4ccb00f4) Importer(815301076,1909f56bfc062723c751e8b465ee728b)
Start importing Assets/Assets/Graves using Guid(0043cb8c604fac141b4e0a4d4ccb00f4) Importer(815301076,1909f56bfc062723c751e8b465ee728b)  -> (artifact id: 'a1152a3b12542f4605777a4a5fafcdff') in 0.011341 seconds 
========================================================================
Received Prepare
Registering precompiled user dll's ...
Registered in 0.003442 seconds.
Begin MonoManager ReloadAssembly
Symbol file LoadedFromMemory doesn't match image C:\Users\joell\OneDrive\Desktop\Boardgames\Boardgames\Belletje Trek\Library\PackageCache\com.unity.visualscripting@1.8.0\Editor\VisualScripting.Core\Dependencies\YamlDotNet\Unity.VisualScripting.YamlDotNet.dll
Symbol file LoadedFromMemory doesn't match image C:\Users\joell\OneDrive\Desktop\Boardgames\Boardgames\Belletje Trek\Library\PackageCache\com.unity.visualscripting@1.8.0\Editor\VisualScripting.Core\Dependencies\DotNetZip\Unity.VisualScripting.IonicZip.dll
Native extension for WindowsStandalone target not found
Refreshing native plugins compatible for Editor in 0.53 ms, found 3 plugins.
Preloading 0 native plugins for Editor in 0.00 ms.
Mono: successfully reloaded assembly
- Completed reload, in  0.674 seconds
Domain Reload Profiling:
	ReloadAssembly (674ms)
		BeginReloadAssembly (88ms)
			ExecutionOrderSort (0ms)
			DisableScriptedObjects (3ms)
			BackupInstance (0ms)
			ReleaseScriptingObjects (0ms)
			CreateAndSetChildDomain (23ms)
		EndReloadAssembly (523ms)
			LoadAssemblies (51ms)
			RebuildTransferFunctionScriptingTraits (0ms)
			SetupTypeCache (180ms)
			ReleaseScriptCaches (1ms)
			RebuildScriptCaches (29ms)
			SetupLoadedEditorAssemblies (226ms)
				LogAssemblyErrors (0ms)
				InitializePlatformSupportModulesInManaged (10ms)
				SetLoadedEditorAssemblies (0ms)
				RefreshPlugins (1ms)
				BeforeProcessingInitializeOnLoad (46ms)
				ProcessInitializeOnLoadAttributes (153ms)
				ProcessInitializeOnLoadMethodAttributes (12ms)
				AfterProcessingInitializeOnLoad (4ms)
				EditorAssembliesLoaded (0ms)
			ExecutionOrderSort2 (0ms)
			AwakeInstancesAfterBackupRestoration (4ms)
Platform modules already initialized, skipping
Refreshing native plugins compatible for Editor in 0.96 ms, found 3 plugins.
Preloading 0 native plugins for Editor in 0.00 ms.
Unloading 3049 Unused Serialized files (Serialized files now loaded: 0)
Unloading 19 unused Assets / (0.8 MB). Loaded Objects now: 3533.
Memory consumption went from 113.5 MB to 112.6 MB.
Total: 2.279800 ms (FindLiveObjects: 0.197000 ms CreateObjectMapping: 0.066800 ms MarkObjects: 1.729900 ms  DeleteObjects: 0.285100 ms)

AssetImportParameters requested are different than current active one (requested -> active):
  custom:video-decoder-ogg-theora: a1e56fd34408186e4bbccfd4996cb3dc -> 
  custom:container-muxer-webm: aa71ff27fc2769a1b78a27578f13a17b -> 
  custom:container-demuxer-webm: 4f35f7cbe854078d1ac9338744f61a02 -> 
  custom:video-encoder-webm-vp8: eb34c28f22e8b96e1ab97ce403110664 -> 
  custom:audio-encoder-webm-vorbis: bf7c407c2cedff20999df2af8eb42d56 -> 
  custom:framework-win-MediaFoundation: 216162199b28c13a410421893ffa2e32 -> 
  custom:container-demuxer-ogg: 62fdf1f143b41e24485cea50d1cbac27 -> 
  custom:video-decoder-webm-vp8: 9c59270c3fd7afecdb556c50c9e8de78 -> 
  custom:audio-decoder-ogg-vorbis: bf7c407c2cedff20999df2af8eb42d56 -> 
========================================================================
Received Import Request.
  Time since last request: 3.902362 seconds.
  path: Assets/Assets/Graves/Prefabs
  artifactKey: Guid(9260073fbca92e340a3d829f4a04cdc2) Importer(815301076,1909f56bfc062723c751e8b465ee728b)
Start importing Assets/Assets/Graves/Prefabs using Guid(9260073fbca92e340a3d829f4a04cdc2) Importer(815301076,1909f56bfc062723c751e8b465ee728b)  -> (artifact id: 'cb1bd55273898f0879be0fff40202385') in 0.010226 seconds 
========================================================================
Received Import Request.
  Time since last request: 0.394698 seconds.
  path: Assets/Assets/Graves/Prefabs/CoffinTexture_1.prefab
  artifactKey: Guid(69d0285d3e4233a42aa512a92ce6aa5c) Importer(815301076,1909f56bfc062723c751e8b465ee728b)
Start importing Assets/Assets/Graves/Prefabs/CoffinTexture_1.prefab using Guid(69d0285d3e4233a42aa512a92ce6aa5c) Importer(815301076,1909f56bfc062723c751e8b465ee728b)  -> (artifact id: 'f85dd547ea3f13c109b1717540059a10') in 0.346058 seconds 
========================================================================
Received Import Request.
  Time since last request: 0.000028 seconds.
  path: Assets/Assets/Graves/Prefabs/TombDamaged_2.prefab
  artifactKey: Guid(0497ecf3129a58747b80eb599078b4ca) Importer(815301076,1909f56bfc062723c751e8b465ee728b)
Start importing Assets/Assets/Graves/Prefabs/TombDamaged_2.prefab using Guid(0497ecf3129a58747b80eb599078b4ca) Importer(815301076,1909f56bfc062723c751e8b465ee728b)  -> (artifact id: 'a2baa9dc23e4a2645227fcf1418b8e3e') in 0.019525 seconds 
========================================================================
Received Import Request.
  Time since last request: 0.000026 seconds.
  path: Assets/Assets/Graves/Prefabs/GraveType2_Damaged_2.prefab
  artifactKey: Guid(2e6602961f3b26843893714f5721908b) Importer(815301076,1909f56bfc062723c751e8b465ee728b)
Start importing Assets/Assets/Graves/Prefabs/GraveType2_Damaged_2.prefab using Guid(2e6602961f3b26843893714f5721908b) Importer(815301076,1909f56bfc062723c751e8b465ee728b)  -> (artifact id: 'e66004e6d4920e51645264905a57c602') in 0.022736 seconds 
========================================================================
Received Import Request.
  Time since last request: 0.000018 seconds.
  path: Assets/Assets/Graves/Prefabs/SkySphereDome.prefab
  artifactKey: Guid(ea287462a7f1e594cbb262a696262cdb) Importer(815301076,1909f56bfc062723c751e8b465ee728b)
Start importing Assets/Assets/Graves/Prefabs/SkySphereDome.prefab using Guid(ea287462a7f1e594cbb262a696262cdb) Importer(815301076,1909f56bfc062723c751e8b465ee728b)  -> (artifact id: 'fc1ca0b48ea0f3e5992835f87d83b03d') in 0.150824 seconds 
========================================================================
Received Import Request.
  Time since last request: 0.000017 seconds.
  path: Assets/Assets/Graves/Prefabs/GraveCircleCross_2.prefab
  artifactKey: Guid(592ec051d13f2bb4c904f622ab6b8367) Importer(815301076,1909f56bfc062723c751e8b465ee728b)
Start importing Assets/Assets/Graves/Prefabs/GraveCircleCross_2.prefab using Guid(592ec051d13f2bb4c904f622ab6b8367) Importer(815301076,1909f56bfc062723c751e8b465ee728b)  -> (artifact id: '45e3419229f07577975063b91f247525') in 0.019085 seconds 
========================================================================
Received Import Request.
  Time since last request: 0.000018 seconds.
  path: Assets/Assets/Graves/Prefabs/GraveType1_Damaged_2.prefab
  artifactKey: Guid(8ca5c868e16cec148b5a8319742e2964) Importer(815301076,1909f56bfc062723c751e8b465ee728b)
Start importing Assets/Assets/Graves/Prefabs/GraveType1_Damaged_2.prefab using Guid(8ca5c868e16cec148b5a8319742e2964) Importer(815301076,1909f56bfc062723c751e8b465ee728b)  -> (artifact id: '7b8ba27fba57758f724e2d514edd52f2') in 0.020370 seconds 
========================================================================
Received Import Request.
  Time since last request: 0.000021 seconds.
  path: Assets/Assets/Graves/Prefabs/GraveType5_VeryDamaged_2 1.prefab
  artifactKey: Guid(c7d5e0bc1766fce4fbac07e5437565de) Importer(815301076,1909f56bfc062723c751e8b465ee728b)
Start importing Assets/Assets/Graves/Prefabs/GraveType5_VeryDamaged_2 1.prefab using Guid(c7d5e0bc1766fce4fbac07e5437565de) Importer(815301076,1909f56bfc062723c751e8b465ee728b)  -> (artifact id: 'ee34e6d8ca0e2f4fcd1ef067f7580383') in 0.018681 seconds 
========================================================================
Received Import Request.
  Time since last request: 0.000046 seconds.
  path: Assets/Assets/Graves/Prefabs/GraveType2_VeryDamaged_2.prefab
  artifactKey: Guid(c403779650f6801468abfd7c712a875e) Importer(815301076,1909f56bfc062723c751e8b465ee728b)
Start importing Assets/Assets/Graves/Prefabs/GraveType2_VeryDamaged_2.prefab using Guid(c403779650f6801468abfd7c712a875e) Importer(815301076,1909f56bfc062723c751e8b465ee728b)  -> (artifact id: 'b3054fe35618db11e7a252a3afa0082b') in 0.019457 seconds 
========================================================================
Received Import Request.
  Time since last request: 0.000078 seconds.
  path: Assets/Assets/Graves/Prefabs/GraveType2_2.prefab
  artifactKey: Guid(5a03ad7c3eaffe84f9fd4b72361a3be2) Importer(815301076,1909f56bfc062723c751e8b465ee728b)
Start importing Assets/Assets/Graves/Prefabs/GraveType2_2.prefab using Guid(5a03ad7c3eaffe84f9fd4b72361a3be2) Importer(815301076,1909f56bfc062723c751e8b465ee728b)  -> (artifact id: 'bb626df5706b3967b57ec79f6479d464') in 0.016343 seconds 
========================================================================
Received Import Request.
  Time since last request: 0.000021 seconds.
  path: Assets/Assets/Graves/Prefabs/GraveType5_VeryDamaged_2.prefab
  artifactKey: Guid(b836d717411464244b69188896a185cd) Importer(815301076,1909f56bfc062723c751e8b465ee728b)
Start importing Assets/Assets/Graves/Prefabs/GraveType5_VeryDamaged_2.prefab using Guid(b836d717411464244b69188896a185cd) Importer(815301076,1909f56bfc062723c751e8b465ee728b)  -> (artifact id: '37f830d01c70c1bb4953d999f710220f') in 0.020051 seconds 
========================================================================
Received Import Request.
  Time since last request: 0.000026 seconds.
  path: Assets/Assets/Graves/Prefabs/TombFantasyEnclosed_2.prefab
  artifactKey: Guid(b6939cf96776c2f4a929556d664b53d1) Importer(815301076,1909f56bfc062723c751e8b465ee728b)
Start importing Assets/Assets/Graves/Prefabs/TombFantasyEnclosed_2.prefab using Guid(b6939cf96776c2f4a929556d664b53d1) Importer(815301076,1909f56bfc062723c751e8b465ee728b)  -> (artifact id: '755e85fa8f053871b9ad3526c79a3081') in 0.017982 seconds 
========================================================================
Received Import Request.
  Time since last request: 0.000099 seconds.
  path: Assets/Assets/Graves/Prefabs/GraveType4_Damaged_2.prefab
  artifactKey: Guid(1ed3879c7a97b3f4facf5a6e68fc5065) Importer(815301076,1909f56bfc062723c751e8b465ee728b)
Start importing Assets/Assets/Graves/Prefabs/GraveType4_Damaged_2.prefab using Guid(1ed3879c7a97b3f4facf5a6e68fc5065) Importer(815301076,1909f56bfc062723c751e8b465ee728b)  -> (artifact id: 'e6bb05d2dcaccae3fe11f4a2dba9f53d') in 0.021148 seconds 
========================================================================
Received Import Request.
  Time since last request: 0.000034 seconds.
  path: Assets/Assets/Graves/Prefabs/SummoningStone.prefab
  artifactKey: Guid(8b612d16417a0324596c6c27c389bdb7) Importer(815301076,1909f56bfc062723c751e8b465ee728b)
Start importing Assets/Assets/Graves/Prefabs/SummoningStone.prefab using Guid(8b612d16417a0324596c6c27c389bdb7) Importer(815301076,1909f56bfc062723c751e8b465ee728b)  -> (artifact id: 'a35338f6760ee91270cec21e71749e77') in 0.020185 seconds 
========================================================================
Received Import Request.
  Time since last request: 0.000024 seconds.
  path: Assets/Assets/Graves/Prefabs/GraveType6_2.prefab
  artifactKey: Guid(f6ee4a6ffb3634f40bed89b2d9864a31) Importer(815301076,1909f56bfc062723c751e8b465ee728b)
Start importing Assets/Assets/Graves/Prefabs/GraveType6_2.prefab using Guid(f6ee4a6ffb3634f40bed89b2d9864a31) Importer(815301076,1909f56bfc062723c751e8b465ee728b)  -> (artifact id: '9f2a8de87968318ee69d2a07b3f9962d') in 0.017614 seconds 
========================================================================
Received Import Request.
  Time since last request: 2.187204 seconds.
  path: Assets/Assets/Graves/Prefabs/TombHollow_2.prefab
  artifactKey: Guid(a3c5225c9902b054ca1416231e6f54a7) Importer(815301076,1909f56bfc062723c751e8b465ee728b)
Start importing Assets/Assets/Graves/Prefabs/TombHollow_2.prefab using Guid(a3c5225c9902b054ca1416231e6f54a7) Importer(815301076,1909f56bfc062723c751e8b465ee728b)  -> (artifact id: '2fde6a1287a654d3ad60a68272883121') in 0.027300 seconds 
========================================================================
Received Import Request.
  Time since last request: 0.000013 seconds.
  path: Assets/Assets/Graves/Prefabs/WoodenCross_1.prefab
  artifactKey: Guid(cacc7e4516cb22c4a9c332475f8470ac) Importer(815301076,1909f56bfc062723c751e8b465ee728b)
Start importing Assets/Assets/Graves/Prefabs/WoodenCross_1.prefab using Guid(cacc7e4516cb22c4a9c332475f8470ac) Importer(815301076,1909f56bfc062723c751e8b465ee728b)  -> (artifact id: '8d5526e982e0e34b8a8f689866ccfd20') in 0.017144 seconds 
Editor requested this worker to shutdown with reason: Scaling down because of idle timeout
AssetImportWorker is now disconnected from the server
Process exiting
Exiting without the bug reporter. Application will terminate with return code 0