Using pre-set license
Built from '2021.3/staging' branch; Version is '2021.3.18f1 (3129e69bc0c7) revision 3221990'; Using compiler version '192829333'; Build Type 'Release'
OS: 'Windows 11  (10.0.22621) 64bit Core' Language: 'en' Physical Memory: 16088 MB
BatchMode: 1, IsHumanControllingUs: 0, StartBugReporterOnCrash: 0, Is64bit: 1, IsPro: 1

COMMAND LINE ARGUMENTS:
C:\Program Files\Unity\Hub\Editor\2021.3.18f1\Editor\Unity.exe
-adb2
-batchMode
-noUpm
-name
AssetImportWorker3
-projectPath
C:/Users/joell/OneDrive/Desktop/Boardgames/Boardgames/Belletje Trek
-logFile
Logs/AssetImportWorker3.log
-srvPort
59496
Successfully changed project path to: C:/Users/joell/OneDrive/Desktop/Boardgames/Boardgames/Belletje Trek
C:/Users/joell/OneDrive/Desktop/Boardgames/Boardgames/Belletje Trek
[UnityMemory] Configuration Parameters - Can be set up in boot.config
    "memorysetup-bucket-allocator-granularity=16"
    "memorysetup-bucket-allocator-bucket-count=8"
    "memorysetup-bucket-allocator-block-size=33554432"
    "memorysetup-bucket-allocator-block-count=8"
    "memorysetup-main-allocator-block-size=16777216"
    "memorysetup-thread-allocator-block-size=16777216"
    "memorysetup-gfx-main-allocator-block-size=16777216"
    "memorysetup-gfx-thread-allocator-block-size=16777216"
    "memorysetup-cache-allocator-block-size=4194304"
    "memorysetup-typetree-allocator-block-size=2097152"
    "memorysetup-profiler-bucket-allocator-granularity=16"
    "memorysetup-profiler-bucket-allocator-bucket-count=8"
    "memorysetup-profiler-bucket-allocator-block-size=33554432"
    "memorysetup-profiler-bucket-allocator-block-count=8"
    "memorysetup-profiler-allocator-block-size=16777216"
    "memorysetup-profiler-editor-allocator-block-size=1048576"
    "memorysetup-temp-allocator-size-main=16777216"
    "memorysetup-job-temp-allocator-block-size=2097152"
    "memorysetup-job-temp-allocator-block-size-background=1048576"
    "memorysetup-job-temp-allocator-reduction-small-platforms=262144"
    "memorysetup-temp-allocator-size-background-worker=32768"
    "memorysetup-temp-allocator-size-job-worker=262144"
    "memorysetup-temp-allocator-size-preload-manager=33554432"
    "memorysetup-temp-allocator-size-nav-mesh-worker=65536"
    "memorysetup-temp-allocator-size-audio-worker=65536"
    "memorysetup-temp-allocator-size-cloud-worker=32768"
    "memorysetup-temp-allocator-size-gi-baking-worker=262144"
    "memorysetup-temp-allocator-size-gfx=262144"
Player connection [7496] Host "[IP] 192.168.68.112 [Port] 0 [Flags] 2 [Guid] 833630785 [EditorId] 833630785 [Version] 1048832 [Id] WindowsEditor(7,MSI) [Debug] 1 [PackageName] WindowsEditor [ProjectName] Editor" joined multi-casting on [225.0.0.222:54997]...

Player connection [7496] Host "[IP] 192.168.68.112 [Port] 0 [Flags] 2 [Guid] 833630785 [EditorId] 833630785 [Version] 1048832 [Id] WindowsEditor(7,MSI) [Debug] 1 [PackageName] WindowsEditor [ProjectName] Editor" joined alternative multi-casting on [225.0.0.222:34997]...

Refreshing native plugins compatible for Editor in 57.67 ms, found 3 plugins.
Preloading 0 native plugins for Editor in 0.00 ms.
Initialize engine version: 2021.3.18f1 (3129e69bc0c7)
[Subsystems] Discovering subsystems at path C:/Program Files/Unity/Hub/Editor/2021.3.18f1/Editor/Data/Resources/UnitySubsystems
[Subsystems] Discovering subsystems at path C:/Users/joell/OneDrive/Desktop/Boardgames/Boardgames/Belletje Trek/Assets
GfxDevice: creating device client; threaded=0; jobified=0
Direct3D:
    Version:  Direct3D 11.0 [level 11.1]
    Renderer: NVIDIA GeForce RTX 3070 Ti Laptop GPU (ID=0x24a0)
    Vendor:   NVIDIA
    VRAM:     8043 MB
    Driver:   30.0.15.1165
Initialize mono
Mono path[0] = 'C:/Program Files/Unity/Hub/Editor/2021.3.18f1/Editor/Data/Managed'
Mono path[1] = 'C:/Program Files/Unity/Hub/Editor/2021.3.18f1/Editor/Data/MonoBleedingEdge/lib/mono/unityjit-win32'
Mono config path = 'C:/Program Files/Unity/Hub/Editor/2021.3.18f1/Editor/Data/MonoBleedingEdge/etc'
Using monoOptions --debugger-agent=transport=dt_socket,embedding=1,server=y,suspend=n,address=127.0.0.1:56328
Begin MonoManager ReloadAssembly
Registering precompiled unity dll's ...
Register platform support module: C:/Program Files/Unity/Hub/Editor/2021.3.18f1/Editor/Data/PlaybackEngines/WindowsStandaloneSupport/UnityEditor.WindowsStandalone.Extensions.dll
Registered in 0.002214 seconds.
Native extension for WindowsStandalone target not found
Refreshing native plugins compatible for Editor in 49.24 ms, found 3 plugins.
Preloading 0 native plugins for Editor in 0.00 ms.
Mono: successfully reloaded assembly
- Completed reload, in  0.421 seconds
Domain Reload Profiling:
	ReloadAssembly (421ms)
		BeginReloadAssembly (47ms)
			ExecutionOrderSort (0ms)
			DisableScriptedObjects (0ms)
			BackupInstance (0ms)
			ReleaseScriptingObjects (0ms)
			CreateAndSetChildDomain (1ms)
		EndReloadAssembly (302ms)
			LoadAssemblies (45ms)
			RebuildTransferFunctionScriptingTraits (0ms)
			SetupTypeCache (66ms)
			ReleaseScriptCaches (0ms)
			RebuildScriptCaches (20ms)
			SetupLoadedEditorAssemblies (181ms)
				LogAssemblyErrors (0ms)
				InitializePlatformSupportModulesInManaged (5ms)
				SetLoadedEditorAssemblies (0ms)
				RefreshPlugins (49ms)
				BeforeProcessingInitializeOnLoad (1ms)
				ProcessInitializeOnLoadAttributes (94ms)
				ProcessInitializeOnLoadMethodAttributes (31ms)
				AfterProcessingInitializeOnLoad (0ms)
				EditorAssembliesLoaded (0ms)
			ExecutionOrderSort2 (0ms)
			AwakeInstancesAfterBackupRestoration (0ms)
Platform modules already initialized, skipping
Registering precompiled user dll's ...
Registered in 0.002708 seconds.
Begin MonoManager ReloadAssembly
Symbol file LoadedFromMemory doesn't match image C:\Users\joell\OneDrive\Desktop\Boardgames\Boardgames\Belletje Trek\Library\PackageCache\com.unity.visualscripting@1.8.0\Editor\VisualScripting.Core\Dependencies\YamlDotNet\Unity.VisualScripting.YamlDotNet.dll
Symbol file LoadedFromMemory doesn't match image C:\Users\joell\OneDrive\Desktop\Boardgames\Boardgames\Belletje Trek\Library\PackageCache\com.unity.visualscripting@1.8.0\Editor\VisualScripting.Core\Dependencies\DotNetZip\Unity.VisualScripting.IonicZip.dll
Native extension for WindowsStandalone target not found
Refreshing native plugins compatible for Editor in 0.41 ms, found 3 plugins.
Preloading 0 native plugins for Editor in 0.00 ms.
Mono: successfully reloaded assembly
- Completed reload, in  0.658 seconds
Domain Reload Profiling:
	ReloadAssembly (658ms)
		BeginReloadAssembly (72ms)
			ExecutionOrderSort (0ms)
			DisableScriptedObjects (4ms)
			BackupInstance (0ms)
			ReleaseScriptingObjects (0ms)
			CreateAndSetChildDomain (14ms)
		EndReloadAssembly (510ms)
			LoadAssemblies (52ms)
			RebuildTransferFunctionScriptingTraits (0ms)
			SetupTypeCache (171ms)
			ReleaseScriptCaches (0ms)
			RebuildScriptCaches (32ms)
			SetupLoadedEditorAssemblies (228ms)
				LogAssemblyErrors (0ms)
				InitializePlatformSupportModulesInManaged (3ms)
				SetLoadedEditorAssemblies (0ms)
				RefreshPlugins (0ms)
				BeforeProcessingInitializeOnLoad (51ms)
				ProcessInitializeOnLoadAttributes (156ms)
				ProcessInitializeOnLoadMethodAttributes (13ms)
				AfterProcessingInitializeOnLoad (3ms)
				EditorAssembliesLoaded (0ms)
			ExecutionOrderSort2 (0ms)
			AwakeInstancesAfterBackupRestoration (4ms)
Platform modules already initialized, skipping
========================================================================
Worker process is ready to serve import requests
Launched and connected shader compiler UnityShaderCompiler.exe after 0.04 seconds
Refreshing native plugins compatible for Editor in 0.43 ms, found 3 plugins.
Preloading 0 native plugins for Editor in 0.00 ms.
Unloading 3051 Unused Serialized files (Serialized files now loaded: 0)
Unloading 24 unused Assets / (113.8 KB). Loaded Objects now: 3511.
Memory consumption went from 107.9 MB to 107.8 MB.
Total: 2.145000 ms (FindLiveObjects: 0.167100 ms CreateObjectMapping: 0.075200 ms MarkObjects: 1.823200 ms  DeleteObjects: 0.078600 ms)

AssetImportParameters requested are different than current active one (requested -> active):
  custom:video-decoder-ogg-theora: a1e56fd34408186e4bbccfd4996cb3dc -> 
  custom:container-muxer-webm: aa71ff27fc2769a1b78a27578f13a17b -> 
  custom:container-demuxer-webm: 4f35f7cbe854078d1ac9338744f61a02 -> 
  custom:video-encoder-webm-vp8: eb34c28f22e8b96e1ab97ce403110664 -> 
  custom:audio-encoder-webm-vorbis: bf7c407c2cedff20999df2af8eb42d56 -> 
  custom:framework-win-MediaFoundation: 216162199b28c13a410421893ffa2e32 -> 
  custom:container-demuxer-ogg: 62fdf1f143b41e24485cea50d1cbac27 -> 
  custom:video-decoder-webm-vp8: 9c59270c3fd7afecdb556c50c9e8de78 -> 
  custom:audio-decoder-ogg-vorbis: bf7c407c2cedff20999df2af8eb42d56 -> 
========================================================================
Received Import Request.
  Time since last request: 38743.753442 seconds.
  path: Assets/Assets/3D Haven/Free Fantasy Terrain Textures/Textures/512 Resolution/3DH FTT ForestGround_001 512.png
  artifactKey: Guid(528c5f3232cf1264e81ef200d8b1b1c3) Importer(815301076,1909f56bfc062723c751e8b465ee728b)
Start importing Assets/Assets/3D Haven/Free Fantasy Terrain Textures/Textures/512 Resolution/3DH FTT ForestGround_001 512.png using Guid(528c5f3232cf1264e81ef200d8b1b1c3) Importer(815301076,1909f56bfc062723c751e8b465ee728b)  -> (artifact id: '2a115ff9e1d1754747d2a6db5dce71a5') in 0.160152 seconds 
========================================================================
Received Import Request.
  Time since last request: 0.000047 seconds.
  path: Assets/Assets/3D Haven/Free Fantasy Terrain Textures/Textures/512 Resolution/3DH FTT ForestGround_001 Grass_002 512.png
  artifactKey: Guid(02a2ec7fba35adb4da2e37bc47fcb836) Importer(815301076,1909f56bfc062723c751e8b465ee728b)
Start importing Assets/Assets/3D Haven/Free Fantasy Terrain Textures/Textures/512 Resolution/3DH FTT ForestGround_001 Grass_002 512.png using Guid(02a2ec7fba35adb4da2e37bc47fcb836) Importer(815301076,1909f56bfc062723c751e8b465ee728b)  -> (artifact id: '558a65ea624f81fbe51a406ff6c0ba49') in 0.025514 seconds 
========================================================================
Received Import Request.
  Time since last request: 39.673649 seconds.
  path: Assets/Assets/3D Haven/Free Fantasy Terrain Textures/Textures/4K Resolution/3DH FTT ForestGround_001 4K.png
  artifactKey: Guid(a23d315478491644ba8022dc1e057525) Importer(815301076,1909f56bfc062723c751e8b465ee728b)
Start importing Assets/Assets/3D Haven/Free Fantasy Terrain Textures/Textures/4K Resolution/3DH FTT ForestGround_001 4K.png using Guid(a23d315478491644ba8022dc1e057525) Importer(815301076,1909f56bfc062723c751e8b465ee728b)  -> (artifact id: 'b1e094813e7ed2f8939f7a594ea30441') in 0.072519 seconds 
========================================================================
Received Import Request.
  Time since last request: 0.000063 seconds.
  path: Assets/Assets/3D Haven/Free Fantasy Terrain Textures/Textures/4K Resolution/3DH FTT Grass_002 Grass_001a 4K.png
  artifactKey: Guid(6550d8b42215ccf4bbf4ace3fa1ff58c) Importer(815301076,1909f56bfc062723c751e8b465ee728b)
Start importing Assets/Assets/3D Haven/Free Fantasy Terrain Textures/Textures/4K Resolution/3DH FTT Grass_002 Grass_001a 4K.png using Guid(6550d8b42215ccf4bbf4ace3fa1ff58c) Importer(815301076,1909f56bfc062723c751e8b465ee728b)  -> (artifact id: '8ebd4bd0a537cca7ab993479b5443a23') in 0.040216 seconds 
========================================================================
Received Import Request.
  Time since last request: 0.000042 seconds.
  path: Assets/Assets/3D Haven/Free Fantasy Terrain Textures/Textures/4K Resolution/3DH FTT Path_001 Sand_001 4K.png
  artifactKey: Guid(b1962410be199aa42a6d9b3e59353d1c) Importer(815301076,1909f56bfc062723c751e8b465ee728b)
Start importing Assets/Assets/3D Haven/Free Fantasy Terrain Textures/Textures/4K Resolution/3DH FTT Path_001 Sand_001 4K.png using Guid(b1962410be199aa42a6d9b3e59353d1c) Importer(815301076,1909f56bfc062723c751e8b465ee728b)  -> (artifact id: 'b47414f21e2394e251e586c6ac7d21f3') in 0.070091 seconds 
========================================================================
Received Import Request.
  Time since last request: 0.000030 seconds.
  path: Assets/Assets/3D Haven/Free Fantasy Terrain Textures/Textures/4K Resolution/3DH FTT Grass_002 Dirt_001 4K.png
  artifactKey: Guid(d5db3257846bd8e48afd689cc9b42495) Importer(815301076,1909f56bfc062723c751e8b465ee728b)
Start importing Assets/Assets/3D Haven/Free Fantasy Terrain Textures/Textures/4K Resolution/3DH FTT Grass_002 Dirt_001 4K.png using Guid(d5db3257846bd8e48afd689cc9b42495) Importer(815301076,1909f56bfc062723c751e8b465ee728b)  -> (artifact id: '1e87d0098ec88b141ac108e7d83a3d2a') in 0.019036 seconds 
Editor requested this worker to shutdown with reason: Scaling down because of idle timeout
AssetImportWorker is now disconnected from the server
Process exiting
Exiting without the bug reporter. Application will terminate with return code 0