Using pre-set license
Built from '2021.3/staging' branch; Version is '2021.3.18f1 (3129e69bc0c7) revision 3221990'; Using compiler version '192829333'; Build Type 'Release'
OS: 'Windows 11  (10.0.22621) 64bit Core' Language: 'en' Physical Memory: 16088 MB
BatchMode: 1, IsHumanControllingUs: 0, StartBugReporterOnCrash: 0, Is64bit: 1, IsPro: 1

COMMAND LINE ARGUMENTS:
C:\Program Files\Unity\Hub\Editor\2021.3.18f1\Editor\Unity.exe
-adb2
-batchMode
-noUpm
-name
AssetImportWorker6
-projectPath
C:/Users/joell/OneDrive/Desktop/Boardgames/Boardgames/Belletje Trek
-logFile
Logs/AssetImportWorker6.log
-srvPort
59496
Successfully changed project path to: C:/Users/joell/OneDrive/Desktop/Boardgames/Boardgames/Belletje Trek
C:/Users/joell/OneDrive/Desktop/Boardgames/Boardgames/Belletje Trek
[UnityMemory] Configuration Parameters - Can be set up in boot.config
    "memorysetup-bucket-allocator-granularity=16"
    "memorysetup-bucket-allocator-bucket-count=8"
    "memorysetup-bucket-allocator-block-size=33554432"
    "memorysetup-bucket-allocator-block-count=8"
    "memorysetup-main-allocator-block-size=16777216"
    "memorysetup-thread-allocator-block-size=16777216"
    "memorysetup-gfx-main-allocator-block-size=16777216"
    "memorysetup-gfx-thread-allocator-block-size=16777216"
    "memorysetup-cache-allocator-block-size=4194304"
    "memorysetup-typetree-allocator-block-size=2097152"
    "memorysetup-profiler-bucket-allocator-granularity=16"
    "memorysetup-profiler-bucket-allocator-bucket-count=8"
    "memorysetup-profiler-bucket-allocator-block-size=33554432"
    "memorysetup-profiler-bucket-allocator-block-count=8"
    "memorysetup-profiler-allocator-block-size=16777216"
    "memorysetup-profiler-editor-allocator-block-size=1048576"
    "memorysetup-temp-allocator-size-main=16777216"
    "memorysetup-job-temp-allocator-block-size=2097152"
    "memorysetup-job-temp-allocator-block-size-background=1048576"
    "memorysetup-job-temp-allocator-reduction-small-platforms=262144"
    "memorysetup-temp-allocator-size-background-worker=32768"
    "memorysetup-temp-allocator-size-job-worker=262144"
    "memorysetup-temp-allocator-size-preload-manager=33554432"
    "memorysetup-temp-allocator-size-nav-mesh-worker=65536"
    "memorysetup-temp-allocator-size-audio-worker=65536"
    "memorysetup-temp-allocator-size-cloud-worker=32768"
    "memorysetup-temp-allocator-size-gi-baking-worker=262144"
    "memorysetup-temp-allocator-size-gfx=262144"
Player connection [4980] Host "[IP] 192.168.68.112 [Port] 0 [Flags] 2 [Guid] 1566748152 [EditorId] 1566748152 [Version] 1048832 [Id] WindowsEditor(7,MSI) [Debug] 1 [PackageName] WindowsEditor [ProjectName] Editor" joined multi-casting on [225.0.0.222:54997]...

Player connection [4980] Host "[IP] 192.168.68.112 [Port] 0 [Flags] 2 [Guid] 1566748152 [EditorId] 1566748152 [Version] 1048832 [Id] WindowsEditor(7,MSI) [Debug] 1 [PackageName] WindowsEditor [ProjectName] Editor" joined alternative multi-casting on [225.0.0.222:34997]...

Refreshing native plugins compatible for Editor in 59.22 ms, found 3 plugins.
Preloading 0 native plugins for Editor in 0.00 ms.
Initialize engine version: 2021.3.18f1 (3129e69bc0c7)
[Subsystems] Discovering subsystems at path C:/Program Files/Unity/Hub/Editor/2021.3.18f1/Editor/Data/Resources/UnitySubsystems
[Subsystems] Discovering subsystems at path C:/Users/joell/OneDrive/Desktop/Boardgames/Boardgames/Belletje Trek/Assets
GfxDevice: creating device client; threaded=0; jobified=0
Direct3D:
    Version:  Direct3D 11.0 [level 11.1]
    Renderer: NVIDIA GeForce RTX 3070 Ti Laptop GPU (ID=0x24a0)
    Vendor:   NVIDIA
    VRAM:     8043 MB
    Driver:   30.0.15.1165
Initialize mono
Mono path[0] = 'C:/Program Files/Unity/Hub/Editor/2021.3.18f1/Editor/Data/Managed'
Mono path[1] = 'C:/Program Files/Unity/Hub/Editor/2021.3.18f1/Editor/Data/MonoBleedingEdge/lib/mono/unityjit-win32'
Mono config path = 'C:/Program Files/Unity/Hub/Editor/2021.3.18f1/Editor/Data/MonoBleedingEdge/etc'
Using monoOptions --debugger-agent=transport=dt_socket,embedding=1,server=y,suspend=n,address=127.0.0.1:56824
Begin MonoManager ReloadAssembly
Registering precompiled unity dll's ...
Register platform support module: C:/Program Files/Unity/Hub/Editor/2021.3.18f1/Editor/Data/PlaybackEngines/WindowsStandaloneSupport/UnityEditor.WindowsStandalone.Extensions.dll
Registered in 0.002294 seconds.
Native extension for WindowsStandalone target not found
Refreshing native plugins compatible for Editor in 53.29 ms, found 3 plugins.
Preloading 0 native plugins for Editor in 0.00 ms.
Mono: successfully reloaded assembly
- Completed reload, in  0.429 seconds
Domain Reload Profiling:
	ReloadAssembly (430ms)
		BeginReloadAssembly (47ms)
			ExecutionOrderSort (0ms)
			DisableScriptedObjects (0ms)
			BackupInstance (0ms)
			ReleaseScriptingObjects (0ms)
			CreateAndSetChildDomain (0ms)
		EndReloadAssembly (312ms)
			LoadAssemblies (46ms)
			RebuildTransferFunctionScriptingTraits (0ms)
			SetupTypeCache (69ms)
			ReleaseScriptCaches (0ms)
			RebuildScriptCaches (18ms)
			SetupLoadedEditorAssemblies (193ms)
				LogAssemblyErrors (0ms)
				InitializePlatformSupportModulesInManaged (5ms)
				SetLoadedEditorAssemblies (0ms)
				RefreshPlugins (53ms)
				BeforeProcessingInitializeOnLoad (1ms)
				ProcessInitializeOnLoadAttributes (99ms)
				ProcessInitializeOnLoadMethodAttributes (35ms)
				AfterProcessingInitializeOnLoad (0ms)
				EditorAssembliesLoaded (0ms)
			ExecutionOrderSort2 (0ms)
			AwakeInstancesAfterBackupRestoration (0ms)
Platform modules already initialized, skipping
Registering precompiled user dll's ...
Registered in 0.002543 seconds.
Begin MonoManager ReloadAssembly
Symbol file LoadedFromMemory doesn't match image C:\Users\joell\OneDrive\Desktop\Boardgames\Boardgames\Belletje Trek\Library\PackageCache\com.unity.visualscripting@1.8.0\Editor\VisualScripting.Core\Dependencies\YamlDotNet\Unity.VisualScripting.YamlDotNet.dll
Symbol file LoadedFromMemory doesn't match image C:\Users\joell\OneDrive\Desktop\Boardgames\Boardgames\Belletje Trek\Library\PackageCache\com.unity.visualscripting@1.8.0\Editor\VisualScripting.Core\Dependencies\DotNetZip\Unity.VisualScripting.IonicZip.dll
Native extension for WindowsStandalone target not found
Refreshing native plugins compatible for Editor in 0.35 ms, found 3 plugins.
Preloading 0 native plugins for Editor in 0.00 ms.
Mono: successfully reloaded assembly
- Completed reload, in  0.655 seconds
Domain Reload Profiling:
	ReloadAssembly (656ms)
		BeginReloadAssembly (71ms)
			ExecutionOrderSort (0ms)
			DisableScriptedObjects (4ms)
			BackupInstance (0ms)
			ReleaseScriptingObjects (0ms)
			CreateAndSetChildDomain (13ms)
		EndReloadAssembly (511ms)
			LoadAssemblies (48ms)
			RebuildTransferFunctionScriptingTraits (0ms)
			SetupTypeCache (170ms)
			ReleaseScriptCaches (0ms)
			RebuildScriptCaches (31ms)
			SetupLoadedEditorAssemblies (232ms)
				LogAssemblyErrors (0ms)
				InitializePlatformSupportModulesInManaged (3ms)
				SetLoadedEditorAssemblies (0ms)
				RefreshPlugins (0ms)
				BeforeProcessingInitializeOnLoad (51ms)
				ProcessInitializeOnLoadAttributes (158ms)
				ProcessInitializeOnLoadMethodAttributes (16ms)
				AfterProcessingInitializeOnLoad (3ms)
				EditorAssembliesLoaded (0ms)
			ExecutionOrderSort2 (0ms)
			AwakeInstancesAfterBackupRestoration (5ms)
Platform modules already initialized, skipping
========================================================================
Worker process is ready to serve import requests
Launched and connected shader compiler UnityShaderCompiler.exe after 0.03 seconds
Refreshing native plugins compatible for Editor in 0.57 ms, found 3 plugins.
Preloading 0 native plugins for Editor in 0.00 ms.
Unloading 3051 Unused Serialized files (Serialized files now loaded: 0)
Unloading 24 unused Assets / (114.0 KB). Loaded Objects now: 3511.
Memory consumption went from 107.9 MB to 107.8 MB.
Total: 3.254300 ms (FindLiveObjects: 0.179700 ms CreateObjectMapping: 0.067500 ms MarkObjects: 2.919200 ms  DeleteObjects: 0.087100 ms)

AssetImportParameters requested are different than current active one (requested -> active):
  custom:video-decoder-ogg-theora: a1e56fd34408186e4bbccfd4996cb3dc -> 
  custom:container-muxer-webm: aa71ff27fc2769a1b78a27578f13a17b -> 
  custom:container-demuxer-webm: 4f35f7cbe854078d1ac9338744f61a02 -> 
  custom:video-encoder-webm-vp8: eb34c28f22e8b96e1ab97ce403110664 -> 
  custom:audio-encoder-webm-vorbis: bf7c407c2cedff20999df2af8eb42d56 -> 
  custom:framework-win-MediaFoundation: 216162199b28c13a410421893ffa2e32 -> 
  custom:container-demuxer-ogg: 62fdf1f143b41e24485cea50d1cbac27 -> 
  custom:video-decoder-webm-vp8: 9c59270c3fd7afecdb556c50c9e8de78 -> 
  custom:audio-decoder-ogg-vorbis: bf7c407c2cedff20999df2af8eb42d56 -> 
========================================================================
Received Import Request.
  Time since last request: 39492.256508 seconds.
  path: Assets/Assets/HousePack/Models/House4/Materials/map2.mat
  artifactKey: Guid(44806bcc4eb3ad642b14b25415cd30f9) Importer(815301076,1909f56bfc062723c751e8b465ee728b)
Start importing Assets/Assets/HousePack/Models/House4/Materials/map2.mat using Guid(44806bcc4eb3ad642b14b25415cd30f9) Importer(815301076,1909f56bfc062723c751e8b465ee728b)  -> (artifact id: '9e720ca38b05c121df20c4d391ee8f85') in 0.194266 seconds 
========================================================================
Received Import Request.
  Time since last request: 0.406600 seconds.
  path: Assets/Assets/HousePack/Models/House9/Materials/map3.mat
  artifactKey: Guid(1f1102ec09c367d4b87a2a446b246ec1) Importer(815301076,1909f56bfc062723c751e8b465ee728b)
Start importing Assets/Assets/HousePack/Models/House9/Materials/map3.mat using Guid(1f1102ec09c367d4b87a2a446b246ec1) Importer(815301076,1909f56bfc062723c751e8b465ee728b)  -> (artifact id: '01949b49786b3aed9a6cc6d389687b69') in 0.018910 seconds 
========================================================================
Received Import Request.
  Time since last request: 0.000035 seconds.
  path: Assets/Assets/HousePack/Models/House10/Materials/map4.mat
  artifactKey: Guid(cb4649f57a94e1f419d75429ba6d712b) Importer(815301076,1909f56bfc062723c751e8b465ee728b)
Start importing Assets/Assets/HousePack/Models/House10/Materials/map4.mat using Guid(cb4649f57a94e1f419d75429ba6d712b) Importer(815301076,1909f56bfc062723c751e8b465ee728b)  -> (artifact id: '82d16be13ba13c63ded090c7b3c49957') in 0.020288 seconds 
========================================================================
Received Import Request.
  Time since last request: 0.697913 seconds.
  path: Assets/Assets/HousePack/Models/House8/Materials/map4.mat
  artifactKey: Guid(b6c8de20f47b3e4419de633bfee6c383) Importer(815301076,1909f56bfc062723c751e8b465ee728b)
Start importing Assets/Assets/HousePack/Models/House8/Materials/map4.mat using Guid(b6c8de20f47b3e4419de633bfee6c383) Importer(815301076,1909f56bfc062723c751e8b465ee728b)  -> (artifact id: '6a63bf8e654e3af8b9d5a22f5d49312e') in 0.018360 seconds 
========================================================================
Received Import Request.
  Time since last request: 0.000032 seconds.
  path: Assets/Assets/HousePack/Models/House1/Materials/map5.mat
  artifactKey: Guid(0c4be2c3911ed014c99a083e8f6b559d) Importer(815301076,1909f56bfc062723c751e8b465ee728b)
Start importing Assets/Assets/HousePack/Models/House1/Materials/map5.mat using Guid(0c4be2c3911ed014c99a083e8f6b559d) Importer(815301076,1909f56bfc062723c751e8b465ee728b)  -> (artifact id: '0cdda4193633a638107593a3a14922d1') in 0.022066 seconds 
========================================================================
Received Import Request.
  Time since last request: 0.099629 seconds.
  path: Assets/Assets/HousePack/Models/House3/Materials/map5.mat
  artifactKey: Guid(8698ee395f03da746836ed3229f6b8c1) Importer(815301076,1909f56bfc062723c751e8b465ee728b)
Start importing Assets/Assets/HousePack/Models/House3/Materials/map5.mat using Guid(8698ee395f03da746836ed3229f6b8c1) Importer(815301076,1909f56bfc062723c751e8b465ee728b)  -> (artifact id: '4020f1ceff7a401ef075993b80cbe525') in 0.022421 seconds 
========================================================================
Received Import Request.
  Time since last request: 0.000048 seconds.
  path: Assets/Assets/HousePack/Models/House8/Materials/map6.mat
  artifactKey: Guid(e8f724cd1538273409ea6a4aa9e1bd89) Importer(815301076,1909f56bfc062723c751e8b465ee728b)
Start importing Assets/Assets/HousePack/Models/House8/Materials/map6.mat using Guid(e8f724cd1538273409ea6a4aa9e1bd89) Importer(815301076,1909f56bfc062723c751e8b465ee728b)  -> (artifact id: '0ccdb06a25c4dd122f5549bfc121c60b') in 0.025054 seconds 
========================================================================
Received Import Request.
  Time since last request: 0.000024 seconds.
  path: Assets/Assets/HousePack/Models/House1/Materials/map6.mat
  artifactKey: Guid(70d2f1f103c1d0b4bbbf2bb849ab373a) Importer(815301076,1909f56bfc062723c751e8b465ee728b)
Start importing Assets/Assets/HousePack/Models/House1/Materials/map6.mat using Guid(70d2f1f103c1d0b4bbbf2bb849ab373a) Importer(815301076,1909f56bfc062723c751e8b465ee728b)  -> (artifact id: '12cd517696722f6461ffccbea88d3b55') in 0.018186 seconds 
========================================================================
Received Import Request.
  Time since last request: 1.050266 seconds.
  path: Assets/Assets/HousePack/Models/House9/Materials/map6.mat
  artifactKey: Guid(f7f5b4dfcdfd1e041b80c56f1ff01b10) Importer(815301076,1909f56bfc062723c751e8b465ee728b)
Start importing Assets/Assets/HousePack/Models/House9/Materials/map6.mat using Guid(f7f5b4dfcdfd1e041b80c56f1ff01b10) Importer(815301076,1909f56bfc062723c751e8b465ee728b)  -> (artifact id: '348fe6d29d3a54bebf91c6d3f3c6477e') in 0.015649 seconds 
========================================================================
Received Import Request.
  Time since last request: 0.000017 seconds.
  path: Assets/Assets/HousePack/Models/House6/Materials/map7.mat
  artifactKey: Guid(1aa4e5e1194f3744bacee11782c1bb58) Importer(815301076,1909f56bfc062723c751e8b465ee728b)
Start importing Assets/Assets/HousePack/Models/House6/Materials/map7.mat using Guid(1aa4e5e1194f3744bacee11782c1bb58) Importer(815301076,1909f56bfc062723c751e8b465ee728b)  -> (artifact id: '0def8ef2546a2961fa3d32c891059e8e') in 0.007802 seconds 
========================================================================
Received Import Request.
  Time since last request: 0.375454 seconds.
  path: Assets/Assets/HousePack/Models/House9/Materials/map7.mat
  artifactKey: Guid(9c0db95e2cb01294db6e12a5199862c6) Importer(815301076,1909f56bfc062723c751e8b465ee728b)
Start importing Assets/Assets/HousePack/Models/House9/Materials/map7.mat using Guid(9c0db95e2cb01294db6e12a5199862c6) Importer(815301076,1909f56bfc062723c751e8b465ee728b)  -> (artifact id: '6c9fae8b5acd9064b0c5f862e43c9c55') in 0.015445 seconds 
========================================================================
Received Import Request.
  Time since last request: 0.000016 seconds.
  path: Assets/Assets/HousePack/Models/House2/Materials/map8.mat
  artifactKey: Guid(568137d96bded3a4380f18ea77371fea) Importer(815301076,1909f56bfc062723c751e8b465ee728b)
Start importing Assets/Assets/HousePack/Models/House2/Materials/map8.mat using Guid(568137d96bded3a4380f18ea77371fea) Importer(815301076,1909f56bfc062723c751e8b465ee728b)  -> (artifact id: '5e9c9ecb1acf7ee8e03965b108a162d7') in 0.015782 seconds 
========================================================================
Received Import Request.
  Time since last request: 0.469062 seconds.
  path: Assets/Assets/HousePack/Models/House6/Materials/map9.mat
  artifactKey: Guid(f7292e7e0b36da64e88e30b51763a9fa) Importer(815301076,1909f56bfc062723c751e8b465ee728b)
Start importing Assets/Assets/HousePack/Models/House6/Materials/map9.mat using Guid(f7292e7e0b36da64e88e30b51763a9fa) Importer(815301076,1909f56bfc062723c751e8b465ee728b)  -> (artifact id: 'adcb9ddf0f3d5c2254da4b70e369d680') in 0.024268 seconds 
========================================================================
Received Import Request.
  Time since last request: 0.000020 seconds.
  path: Assets/Assets/HousePack/Models/House4/Materials/map9.mat
  artifactKey: Guid(c630b84c03408d54a8b2172e8092290b) Importer(815301076,1909f56bfc062723c751e8b465ee728b)
Start importing Assets/Assets/HousePack/Models/House4/Materials/map9.mat using Guid(c630b84c03408d54a8b2172e8092290b) Importer(815301076,1909f56bfc062723c751e8b465ee728b)  -> (artifact id: '04b9fba79b472bb90969c16fa460e961') in 0.015379 seconds 
========================================================================
Received Import Request.
  Time since last request: 0.026674 seconds.
  path: Assets/Assets/HousePack/Models/House5/Materials/map10.mat
  artifactKey: Guid(959f508d6783fb4479d9b870bd890d21) Importer(815301076,1909f56bfc062723c751e8b465ee728b)
Start importing Assets/Assets/HousePack/Models/House5/Materials/map10.mat using Guid(959f508d6783fb4479d9b870bd890d21) Importer(815301076,1909f56bfc062723c751e8b465ee728b)  -> (artifact id: '044aa0d5f7f2f444f71af38aa7aae074') in 0.027288 seconds 
========================================================================
Received Import Request.
  Time since last request: 0.000015 seconds.
  path: Assets/Assets/HousePack/Models/House4/Materials/map11.mat
  artifactKey: Guid(8efe95bd64fd7c34881e78135a35922b) Importer(815301076,1909f56bfc062723c751e8b465ee728b)
Start importing Assets/Assets/HousePack/Models/House4/Materials/map11.mat using Guid(8efe95bd64fd7c34881e78135a35922b) Importer(815301076,1909f56bfc062723c751e8b465ee728b)  -> (artifact id: '464d7b836fca5e70923640ee10581647') in 0.017700 seconds 
========================================================================
Received Import Request.
  Time since last request: 1.240074 seconds.
  path: Assets/Assets/HousePack/Models/House7/Materials/map12.mat
  artifactKey: Guid(cae3319ec77bcbc4fa632a53270198d9) Importer(815301076,1909f56bfc062723c751e8b465ee728b)
Start importing Assets/Assets/HousePack/Models/House7/Materials/map12.mat using Guid(cae3319ec77bcbc4fa632a53270198d9) Importer(815301076,1909f56bfc062723c751e8b465ee728b)  -> (artifact id: '9439295ba399e223a882b4d80b4f6be2') in 0.008162 seconds 
========================================================================
Received Import Request.
  Time since last request: 0.000018 seconds.
  path: Assets/Assets/HousePack/Models/House4/Materials/map14.mat
  artifactKey: Guid(732a2dac341d51643838784420df4389) Importer(815301076,1909f56bfc062723c751e8b465ee728b)
Start importing Assets/Assets/HousePack/Models/House4/Materials/map14.mat using Guid(732a2dac341d51643838784420df4389) Importer(815301076,1909f56bfc062723c751e8b465ee728b)  -> (artifact id: '0e81b387eae240e506830d0d3b049314') in 0.013416 seconds 
========================================================================
Received Import Request.
  Time since last request: 0.625305 seconds.
  path: Assets/Assets/HousePack/Models/House9/Materials/map17.mat
  artifactKey: Guid(81b44a49a7795b947aac6d81111c6438) Importer(815301076,1909f56bfc062723c751e8b465ee728b)
Start importing Assets/Assets/HousePack/Models/House9/Materials/map17.mat using Guid(81b44a49a7795b947aac6d81111c6438) Importer(815301076,1909f56bfc062723c751e8b465ee728b)  -> (artifact id: '0a43d7175f8c49760a528c56f6adae73') in 0.032216 seconds 
========================================================================
Received Import Request.
  Time since last request: 1.546008 seconds.
  path: Assets/Assets/Fence/Mats/T1/V1_T1_S4.mat
  artifactKey: Guid(a267901b839c57943b24d07f23579bca) Importer(815301076,1909f56bfc062723c751e8b465ee728b)
Start importing Assets/Assets/Fence/Mats/T1/V1_T1_S4.mat using Guid(a267901b839c57943b24d07f23579bca) Importer(815301076,1909f56bfc062723c751e8b465ee728b)  -> (artifact id: '2f967c6220b3809ec136ea64cf197f4c') in 0.114834 seconds 
========================================================================
Received Import Request.
  Time since last request: 0.000021 seconds.
  path: Assets/Assets/Fence/Mats/T2/V1_T2_S3.mat
  artifactKey: Guid(57531e7768a35f04293dd52491f84546) Importer(815301076,1909f56bfc062723c751e8b465ee728b)
Start importing Assets/Assets/Fence/Mats/T2/V1_T2_S3.mat using Guid(57531e7768a35f04293dd52491f84546) Importer(815301076,1909f56bfc062723c751e8b465ee728b)  -> (artifact id: '486b9bc1870abdcad92d0e5455f3d4bd') in 0.108533 seconds 
Editor requested this worker to shutdown with reason: Scaling down because of idle timeout
AssetImportWorker is now disconnected from the server
Process exiting
Exiting without the bug reporter. Application will terminate with return code 0