Using pre-set license
Built from '2021.3/staging' branch; Version is '2021.3.18f1 (3129e69bc0c7) revision 3221990'; Using compiler version '192829333'; Build Type 'Release'
OS: 'Windows 11  (10.0.22621) 64bit Core' Language: 'en' Physical Memory: 16088 MB
BatchMode: 1, IsHumanControllingUs: 0, StartBugReporterOnCrash: 0, Is64bit: 1, IsPro: 1

COMMAND LINE ARGUMENTS:
C:\Program Files\Unity\Hub\Editor\2021.3.18f1\Editor\Unity.exe
-adb2
-batchMode
-noUpm
-name
AssetImportWorker4
-projectPath
C:/Users/joell/OneDrive/Desktop/Boardgames/Boardgames/Belletje Trek
-logFile
Logs/AssetImportWorker4.log
-srvPort
59496
Successfully changed project path to: C:/Users/joell/OneDrive/Desktop/Boardgames/Boardgames/Belletje Trek
C:/Users/joell/OneDrive/Desktop/Boardgames/Boardgames/Belletje Trek
[UnityMemory] Configuration Parameters - Can be set up in boot.config
    "memorysetup-bucket-allocator-granularity=16"
    "memorysetup-bucket-allocator-bucket-count=8"
    "memorysetup-bucket-allocator-block-size=33554432"
    "memorysetup-bucket-allocator-block-count=8"
    "memorysetup-main-allocator-block-size=16777216"
    "memorysetup-thread-allocator-block-size=16777216"
    "memorysetup-gfx-main-allocator-block-size=16777216"
    "memorysetup-gfx-thread-allocator-block-size=16777216"
    "memorysetup-cache-allocator-block-size=4194304"
    "memorysetup-typetree-allocator-block-size=2097152"
    "memorysetup-profiler-bucket-allocator-granularity=16"
    "memorysetup-profiler-bucket-allocator-bucket-count=8"
    "memorysetup-profiler-bucket-allocator-block-size=33554432"
    "memorysetup-profiler-bucket-allocator-block-count=8"
    "memorysetup-profiler-allocator-block-size=16777216"
    "memorysetup-profiler-editor-allocator-block-size=1048576"
    "memorysetup-temp-allocator-size-main=16777216"
    "memorysetup-job-temp-allocator-block-size=2097152"
    "memorysetup-job-temp-allocator-block-size-background=1048576"
    "memorysetup-job-temp-allocator-reduction-small-platforms=262144"
    "memorysetup-temp-allocator-size-background-worker=32768"
    "memorysetup-temp-allocator-size-job-worker=262144"
    "memorysetup-temp-allocator-size-preload-manager=33554432"
    "memorysetup-temp-allocator-size-nav-mesh-worker=65536"
    "memorysetup-temp-allocator-size-audio-worker=65536"
    "memorysetup-temp-allocator-size-cloud-worker=32768"
    "memorysetup-temp-allocator-size-gi-baking-worker=262144"
    "memorysetup-temp-allocator-size-gfx=262144"
Player connection [10324] Host "[IP] 192.168.68.112 [Port] 0 [Flags] 2 [Guid] 2942827657 [EditorId] 2942827657 [Version] 1048832 [Id] WindowsEditor(7,MSI) [Debug] 1 [PackageName] WindowsEditor [ProjectName] Editor" joined multi-casting on [225.0.0.222:54997]...

Player connection [10324] Host "[IP] 192.168.68.112 [Port] 0 [Flags] 2 [Guid] 2942827657 [EditorId] 2942827657 [Version] 1048832 [Id] WindowsEditor(7,MSI) [Debug] 1 [PackageName] WindowsEditor [ProjectName] Editor" joined alternative multi-casting on [225.0.0.222:34997]...

Refreshing native plugins compatible for Editor in 54.91 ms, found 3 plugins.
Preloading 0 native plugins for Editor in 0.00 ms.
Initialize engine version: 2021.3.18f1 (3129e69bc0c7)
[Subsystems] Discovering subsystems at path C:/Program Files/Unity/Hub/Editor/2021.3.18f1/Editor/Data/Resources/UnitySubsystems
[Subsystems] Discovering subsystems at path C:/Users/joell/OneDrive/Desktop/Boardgames/Boardgames/Belletje Trek/Assets
GfxDevice: creating device client; threaded=0; jobified=0
Direct3D:
    Version:  Direct3D 11.0 [level 11.1]
    Renderer: NVIDIA GeForce RTX 3070 Ti Laptop GPU (ID=0x24a0)
    Vendor:   NVIDIA
    VRAM:     8043 MB
    Driver:   30.0.15.1165
Initialize mono
Mono path[0] = 'C:/Program Files/Unity/Hub/Editor/2021.3.18f1/Editor/Data/Managed'
Mono path[1] = 'C:/Program Files/Unity/Hub/Editor/2021.3.18f1/Editor/Data/MonoBleedingEdge/lib/mono/unityjit-win32'
Mono config path = 'C:/Program Files/Unity/Hub/Editor/2021.3.18f1/Editor/Data/MonoBleedingEdge/etc'
Using monoOptions --debugger-agent=transport=dt_socket,embedding=1,server=y,suspend=n,address=127.0.0.1:56284
Begin MonoManager ReloadAssembly
Registering precompiled unity dll's ...
Register platform support module: C:/Program Files/Unity/Hub/Editor/2021.3.18f1/Editor/Data/PlaybackEngines/WindowsStandaloneSupport/UnityEditor.WindowsStandalone.Extensions.dll
Registered in 0.002323 seconds.
Native extension for WindowsStandalone target not found
Refreshing native plugins compatible for Editor in 48.01 ms, found 3 plugins.
Preloading 0 native plugins for Editor in 0.00 ms.
Mono: successfully reloaded assembly
- Completed reload, in  0.418 seconds
Domain Reload Profiling:
	ReloadAssembly (418ms)
		BeginReloadAssembly (45ms)
			ExecutionOrderSort (0ms)
			DisableScriptedObjects (0ms)
			BackupInstance (0ms)
			ReleaseScriptingObjects (0ms)
			CreateAndSetChildDomain (1ms)
		EndReloadAssembly (301ms)
			LoadAssemblies (44ms)
			RebuildTransferFunctionScriptingTraits (0ms)
			SetupTypeCache (68ms)
			ReleaseScriptCaches (0ms)
			RebuildScriptCaches (18ms)
			SetupLoadedEditorAssemblies (180ms)
				LogAssemblyErrors (0ms)
				InitializePlatformSupportModulesInManaged (5ms)
				SetLoadedEditorAssemblies (0ms)
				RefreshPlugins (48ms)
				BeforeProcessingInitializeOnLoad (1ms)
				ProcessInitializeOnLoadAttributes (94ms)
				ProcessInitializeOnLoadMethodAttributes (32ms)
				AfterProcessingInitializeOnLoad (0ms)
				EditorAssembliesLoaded (0ms)
			ExecutionOrderSort2 (0ms)
			AwakeInstancesAfterBackupRestoration (0ms)
Platform modules already initialized, skipping
Registering precompiled user dll's ...
Registered in 0.002397 seconds.
Begin MonoManager ReloadAssembly
Symbol file LoadedFromMemory doesn't match image C:\Users\joell\OneDrive\Desktop\Boardgames\Boardgames\Belletje Trek\Library\PackageCache\com.unity.visualscripting@1.8.0\Editor\VisualScripting.Core\Dependencies\YamlDotNet\Unity.VisualScripting.YamlDotNet.dll
Symbol file LoadedFromMemory doesn't match image C:\Users\joell\OneDrive\Desktop\Boardgames\Boardgames\Belletje Trek\Library\PackageCache\com.unity.visualscripting@1.8.0\Editor\VisualScripting.Core\Dependencies\DotNetZip\Unity.VisualScripting.IonicZip.dll
Native extension for WindowsStandalone target not found
Refreshing native plugins compatible for Editor in 0.42 ms, found 3 plugins.
Preloading 0 native plugins for Editor in 0.00 ms.
Mono: successfully reloaded assembly
- Completed reload, in  0.656 seconds
Domain Reload Profiling:
	ReloadAssembly (657ms)
		BeginReloadAssembly (71ms)
			ExecutionOrderSort (0ms)
			DisableScriptedObjects (4ms)
			BackupInstance (0ms)
			ReleaseScriptingObjects (0ms)
			CreateAndSetChildDomain (14ms)
		EndReloadAssembly (510ms)
			LoadAssemblies (51ms)
			RebuildTransferFunctionScriptingTraits (0ms)
			SetupTypeCache (170ms)
			ReleaseScriptCaches (0ms)
			RebuildScriptCaches (33ms)
			SetupLoadedEditorAssemblies (229ms)
				LogAssemblyErrors (0ms)
				InitializePlatformSupportModulesInManaged (4ms)
				SetLoadedEditorAssemblies (0ms)
				RefreshPlugins (0ms)
				BeforeProcessingInitializeOnLoad (50ms)
				ProcessInitializeOnLoadAttributes (158ms)
				ProcessInitializeOnLoadMethodAttributes (13ms)
				AfterProcessingInitializeOnLoad (3ms)
				EditorAssembliesLoaded (0ms)
			ExecutionOrderSort2 (0ms)
			AwakeInstancesAfterBackupRestoration (4ms)
Platform modules already initialized, skipping
========================================================================
Worker process is ready to serve import requests
Launched and connected shader compiler UnityShaderCompiler.exe after 0.04 seconds
Refreshing native plugins compatible for Editor in 0.42 ms, found 3 plugins.
Preloading 0 native plugins for Editor in 0.00 ms.
Unloading 3051 Unused Serialized files (Serialized files now loaded: 0)
Unloading 24 unused Assets / (113.8 KB). Loaded Objects now: 3511.
Memory consumption went from 107.9 MB to 107.8 MB.
Total: 2.339800 ms (FindLiveObjects: 0.173600 ms CreateObjectMapping: 0.068600 ms MarkObjects: 2.022400 ms  DeleteObjects: 0.074700 ms)

AssetImportParameters requested are different than current active one (requested -> active):
  custom:video-decoder-ogg-theora: a1e56fd34408186e4bbccfd4996cb3dc -> 
  custom:container-muxer-webm: aa71ff27fc2769a1b78a27578f13a17b -> 
  custom:container-demuxer-webm: 4f35f7cbe854078d1ac9338744f61a02 -> 
  custom:video-encoder-webm-vp8: eb34c28f22e8b96e1ab97ce403110664 -> 
  custom:audio-encoder-webm-vorbis: bf7c407c2cedff20999df2af8eb42d56 -> 
  custom:framework-win-MediaFoundation: 216162199b28c13a410421893ffa2e32 -> 
  custom:container-demuxer-ogg: 62fdf1f143b41e24485cea50d1cbac27 -> 
  custom:video-decoder-webm-vp8: 9c59270c3fd7afecdb556c50c9e8de78 -> 
  custom:audio-decoder-ogg-vorbis: bf7c407c2cedff20999df2af8eb42d56 -> 
========================================================================
Received Import Request.
  Time since last request: 38736.884445 seconds.
  path: Assets/Assets/3D Haven/Free Fantasy Terrain Textures/Documentation
  artifactKey: Guid(54fc6c6ab4f00da4b89a42c8c79009d3) Importer(815301076,1909f56bfc062723c751e8b465ee728b)
Start importing Assets/Assets/3D Haven/Free Fantasy Terrain Textures/Documentation using Guid(54fc6c6ab4f00da4b89a42c8c79009d3) Importer(815301076,1909f56bfc062723c751e8b465ee728b)  -> (artifact id: 'a8d78a768a182422a8caf66c819b1ee5') in 0.012715 seconds 
========================================================================
Received Import Request.
  Time since last request: 1.907036 seconds.
  path: Assets/Assets/3D Haven/Free Fantasy Terrain Textures/Textures
  artifactKey: Guid(ae6fbe5a003c69b4284db435b93226f5) Importer(815301076,1909f56bfc062723c751e8b465ee728b)
Start importing Assets/Assets/3D Haven/Free Fantasy Terrain Textures/Textures using Guid(ae6fbe5a003c69b4284db435b93226f5) Importer(815301076,1909f56bfc062723c751e8b465ee728b)  -> (artifact id: '2e5e4ddd8074e9ef4e3cb127af803692') in 0.008446 seconds 
========================================================================
Received Import Request.
  Time since last request: 4.858118 seconds.
  path: Assets/Assets/3D Haven/Free Fantasy Terrain Textures/Textures/512 Resolution
  artifactKey: Guid(71be8e6f8376d7440aaeda70b263b12f) Importer(815301076,1909f56bfc062723c751e8b465ee728b)
Start importing Assets/Assets/3D Haven/Free Fantasy Terrain Textures/Textures/512 Resolution using Guid(71be8e6f8376d7440aaeda70b263b12f) Importer(815301076,1909f56bfc062723c751e8b465ee728b)  -> (artifact id: '7a47759c1748acacd20b7f7ba4e81336') in 0.011982 seconds 
========================================================================
Received Import Request.
  Time since last request: 0.056827 seconds.
  path: Assets/Assets/3D Haven/Free Fantasy Terrain Textures/Textures/512 Resolution/3DH FTT Cliff_001 512.png
  artifactKey: Guid(52ac2f0d3701b244e9cdb2c827e5a26e) Importer(815301076,1909f56bfc062723c751e8b465ee728b)
Start importing Assets/Assets/3D Haven/Free Fantasy Terrain Textures/Textures/512 Resolution/3DH FTT Cliff_001 512.png using Guid(52ac2f0d3701b244e9cdb2c827e5a26e) Importer(815301076,1909f56bfc062723c751e8b465ee728b)  -> (artifact id: '57b9eff439239bb29c88d3c9af7138fc') in 0.131937 seconds 
========================================================================
Received Import Request.
  Time since last request: 0.000049 seconds.
  path: Assets/Assets/3D Haven/Free Fantasy Terrain Textures/Textures/512 Resolution/3DH FTT Path_001 512.png
  artifactKey: Guid(ff56fd7450d500c44889ab75e4bce2d8) Importer(815301076,1909f56bfc062723c751e8b465ee728b)
Start importing Assets/Assets/3D Haven/Free Fantasy Terrain Textures/Textures/512 Resolution/3DH FTT Path_001 512.png using Guid(ff56fd7450d500c44889ab75e4bce2d8) Importer(815301076,1909f56bfc062723c751e8b465ee728b)  -> (artifact id: 'c71ce47d7696b99e6983ba40a1f0949f') in 0.015246 seconds 
========================================================================
Received Import Request.
  Time since last request: 0.000033 seconds.
  path: Assets/Assets/3D Haven/Free Fantasy Terrain Textures/Textures/512 Resolution/3DH FTT Path_001 Abandoned_004 512.png
  artifactKey: Guid(eb9a518448715064b9d4a5a0188572a6) Importer(815301076,1909f56bfc062723c751e8b465ee728b)
Start importing Assets/Assets/3D Haven/Free Fantasy Terrain Textures/Textures/512 Resolution/3DH FTT Path_001 Abandoned_004 512.png using Guid(eb9a518448715064b9d4a5a0188572a6) Importer(815301076,1909f56bfc062723c751e8b465ee728b)  -> (artifact id: 'b62b131204757b57267710290d885ffb') in 0.020030 seconds 
========================================================================
Received Import Request.
  Time since last request: 0.000019 seconds.
  path: Assets/Assets/3D Haven/Free Fantasy Terrain Textures/Textures/512 Resolution/3DH FTT Path_001 ForestGround_001 512.png
  artifactKey: Guid(637d4935d0bf3034eb6a52de873c60cb) Importer(815301076,1909f56bfc062723c751e8b465ee728b)
Start importing Assets/Assets/3D Haven/Free Fantasy Terrain Textures/Textures/512 Resolution/3DH FTT Path_001 ForestGround_001 512.png using Guid(637d4935d0bf3034eb6a52de873c60cb) Importer(815301076,1909f56bfc062723c751e8b465ee728b)  -> (artifact id: '23ab449745bd16ae385e4540aa4513ef') in 0.027701 seconds 
========================================================================
Received Import Request.
  Time since last request: 31.167190 seconds.
  path: Assets/Assets/3D Haven/Free Fantasy Terrain Textures/Textures/512 Resolution/Materials
  artifactKey: Guid(bd5f199d902370d47abe1341a229ed91) Importer(815301076,1909f56bfc062723c751e8b465ee728b)
Start importing Assets/Assets/3D Haven/Free Fantasy Terrain Textures/Textures/512 Resolution/Materials using Guid(bd5f199d902370d47abe1341a229ed91) Importer(815301076,1909f56bfc062723c751e8b465ee728b)  -> (artifact id: '77695edff587d734bac9752c9f977676') in 0.010492 seconds 
========================================================================
Received Import Request.
  Time since last request: 0.073007 seconds.
  path: Assets/Assets/3D Haven/Free Fantasy Terrain Textures/Textures/512 Resolution/Materials/3DH FTT ForestGround_001 Grass_002 512.mat
  artifactKey: Guid(52ca01026c1ef8c499042c5f1d3e6446) Importer(815301076,1909f56bfc062723c751e8b465ee728b)
Start importing Assets/Assets/3D Haven/Free Fantasy Terrain Textures/Textures/512 Resolution/Materials/3DH FTT ForestGround_001 Grass_002 512.mat using Guid(52ca01026c1ef8c499042c5f1d3e6446) Importer(815301076,1909f56bfc062723c751e8b465ee728b)  -> (artifact id: '5bdd1b7d5a081f131a4d4cd20d6116c4') in 0.078912 seconds 
========================================================================
Received Import Request.
  Time since last request: 8.275463 seconds.
  path: Assets/Assets/3D Haven/Free Fantasy Terrain Textures/Textures/4K Resolution
  artifactKey: Guid(0db403acdb750074c881137f6ff85f30) Importer(815301076,1909f56bfc062723c751e8b465ee728b)
Start importing Assets/Assets/3D Haven/Free Fantasy Terrain Textures/Textures/4K Resolution using Guid(0db403acdb750074c881137f6ff85f30) Importer(815301076,1909f56bfc062723c751e8b465ee728b)  -> (artifact id: '2efbb55d1a4ef2c5b1b86fd02b219a5e') in 0.007314 seconds 
========================================================================
Received Import Request.
  Time since last request: 0.041146 seconds.
  path: Assets/Assets/3D Haven/Free Fantasy Terrain Textures/Textures/4K Resolution/3DH FTT Cliff_001 4K.png
  artifactKey: Guid(275844e622956564082767955338a997) Importer(815301076,1909f56bfc062723c751e8b465ee728b)
Start importing Assets/Assets/3D Haven/Free Fantasy Terrain Textures/Textures/4K Resolution/3DH FTT Cliff_001 4K.png using Guid(275844e622956564082767955338a997) Importer(815301076,1909f56bfc062723c751e8b465ee728b)  -> (artifact id: '3c995b91634ed0bc2d0fa84274bfbfe4') in 0.065094 seconds 
========================================================================
Received Import Request.
  Time since last request: 0.000033 seconds.
  path: Assets/Assets/3D Haven/Free Fantasy Terrain Textures/Textures/4K Resolution/3DH FTT Rocks_001 4K.png
  artifactKey: Guid(85937c66045c1b440adcc47be41c48b4) Importer(815301076,1909f56bfc062723c751e8b465ee728b)
Start importing Assets/Assets/3D Haven/Free Fantasy Terrain Textures/Textures/4K Resolution/3DH FTT Rocks_001 4K.png using Guid(85937c66045c1b440adcc47be41c48b4) Importer(815301076,1909f56bfc062723c751e8b465ee728b)  -> (artifact id: '3fefdaf1b641cfe6a41aaf7f36e87f92') in 0.052540 seconds 
========================================================================
Received Import Request.
  Time since last request: 0.000023 seconds.
  path: Assets/Assets/3D Haven/Free Fantasy Terrain Textures/Textures/4K Resolution/3DH FTT ForestGround_001 Grass_002 4K.png
  artifactKey: Guid(a63a3fd22cdf3fb428d912d30e118723) Importer(815301076,1909f56bfc062723c751e8b465ee728b)
Start importing Assets/Assets/3D Haven/Free Fantasy Terrain Textures/Textures/4K Resolution/3DH FTT ForestGround_001 Grass_002 4K.png using Guid(a63a3fd22cdf3fb428d912d30e118723) Importer(815301076,1909f56bfc062723c751e8b465ee728b)  -> (artifact id: 'cd64ec625b6c82da874cfc7a991d8770') in 0.073947 seconds 
========================================================================
Received Import Request.
  Time since last request: 0.000055 seconds.
  path: Assets/Assets/3D Haven/Free Fantasy Terrain Textures/Textures/4K Resolution/3DH FTT Sand_001 4K.png
  artifactKey: Guid(768ad8bfcbc1e8442a9ee18e7353fbc2) Importer(815301076,1909f56bfc062723c751e8b465ee728b)
Start importing Assets/Assets/3D Haven/Free Fantasy Terrain Textures/Textures/4K Resolution/3DH FTT Sand_001 4K.png using Guid(768ad8bfcbc1e8442a9ee18e7353fbc2) Importer(815301076,1909f56bfc062723c751e8b465ee728b)  -> (artifact id: '0bd3370b6f8067e0183ac6f4be2399cb') in 0.020853 seconds 
========================================================================
Received Import Request.
  Time since last request: 705.795100 seconds.
  path: Assets/Assets/3D Haven/Free Fantasy Terrain Textures/Textures/4K Resolution/Materials/3DH FTT Cliff_001 4K.mat
  artifactKey: Guid(cb38e04c40067aa4d8d314f3c420f777) Importer(815301076,1909f56bfc062723c751e8b465ee728b)
Start importing Assets/Assets/3D Haven/Free Fantasy Terrain Textures/Textures/4K Resolution/Materials/3DH FTT Cliff_001 4K.mat using Guid(cb38e04c40067aa4d8d314f3c420f777) Importer(815301076,1909f56bfc062723c751e8b465ee728b)  -> (artifact id: 'e1c7a4b7d84297d644e2e2f78b434e2b') in 0.037466 seconds 
========================================================================
Received Import Request.
  Time since last request: 0.000027 seconds.
  path: Assets/Assets/HousePack/Models/House6/Materials/11.mat
  artifactKey: Guid(e1b57b1162959364fa952e7d5e486c1e) Importer(815301076,1909f56bfc062723c751e8b465ee728b)
Start importing Assets/Assets/HousePack/Models/House6/Materials/11.mat using Guid(e1b57b1162959364fa952e7d5e486c1e) Importer(815301076,1909f56bfc062723c751e8b465ee728b)  -> (artifact id: '1839bb1188ad9ae72622677e6fc79693') in 0.272757 seconds 
========================================================================
Received Import Request.
  Time since last request: 0.000051 seconds.
  path: Assets/Assets/3D Haven/Free Fantasy Terrain Textures/Textures/4K Resolution/Materials/3DH FTT Grass_002 Grass_001a 4K.mat
  artifactKey: Guid(1cd5e2d47592ed74b94cbb497f088f2d) Importer(815301076,1909f56bfc062723c751e8b465ee728b)
Start importing Assets/Assets/3D Haven/Free Fantasy Terrain Textures/Textures/4K Resolution/Materials/3DH FTT Grass_002 Grass_001a 4K.mat using Guid(1cd5e2d47592ed74b94cbb497f088f2d) Importer(815301076,1909f56bfc062723c751e8b465ee728b)  -> (artifact id: 'a13b63d72d456c4f767f2e9599cbb7b9') in 0.027152 seconds 
========================================================================
Received Import Request.
  Time since last request: 0.000040 seconds.
  path: Assets/Assets/3D Haven/Free Fantasy Terrain Textures/Textures/4K Resolution/Materials/3DH FTT ForestGround_001 4K.mat
  artifactKey: Guid(7a392714b08f87e42b35dd010c2790b5) Importer(815301076,1909f56bfc062723c751e8b465ee728b)
Start importing Assets/Assets/3D Haven/Free Fantasy Terrain Textures/Textures/4K Resolution/Materials/3DH FTT ForestGround_001 4K.mat using Guid(7a392714b08f87e42b35dd010c2790b5) Importer(815301076,1909f56bfc062723c751e8b465ee728b)  -> (artifact id: '2197334ce517b73439cbbfd42f3a23c9') in 0.020388 seconds 
========================================================================
Received Import Request.
  Time since last request: 0.000021 seconds.
  path: Assets/Assets/Resident/Mesh/Man_Mesh.FBX
  artifactKey: Guid(b8a7488d12adc39498433d60811eab1a) Importer(815301076,1909f56bfc062723c751e8b465ee728b)
Start importing Assets/Assets/Resident/Mesh/Man_Mesh.FBX using Guid(b8a7488d12adc39498433d60811eab1a) Importer(815301076,1909f56bfc062723c751e8b465ee728b)  -> (artifact id: 'b486e7555332a8ecdea113b1d3125c4b') in 1.141781 seconds 
========================================================================
Received Import Request.
  Time since last request: 0.550715 seconds.
  path: Assets/Assets/HousePack/Models/House2/Materials/map1.mat
  artifactKey: Guid(e50cfa94381cddf448a165139ac6e747) Importer(815301076,1909f56bfc062723c751e8b465ee728b)
Start importing Assets/Assets/HousePack/Models/House2/Materials/map1.mat using Guid(e50cfa94381cddf448a165139ac6e747) Importer(815301076,1909f56bfc062723c751e8b465ee728b)  -> (artifact id: '91e618ecbfdaadebd578ddeb8b042303') in 0.035276 seconds 
========================================================================
Received Import Request.
  Time since last request: 0.000020 seconds.
  path: Assets/Assets/HousePack/Models/House5/Materials/map2.mat
  artifactKey: Guid(a2cae6e9a6eca3f4c8716a350ce6283f) Importer(815301076,1909f56bfc062723c751e8b465ee728b)
Start importing Assets/Assets/HousePack/Models/House5/Materials/map2.mat using Guid(a2cae6e9a6eca3f4c8716a350ce6283f) Importer(815301076,1909f56bfc062723c751e8b465ee728b)  -> (artifact id: '060d57518355a56bb0357351dda56ca8') in 0.015372 seconds 
========================================================================
Received Import Request.
  Time since last request: 0.000023 seconds.
  path: Assets/Assets/HousePack/Models/House6/Materials/map1.mat
  artifactKey: Guid(8b32eb19e46a86d4dbce61f6db7160ff) Importer(815301076,1909f56bfc062723c751e8b465ee728b)
Start importing Assets/Assets/HousePack/Models/House6/Materials/map1.mat using Guid(8b32eb19e46a86d4dbce61f6db7160ff) Importer(815301076,1909f56bfc062723c751e8b465ee728b)  -> (artifact id: 'd7b71e1f63c38b923efe6929d168165a') in 0.013562 seconds 
========================================================================
Received Import Request.
  Time since last request: 0.000029 seconds.
  path: Assets/Assets/HousePack/Models/House5/Materials/map1.mat
  artifactKey: Guid(1fc607e869f3c3540810312ad5b60eca) Importer(815301076,1909f56bfc062723c751e8b465ee728b)
Start importing Assets/Assets/HousePack/Models/House5/Materials/map1.mat using Guid(1fc607e869f3c3540810312ad5b60eca) Importer(815301076,1909f56bfc062723c751e8b465ee728b)  -> (artifact id: '98d80c0efac9b21ece1b8b5d489db674') in 0.014865 seconds 
========================================================================
Received Import Request.
  Time since last request: 0.000018 seconds.
  path: Assets/Assets/HousePack/Models/House4/Materials/map1.mat
  artifactKey: Guid(a4be29e3e2e7ffd40ae4ba761e8bdda0) Importer(815301076,1909f56bfc062723c751e8b465ee728b)
Start importing Assets/Assets/HousePack/Models/House4/Materials/map1.mat using Guid(a4be29e3e2e7ffd40ae4ba761e8bdda0) Importer(815301076,1909f56bfc062723c751e8b465ee728b)  -> (artifact id: '9fbcf60ecff414ea60979ef7c7a8c176') in 0.015645 seconds 
========================================================================
Received Import Request.
  Time since last request: 0.403266 seconds.
  path: Assets/Assets/HousePack/Models/House7/Materials/map2.mat
  artifactKey: Guid(bf37cb71cc755b748a51013e00f6e8fb) Importer(815301076,1909f56bfc062723c751e8b465ee728b)
Start importing Assets/Assets/HousePack/Models/House7/Materials/map2.mat using Guid(bf37cb71cc755b748a51013e00f6e8fb) Importer(815301076,1909f56bfc062723c751e8b465ee728b)  -> (artifact id: '2511e5380c98889cc88957443cabf91a') in 0.037750 seconds 
========================================================================
Received Import Request.
  Time since last request: 0.000032 seconds.
  path: Assets/Assets/HousePack/Models/House3/Materials/map2.mat
  artifactKey: Guid(1a26dc55950339f429be2d60500edac5) Importer(815301076,1909f56bfc062723c751e8b465ee728b)
Start importing Assets/Assets/HousePack/Models/House3/Materials/map2.mat using Guid(1a26dc55950339f429be2d60500edac5) Importer(815301076,1909f56bfc062723c751e8b465ee728b)  -> (artifact id: '4d8404087fb558a89e69cc550b9c2c3f') in 0.019652 seconds 
========================================================================
Received Import Request.
  Time since last request: 0.000037 seconds.
  path: Assets/Assets/HousePack/Models/House1/Materials/map2.mat
  artifactKey: Guid(ef9bd3ac11bcae04db7fcabed8dd6aa3) Importer(815301076,1909f56bfc062723c751e8b465ee728b)
Start importing Assets/Assets/HousePack/Models/House1/Materials/map2.mat using Guid(ef9bd3ac11bcae04db7fcabed8dd6aa3) Importer(815301076,1909f56bfc062723c751e8b465ee728b)  -> (artifact id: 'f7bf3b9f00df5467ff6f3ff8c7c2b6a3') in 0.023061 seconds 
========================================================================
Received Import Request.
  Time since last request: 0.000029 seconds.
  path: Assets/Assets/HousePack/Models/House8/Materials/map3.mat
  artifactKey: Guid(ea9a6459d3b53d64ba67bb1a3a6cb24b) Importer(815301076,1909f56bfc062723c751e8b465ee728b)
Start importing Assets/Assets/HousePack/Models/House8/Materials/map3.mat using Guid(ea9a6459d3b53d64ba67bb1a3a6cb24b) Importer(815301076,1909f56bfc062723c751e8b465ee728b)  -> (artifact id: '223d41ce02ac451010917918478a5881') in 0.018348 seconds 
========================================================================
Received Import Request.
  Time since last request: 0.474067 seconds.
  path: Assets/Assets/HousePack/Models/House2/Materials/map3.mat
  artifactKey: Guid(16fef3b336f46b84996cf264075c9741) Importer(815301076,1909f56bfc062723c751e8b465ee728b)
Start importing Assets/Assets/HousePack/Models/House2/Materials/map3.mat using Guid(16fef3b336f46b84996cf264075c9741) Importer(815301076,1909f56bfc062723c751e8b465ee728b)  -> (artifact id: '682f0ea083550854ef1a5246843c186c') in 0.013815 seconds 
========================================================================
Received Import Request.
  Time since last request: 0.000026 seconds.
  path: Assets/Assets/HousePack/Models/House6/Materials/map4.mat
  artifactKey: Guid(f7912c7bcde495a43b84b1e68ff8ce7d) Importer(815301076,1909f56bfc062723c751e8b465ee728b)
Start importing Assets/Assets/HousePack/Models/House6/Materials/map4.mat using Guid(f7912c7bcde495a43b84b1e68ff8ce7d) Importer(815301076,1909f56bfc062723c751e8b465ee728b)  -> (artifact id: 'ee5a5858e01ada7e2423af602c7f7223') in 0.015303 seconds 
========================================================================
Received Import Request.
  Time since last request: 0.708492 seconds.
  path: Assets/Assets/HousePack/Models/House9/Materials/map4.mat
  artifactKey: Guid(1579f2e6fb44f4f43b09899abdc6a8ed) Importer(815301076,1909f56bfc062723c751e8b465ee728b)
Start importing Assets/Assets/HousePack/Models/House9/Materials/map4.mat using Guid(1579f2e6fb44f4f43b09899abdc6a8ed) Importer(815301076,1909f56bfc062723c751e8b465ee728b)  -> (artifact id: '4602b9263a72aa78c4288f5a0c712628') in 0.019683 seconds 
========================================================================
Received Import Request.
  Time since last request: 0.000031 seconds.
  path: Assets/Assets/HousePack/Models/House8/Materials/map5.mat
  artifactKey: Guid(1a879ccb2fe0df24fb4ad8302cc21531) Importer(815301076,1909f56bfc062723c751e8b465ee728b)
Start importing Assets/Assets/HousePack/Models/House8/Materials/map5.mat using Guid(1a879ccb2fe0df24fb4ad8302cc21531) Importer(815301076,1909f56bfc062723c751e8b465ee728b)  -> (artifact id: 'ef823944a2f1a8efe444c8af634c38b4') in 0.023854 seconds 
========================================================================
Received Import Request.
  Time since last request: 0.097663 seconds.
  path: Assets/Assets/HousePack/Models/House7/Materials/map5.mat
  artifactKey: Guid(edd6b8b8d278f9541989c64dcadaf7d5) Importer(815301076,1909f56bfc062723c751e8b465ee728b)
Start importing Assets/Assets/HousePack/Models/House7/Materials/map5.mat using Guid(edd6b8b8d278f9541989c64dcadaf7d5) Importer(815301076,1909f56bfc062723c751e8b465ee728b)  -> (artifact id: '87f3555f938786a5c00f422a46188757') in 0.030939 seconds 
========================================================================
Received Import Request.
  Time since last request: 0.000037 seconds.
  path: Assets/Assets/HousePack/Models/House10/Materials/map6.mat
  artifactKey: Guid(88ae806521224c443946ed9e21ab6fc2) Importer(815301076,1909f56bfc062723c751e8b465ee728b)
Start importing Assets/Assets/HousePack/Models/House10/Materials/map6.mat using Guid(88ae806521224c443946ed9e21ab6fc2) Importer(815301076,1909f56bfc062723c751e8b465ee728b)  -> (artifact id: '41fdf82d21a3c68544a0ce925651f943') in 0.025777 seconds 
========================================================================
Received Import Request.
  Time since last request: 1.063196 seconds.
  path: Assets/Assets/HousePack/Models/House4/Materials/map6.mat
  artifactKey: Guid(a15831f64181671448f93235477fe069) Importer(815301076,1909f56bfc062723c751e8b465ee728b)
Start importing Assets/Assets/HousePack/Models/House4/Materials/map6.mat using Guid(a15831f64181671448f93235477fe069) Importer(815301076,1909f56bfc062723c751e8b465ee728b)  -> (artifact id: 'a7e9a82a4d0860647784866a98e6e26f') in 0.013819 seconds 
========================================================================
Received Import Request.
  Time since last request: 0.000018 seconds.
  path: Assets/Assets/HousePack/Models/House7/Materials/map7.mat
  artifactKey: Guid(9fa0d1c4ad3590147bd5784af42325d6) Importer(815301076,1909f56bfc062723c751e8b465ee728b)
Start importing Assets/Assets/HousePack/Models/House7/Materials/map7.mat using Guid(9fa0d1c4ad3590147bd5784af42325d6) Importer(815301076,1909f56bfc062723c751e8b465ee728b)  -> (artifact id: '8d2f5207f268514f8581480b535f0c22') in 0.012814 seconds 
========================================================================
Received Import Request.
  Time since last request: 0.373376 seconds.
  path: Assets/Assets/HousePack/Models/House3/Materials/map7.mat
  artifactKey: Guid(3a91754ec51e58a489c21c674606e4ea) Importer(815301076,1909f56bfc062723c751e8b465ee728b)
Start importing Assets/Assets/HousePack/Models/House3/Materials/map7.mat using Guid(3a91754ec51e58a489c21c674606e4ea) Importer(815301076,1909f56bfc062723c751e8b465ee728b)  -> (artifact id: '3235c43268941e083ea13a9537721fff') in 0.016398 seconds 
========================================================================
Received Import Request.
  Time since last request: 0.000021 seconds.
  path: Assets/Assets/HousePack/Models/House5/Materials/map8.mat
  artifactKey: Guid(62a89c4f1a2d0c24786f8f0471f06b85) Importer(815301076,1909f56bfc062723c751e8b465ee728b)
Start importing Assets/Assets/HousePack/Models/House5/Materials/map8.mat using Guid(62a89c4f1a2d0c24786f8f0471f06b85) Importer(815301076,1909f56bfc062723c751e8b465ee728b)  -> (artifact id: 'd461771464979085aec076be0a05d685') in 0.008671 seconds 
========================================================================
Received Import Request.
  Time since last request: 0.000020 seconds.
  path: Assets/Assets/HousePack/Models/House4/Materials/map8.mat
  artifactKey: Guid(4b3401c1bd5b3464b953d8be9a8ef1cd) Importer(815301076,1909f56bfc062723c751e8b465ee728b)
Start importing Assets/Assets/HousePack/Models/House4/Materials/map8.mat using Guid(4b3401c1bd5b3464b953d8be9a8ef1cd) Importer(815301076,1909f56bfc062723c751e8b465ee728b)  -> (artifact id: 'ce8c24de4bc2185f139cf260e106b28c') in 0.030500 seconds 
========================================================================
Received Import Request.
  Time since last request: 0.443026 seconds.
  path: Assets/Assets/HousePack/Models/House7/Materials/map9.mat
  artifactKey: Guid(4e10ea173f01e8049838b04a0341f23d) Importer(815301076,1909f56bfc062723c751e8b465ee728b)
Start importing Assets/Assets/HousePack/Models/House7/Materials/map9.mat using Guid(4e10ea173f01e8049838b04a0341f23d) Importer(815301076,1909f56bfc062723c751e8b465ee728b)  -> (artifact id: '5f84b38354f656b90081a597108cb0be') in 0.017870 seconds 
========================================================================
Received Import Request.
  Time since last request: 0.000077 seconds.
  path: Assets/Assets/HousePack/Models/House10/Materials/map10.mat
  artifactKey: Guid(f7858a2e86def35428fbe9669cc41995) Importer(815301076,1909f56bfc062723c751e8b465ee728b)
Start importing Assets/Assets/HousePack/Models/House10/Materials/map10.mat using Guid(f7858a2e86def35428fbe9669cc41995) Importer(815301076,1909f56bfc062723c751e8b465ee728b)  -> (artifact id: '0f9c0ce04c0fd1c6e877c866681a337b') in 0.025810 seconds 
========================================================================
Received Import Request.
  Time since last request: 0.021209 seconds.
  path: Assets/Assets/HousePack/Models/House6/Materials/map10.mat
  artifactKey: Guid(44b0c34539fb79342b89dc2ca4f71d60) Importer(815301076,1909f56bfc062723c751e8b465ee728b)
Start importing Assets/Assets/HousePack/Models/House6/Materials/map10.mat using Guid(44b0c34539fb79342b89dc2ca4f71d60) Importer(815301076,1909f56bfc062723c751e8b465ee728b)  -> (artifact id: '85a68e41e44259f3d11775f77d5d6cfc') in 0.013462 seconds 
========================================================================
Received Import Request.
  Time since last request: 0.000024 seconds.
  path: Assets/Assets/HousePack/Models/House8/Materials/map11.mat
  artifactKey: Guid(f35ed3f79985d99469f621261c897abc) Importer(815301076,1909f56bfc062723c751e8b465ee728b)
Start importing Assets/Assets/HousePack/Models/House8/Materials/map11.mat using Guid(f35ed3f79985d99469f621261c897abc) Importer(815301076,1909f56bfc062723c751e8b465ee728b)  -> (artifact id: '8dacb52d9df2150001e3a705003e3ac2') in 0.015915 seconds 
========================================================================
Received Import Request.
  Time since last request: 1.254679 seconds.
  path: Assets/Assets/HousePack/Models/House5/Materials/map12.mat
  artifactKey: Guid(86e89a822c6fe56449a6376fa4016b8f) Importer(815301076,1909f56bfc062723c751e8b465ee728b)
Start importing Assets/Assets/HousePack/Models/House5/Materials/map12.mat using Guid(86e89a822c6fe56449a6376fa4016b8f) Importer(815301076,1909f56bfc062723c751e8b465ee728b)  -> (artifact id: 'd9d7b13c8cfd3a07f489e4dede436f60') in 0.011294 seconds 
========================================================================
Received Import Request.
  Time since last request: 0.000015 seconds.
  path: Assets/Assets/HousePack/Models/House7/Materials/map14.mat
  artifactKey: Guid(f766e83580d023d479c4fbdf1966114c) Importer(815301076,1909f56bfc062723c751e8b465ee728b)
Start importing Assets/Assets/HousePack/Models/House7/Materials/map14.mat using Guid(f766e83580d023d479c4fbdf1966114c) Importer(815301076,1909f56bfc062723c751e8b465ee728b)  -> (artifact id: 'f2830dfaea899337cde5d37a68042c55') in 0.011765 seconds 
========================================================================
Received Import Request.
  Time since last request: 0.000020 seconds.
  path: Assets/Assets/HousePack/Models/House5/Materials/map13.mat
  artifactKey: Guid(2cf4652264917e7488fbec9dbe1b3f15) Importer(815301076,1909f56bfc062723c751e8b465ee728b)
Start importing Assets/Assets/HousePack/Models/House5/Materials/map13.mat using Guid(2cf4652264917e7488fbec9dbe1b3f15) Importer(815301076,1909f56bfc062723c751e8b465ee728b)  -> (artifact id: '6d206f77b899fab03dcd467354213a68') in 0.014125 seconds 
========================================================================
Received Import Request.
  Time since last request: 0.608017 seconds.
  path: Assets/Assets/HousePack/Models/House4/Materials/map15.mat
  artifactKey: Guid(896034ee84b649c46803ca0700659995) Importer(815301076,1909f56bfc062723c751e8b465ee728b)
Start importing Assets/Assets/HousePack/Models/House4/Materials/map15.mat using Guid(896034ee84b649c46803ca0700659995) Importer(815301076,1909f56bfc062723c751e8b465ee728b)  -> (artifact id: 'ec003349dcd7c163d6c72c65e5155b4f') in 0.034340 seconds 
========================================================================
Received Import Request.
  Time since last request: 0.547029 seconds.
  path: Assets/Assets/Fence/Mats/T1/V1_T1_S1.mat
  artifactKey: Guid(d15382853af1aa14daf50bfe726fd7c9) Importer(815301076,1909f56bfc062723c751e8b465ee728b)
Start importing Assets/Assets/Fence/Mats/T1/V1_T1_S1.mat using Guid(d15382853af1aa14daf50bfe726fd7c9) Importer(815301076,1909f56bfc062723c751e8b465ee728b)  -> (artifact id: '7b8361901f679f48101ec921137b12b0') in 0.077395 seconds 
========================================================================
Received Import Request.
  Time since last request: 0.917757 seconds.
  path: Assets/Assets/Fence/Mats/T1/V1_T1_S2.mat
  artifactKey: Guid(30716811bfd378a448227c056ca4ec2b) Importer(815301076,1909f56bfc062723c751e8b465ee728b)
Start importing Assets/Assets/Fence/Mats/T1/V1_T1_S2.mat using Guid(30716811bfd378a448227c056ca4ec2b) Importer(815301076,1909f56bfc062723c751e8b465ee728b)  -> (artifact id: '1ee3eff5786dbdde997f0947642c41f9') in 0.104390 seconds 
========================================================================
Received Import Request.
  Time since last request: 0.000022 seconds.
  path: Assets/Assets/Fence/Mats/T2/V1_T2_S5.mat
  artifactKey: Guid(a1d46268eea1a7e49b31cb7c2cfca704) Importer(815301076,1909f56bfc062723c751e8b465ee728b)
Start importing Assets/Assets/Fence/Mats/T2/V1_T2_S5.mat using Guid(a1d46268eea1a7e49b31cb7c2cfca704) Importer(815301076,1909f56bfc062723c751e8b465ee728b)  -> (artifact id: 'a3b1d6c0c8b2147719ec9f33f7e2e00b') in 0.108228 seconds 
========================================================================
Received Import Request.
  Time since last request: 0.774634 seconds.
  path: Assets/Assets/HousePack/Models/House8/Materials/vgs_shopwall01_128.mat
  artifactKey: Guid(b1f71a3195ad9b542966c19d94b224fa) Importer(815301076,1909f56bfc062723c751e8b465ee728b)
Start importing Assets/Assets/HousePack/Models/House8/Materials/vgs_shopwall01_128.mat using Guid(b1f71a3195ad9b542966c19d94b224fa) Importer(815301076,1909f56bfc062723c751e8b465ee728b)  -> (artifact id: '2c58ed81795eeeeebfe5ab56e72eee09') in 0.027974 seconds 
========================================================================
Received Import Request.
  Time since last request: 146.669865 seconds.
  path: Assets/Green.mat
  artifactKey: Guid(ed32fa70eb4f38448b8865e1f0c40ba2) Importer(815301076,1909f56bfc062723c751e8b465ee728b)
Start importing Assets/Green.mat using Guid(ed32fa70eb4f38448b8865e1f0c40ba2) Importer(815301076,1909f56bfc062723c751e8b465ee728b)  -> (artifact id: '59aa8ccc285110972261e87971f0c6bd') in 0.013264 seconds 
========================================================================
Received Import Request.
  Time since last request: 50.300249 seconds.
  path: Assets/Green.mat
  artifactKey: Guid(ed32fa70eb4f38448b8865e1f0c40ba2) Importer(815301076,1909f56bfc062723c751e8b465ee728b)
Start importing Assets/Green.mat using Guid(ed32fa70eb4f38448b8865e1f0c40ba2) Importer(815301076,1909f56bfc062723c751e8b465ee728b)  -> (artifact id: 'a15a35bbf83c578b5463ba47f3221d1f') in 0.016453 seconds 
========================================================================
Received Import Request.
  Time since last request: 141.891476 seconds.
  path: Assets/Assets/Materials
  artifactKey: Guid(dc3a0e2334ed3894bac2e26d09e20e57) Importer(815301076,1909f56bfc062723c751e8b465ee728b)
Start importing Assets/Assets/Materials using Guid(dc3a0e2334ed3894bac2e26d09e20e57) Importer(815301076,1909f56bfc062723c751e8b465ee728b)  -> (artifact id: '026c3cbe3128be3ba8e49382463b04ee') in 0.001557 seconds 
========================================================================
Received Import Request.
  Time since last request: 4.126557 seconds.
  path: Assets/Assets/HousePack
  artifactKey: Guid(d0aaa2d4b02c4674596a8a3283ce31bb) Importer(815301076,1909f56bfc062723c751e8b465ee728b)
Start importing Assets/Assets/HousePack using Guid(d0aaa2d4b02c4674596a8a3283ce31bb) Importer(815301076,1909f56bfc062723c751e8b465ee728b)  -> (artifact id: 'fd298ae2a800d1520846e39fc01d90ec') in 0.011032 seconds 
========================================================================
Received Import Request.
  Time since last request: 5.344517 seconds.
  path: Assets/Assets/Houses
  artifactKey: Guid(d0aaa2d4b02c4674596a8a3283ce31bb) Importer(815301076,1909f56bfc062723c751e8b465ee728b)
Start importing Assets/Assets/Houses using Guid(d0aaa2d4b02c4674596a8a3283ce31bb) Importer(815301076,1909f56bfc062723c751e8b465ee728b)  -> (artifact id: 'a0bf778054c15fcf9ad5e193d53903ec') in 0.009372 seconds 
========================================================================
Received Import Request.
  Time since last request: 8.937346 seconds.
  path: Assets/Assets/Grass
  artifactKey: Guid(ea2dae2cb1148764181ff0ebfbf8887e) Importer(815301076,1909f56bfc062723c751e8b465ee728b)
Start importing Assets/Assets/Grass using Guid(ea2dae2cb1148764181ff0ebfbf8887e) Importer(815301076,1909f56bfc062723c751e8b465ee728b)  -> (artifact id: '290df969ddddd7e3cda95bdc15e36c25') in 0.009755 seconds 
========================================================================
Received Import Request.
  Time since last request: 4.588381 seconds.
  path: Assets/Assets/Resident/Materials
  artifactKey: Guid(62f5c2ad0fe942f4a81ed83028c4815a) Importer(815301076,1909f56bfc062723c751e8b465ee728b)
Start importing Assets/Assets/Resident/Materials using Guid(62f5c2ad0fe942f4a81ed83028c4815a) Importer(815301076,1909f56bfc062723c751e8b465ee728b)  -> (artifact id: 'fa1855d28e3925e7d09264d647772ecd') in 0.002382 seconds 
========================================================================
Received Import Request.
  Time since last request: 5.492528 seconds.
  path: Assets/Assets/Resident/Prefabs/Man_01.prefab
  artifactKey: Guid(ebc4580c7ed532b4cb07171aed640d52) Importer(815301076,1909f56bfc062723c751e8b465ee728b)
Start importing Assets/Assets/Resident/Prefabs/Man_01.prefab using Guid(ebc4580c7ed532b4cb07171aed640d52) Importer(815301076,1909f56bfc062723c751e8b465ee728b)  -> (artifact id: 'afde6f85fa374c41070ffca461a72448') in 0.299322 seconds 
========================================================================
Received Import Request.
  Time since last request: 0.000024 seconds.
  path: Assets/Assets/Resident/Prefabs/Man_Full.prefab
  artifactKey: Guid(5358fd1db56fd5f4ebd3a9185f223155) Importer(815301076,1909f56bfc062723c751e8b465ee728b)
Start importing Assets/Assets/Resident/Prefabs/Man_Full.prefab using Guid(5358fd1db56fd5f4ebd3a9185f223155) Importer(815301076,1909f56bfc062723c751e8b465ee728b)  -> (artifact id: 'aaba97ed8036f293d95514c605f3f281') in 0.168610 seconds 
========================================================================
Received Import Request.
  Time since last request: 0.000054 seconds.
  path: Assets/Assets/Resident/Prefabs/Man_03.prefab
  artifactKey: Guid(da1203547328fdb41974e0b5334e799a) Importer(815301076,1909f56bfc062723c751e8b465ee728b)
Start importing Assets/Assets/Resident/Prefabs/Man_03.prefab using Guid(da1203547328fdb41974e0b5334e799a) Importer(815301076,1909f56bfc062723c751e8b465ee728b)  -> (artifact id: 'b5547222e93a71dd3f3848fa7b41ab5f') in 0.128428 seconds 
========================================================================
Received Import Request.
  Time since last request: 11.155191 seconds.
  path: Assets/Assets/Houses/Perfabs
  artifactKey: Guid(987b96a73121b2f48b0f1c4f22f57389) Importer(815301076,1909f56bfc062723c751e8b465ee728b)
Start importing Assets/Assets/Houses/Perfabs using Guid(987b96a73121b2f48b0f1c4f22f57389) Importer(815301076,1909f56bfc062723c751e8b465ee728b)  -> (artifact id: '862128d683893d04d3b8e58fbdbed349') in 0.006677 seconds 
========================================================================
Received Import Request.
  Time since last request: 0.068751 seconds.
  path: Assets/Assets/Houses/Perfabs/House1.prefab
  artifactKey: Guid(0021dc7ae6ca2cb4bb44c107245b122f) Importer(815301076,1909f56bfc062723c751e8b465ee728b)
Start importing Assets/Assets/Houses/Perfabs/House1.prefab using Guid(0021dc7ae6ca2cb4bb44c107245b122f) Importer(815301076,1909f56bfc062723c751e8b465ee728b)  -> (artifact id: 'e089d02cdb4e3be4bec8efcab893ff78') in 0.031802 seconds 
========================================================================
Received Import Request.
  Time since last request: 0.000020 seconds.
  path: Assets/Assets/Houses/Perfabs/House7.prefab
  artifactKey: Guid(8e888a9b2caa8f34aa28745d02ea24fb) Importer(815301076,1909f56bfc062723c751e8b465ee728b)
Start importing Assets/Assets/Houses/Perfabs/House7.prefab using Guid(8e888a9b2caa8f34aa28745d02ea24fb) Importer(815301076,1909f56bfc062723c751e8b465ee728b)  -> (artifact id: '5234dfaab3138c0f055abf1e6b7b69db') in 0.033586 seconds 
========================================================================
Received Import Request.
  Time since last request: 0.000019 seconds.
  path: Assets/Assets/Houses/Perfabs/House8.prefab
  artifactKey: Guid(84d816b90a9224a46a067fbdcdc7ad63) Importer(815301076,1909f56bfc062723c751e8b465ee728b)
Start importing Assets/Assets/Houses/Perfabs/House8.prefab using Guid(84d816b90a9224a46a067fbdcdc7ad63) Importer(815301076,1909f56bfc062723c751e8b465ee728b)  -> (artifact id: '903658ea4febae84afe0ea3f6f16c6d0') in 0.029966 seconds 
========================================================================
Received Import Request.
  Time since last request: 0.000021 seconds.
  path: Assets/Assets/Houses/Perfabs/House4.prefab
  artifactKey: Guid(97686e80dd94cb04c9b02de1bf64121e) Importer(815301076,1909f56bfc062723c751e8b465ee728b)
Start importing Assets/Assets/Houses/Perfabs/House4.prefab using Guid(97686e80dd94cb04c9b02de1bf64121e) Importer(815301076,1909f56bfc062723c751e8b465ee728b)  -> (artifact id: 'b6197b77100cfb9c5d6808ac6b6d329a') in 0.038774 seconds 
========================================================================
Received Import Request.
  Time since last request: 4.731399 seconds.
  path: Assets/Assets/Houses/Scene
  artifactKey: Guid(6b6f499605dcc1e4fb74b27af0ee9cd7) Importer(815301076,1909f56bfc062723c751e8b465ee728b)
Start importing Assets/Assets/Houses/Scene using Guid(6b6f499605dcc1e4fb74b27af0ee9cd7) Importer(815301076,1909f56bfc062723c751e8b465ee728b)  -> (artifact id: '00452951fef4026aafc7549936dfbbca') in 0.010979 seconds 
========================================================================
Received Import Request.
  Time since last request: 0.035672 seconds.
  path: Assets/Assets/Houses/Scene/Grid.psd
  artifactKey: Guid(02a44592c55a9374586678404e629c7a) Importer(815301076,1909f56bfc062723c751e8b465ee728b)
Start importing Assets/Assets/Houses/Scene/Grid.psd using Guid(02a44592c55a9374586678404e629c7a) Importer(815301076,1909f56bfc062723c751e8b465ee728b)  -> (artifact id: '31d4c12105987e504f5b5a705abc115a') in 0.028034 seconds 
========================================================================
Received Import Request.
  Time since last request: 2.748693 seconds.
  path: Assets/Assets/Houses/Models
  artifactKey: Guid(a49d2ff79833c7549b5a86be3de4601e) Importer(815301076,1909f56bfc062723c751e8b465ee728b)
Start importing Assets/Assets/Houses/Models using Guid(a49d2ff79833c7549b5a86be3de4601e) Importer(815301076,1909f56bfc062723c751e8b465ee728b)  -> (artifact id: '0d14c34b96677e109754184a07a5ec18') in 0.011350 seconds 
========================================================================
Received Import Request.
  Time since last request: 0.942663 seconds.
  path: Assets/Assets/Houses/Models/House1
  artifactKey: Guid(94d06bce2f1910b42afbe16ae82b0fc2) Importer(815301076,1909f56bfc062723c751e8b465ee728b)
Start importing Assets/Assets/Houses/Models/House1 using Guid(94d06bce2f1910b42afbe16ae82b0fc2) Importer(815301076,1909f56bfc062723c751e8b465ee728b)  -> (artifact id: '3608918d2ff04ce9a87367a0aa9fd6ab') in 0.001695 seconds 
========================================================================
Received Import Request.
  Time since last request: 0.049403 seconds.
  path: Assets/Assets/Houses/Models/House1/House1.FBX
  artifactKey: Guid(c3d67df85cdf2904db4b914ddd22ad38) Importer(815301076,1909f56bfc062723c751e8b465ee728b)
Start importing Assets/Assets/Houses/Models/House1/House1.FBX using Guid(c3d67df85cdf2904db4b914ddd22ad38) Importer(815301076,1909f56bfc062723c751e8b465ee728b)  -> (artifact id: '917c562b1a5de561a35c35ca4480a431') in 0.020355 seconds 
