Using pre-set license
Built from '2021.3/staging' branch; Version is '2021.3.18f1 (3129e69bc0c7) revision 3221990'; Using compiler version '192829333'; Build Type 'Release'
OS: 'Windows 11  (10.0.22621) 64bit Core' Language: 'en' Physical Memory: 16088 MB
BatchMode: 1, IsHumanControllingUs: 0, StartBugReporterOnCrash: 0, Is64bit: 1, IsPro: 1

COMMAND LINE ARGUMENTS:
C:\Program Files\Unity\Hub\Editor\2021.3.18f1\Editor\Unity.exe
-adb2
-batchMode
-noUpm
-name
AssetImportWorker5
-projectPath
C:/Users/joell/OneDrive/Desktop/Boardgames/Boardgames/Belletje Trek
-logFile
Logs/AssetImportWorker5.log
-srvPort
56576
Successfully changed project path to: C:/Users/joell/OneDrive/Desktop/Boardgames/Boardgames/Belletje Trek
C:/Users/joell/OneDrive/Desktop/Boardgames/Boardgames/Belletje Trek
[UnityMemory] Configuration Parameters - Can be set up in boot.config
    "memorysetup-bucket-allocator-granularity=16"
    "memorysetup-bucket-allocator-bucket-count=8"
    "memorysetup-bucket-allocator-block-size=33554432"
    "memorysetup-bucket-allocator-block-count=8"
    "memorysetup-main-allocator-block-size=16777216"
    "memorysetup-thread-allocator-block-size=16777216"
    "memorysetup-gfx-main-allocator-block-size=16777216"
    "memorysetup-gfx-thread-allocator-block-size=16777216"
    "memorysetup-cache-allocator-block-size=4194304"
    "memorysetup-typetree-allocator-block-size=2097152"
    "memorysetup-profiler-bucket-allocator-granularity=16"
    "memorysetup-profiler-bucket-allocator-bucket-count=8"
    "memorysetup-profiler-bucket-allocator-block-size=33554432"
    "memorysetup-profiler-bucket-allocator-block-count=8"
    "memorysetup-profiler-allocator-block-size=16777216"
    "memorysetup-profiler-editor-allocator-block-size=1048576"
    "memorysetup-temp-allocator-size-main=16777216"
    "memorysetup-job-temp-allocator-block-size=2097152"
    "memorysetup-job-temp-allocator-block-size-background=1048576"
    "memorysetup-job-temp-allocator-reduction-small-platforms=262144"
    "memorysetup-temp-allocator-size-background-worker=32768"
    "memorysetup-temp-allocator-size-job-worker=262144"
    "memorysetup-temp-allocator-size-preload-manager=33554432"
    "memorysetup-temp-allocator-size-nav-mesh-worker=65536"
    "memorysetup-temp-allocator-size-audio-worker=65536"
    "memorysetup-temp-allocator-size-cloud-worker=32768"
    "memorysetup-temp-allocator-size-gi-baking-worker=262144"
    "memorysetup-temp-allocator-size-gfx=262144"
Player connection [23088] Host "[IP] 192.168.68.112 [Port] 0 [Flags] 2 [Guid] 3645176593 [EditorId] 3645176593 [Version] 1048832 [Id] WindowsEditor(7,MSI) [Debug] 1 [PackageName] WindowsEditor [ProjectName] Editor" joined multi-casting on [225.0.0.222:54997]...

Player connection [23088] Host "[IP] 192.168.68.112 [Port] 0 [Flags] 2 [Guid] 3645176593 [EditorId] 3645176593 [Version] 1048832 [Id] WindowsEditor(7,MSI) [Debug] 1 [PackageName] WindowsEditor [ProjectName] Editor" joined alternative multi-casting on [225.0.0.222:34997]...

Refreshing native plugins compatible for Editor in 52.67 ms, found 3 plugins.
Preloading 0 native plugins for Editor in 0.00 ms.
Initialize engine version: 2021.3.18f1 (3129e69bc0c7)
[Subsystems] Discovering subsystems at path C:/Program Files/Unity/Hub/Editor/2021.3.18f1/Editor/Data/Resources/UnitySubsystems
[Subsystems] Discovering subsystems at path C:/Users/joell/OneDrive/Desktop/Boardgames/Boardgames/Belletje Trek/Assets
GfxDevice: creating device client; threaded=0; jobified=0
Direct3D:
    Version:  Direct3D 11.0 [level 11.1]
    Renderer: NVIDIA GeForce RTX 3070 Ti Laptop GPU (ID=0x24a0)
    Vendor:   NVIDIA
    VRAM:     8043 MB
    Driver:   30.0.15.1165
Initialize mono
Mono path[0] = 'C:/Program Files/Unity/Hub/Editor/2021.3.18f1/Editor/Data/Managed'
Mono path[1] = 'C:/Program Files/Unity/Hub/Editor/2021.3.18f1/Editor/Data/MonoBleedingEdge/lib/mono/unityjit-win32'
Mono config path = 'C:/Program Files/Unity/Hub/Editor/2021.3.18f1/Editor/Data/MonoBleedingEdge/etc'
Using monoOptions --debugger-agent=transport=dt_socket,embedding=1,server=y,suspend=n,address=127.0.0.1:56848
Begin MonoManager ReloadAssembly
Registering precompiled unity dll's ...
Register platform support module: C:/Program Files/Unity/Hub/Editor/2021.3.18f1/Editor/Data/PlaybackEngines/WindowsStandaloneSupport/UnityEditor.WindowsStandalone.Extensions.dll
Registered in 0.002329 seconds.
Native extension for WindowsStandalone target not found
Refreshing native plugins compatible for Editor in 55.36 ms, found 3 plugins.
Preloading 0 native plugins for Editor in 0.00 ms.
Mono: successfully reloaded assembly
- Completed reload, in  0.427 seconds
Domain Reload Profiling:
	ReloadAssembly (427ms)
		BeginReloadAssembly (45ms)
			ExecutionOrderSort (0ms)
			DisableScriptedObjects (0ms)
			BackupInstance (0ms)
			ReleaseScriptingObjects (0ms)
			CreateAndSetChildDomain (1ms)
		EndReloadAssembly (313ms)
			LoadAssemblies (43ms)
			RebuildTransferFunctionScriptingTraits (0ms)
			SetupTypeCache (70ms)
			ReleaseScriptCaches (0ms)
			RebuildScriptCaches (18ms)
			SetupLoadedEditorAssemblies (192ms)
				LogAssemblyErrors (0ms)
				InitializePlatformSupportModulesInManaged (5ms)
				SetLoadedEditorAssemblies (0ms)
				RefreshPlugins (55ms)
				BeforeProcessingInitializeOnLoad (1ms)
				ProcessInitializeOnLoadAttributes (96ms)
				ProcessInitializeOnLoadMethodAttributes (35ms)
				AfterProcessingInitializeOnLoad (0ms)
				EditorAssembliesLoaded (0ms)
			ExecutionOrderSort2 (0ms)
			AwakeInstancesAfterBackupRestoration (0ms)
Platform modules already initialized, skipping
Registering precompiled user dll's ...
Registered in 0.002481 seconds.
Begin MonoManager ReloadAssembly
Symbol file LoadedFromMemory doesn't match image C:\Users\joell\OneDrive\Desktop\Boardgames\Boardgames\Belletje Trek\Library\PackageCache\com.unity.visualscripting@1.8.0\Editor\VisualScripting.Core\Dependencies\YamlDotNet\Unity.VisualScripting.YamlDotNet.dll
Symbol file LoadedFromMemory doesn't match image C:\Users\joell\OneDrive\Desktop\Boardgames\Boardgames\Belletje Trek\Library\PackageCache\com.unity.visualscripting@1.8.0\Editor\VisualScripting.Core\Dependencies\DotNetZip\Unity.VisualScripting.IonicZip.dll
Native extension for WindowsStandalone target not found
Refreshing native plugins compatible for Editor in 0.48 ms, found 3 plugins.
Preloading 0 native plugins for Editor in 0.00 ms.
Mono: successfully reloaded assembly
- Completed reload, in  0.687 seconds
Domain Reload Profiling:
	ReloadAssembly (688ms)
		BeginReloadAssembly (72ms)
			ExecutionOrderSort (0ms)
			DisableScriptedObjects (4ms)
			BackupInstance (0ms)
			ReleaseScriptingObjects (0ms)
			CreateAndSetChildDomain (14ms)
		EndReloadAssembly (537ms)
			LoadAssemblies (49ms)
			RebuildTransferFunctionScriptingTraits (0ms)
			SetupTypeCache (174ms)
			ReleaseScriptCaches (0ms)
			RebuildScriptCaches (36ms)
			SetupLoadedEditorAssemblies (247ms)
				LogAssemblyErrors (0ms)
				InitializePlatformSupportModulesInManaged (3ms)
				SetLoadedEditorAssemblies (0ms)
				RefreshPlugins (1ms)
				BeforeProcessingInitializeOnLoad (54ms)
				ProcessInitializeOnLoadAttributes (171ms)
				ProcessInitializeOnLoadMethodAttributes (14ms)
				AfterProcessingInitializeOnLoad (3ms)
				EditorAssembliesLoaded (0ms)
			ExecutionOrderSort2 (0ms)
			AwakeInstancesAfterBackupRestoration (4ms)
Platform modules already initialized, skipping
========================================================================
Worker process is ready to serve import requests
Launched and connected shader compiler UnityShaderCompiler.exe after 0.03 seconds
Refreshing native plugins compatible for Editor in 0.45 ms, found 3 plugins.
Preloading 0 native plugins for Editor in 0.00 ms.
Unloading 3051 Unused Serialized files (Serialized files now loaded: 0)
Unloading 24 unused Assets / (113.6 KB). Loaded Objects now: 3512.
Memory consumption went from 108.2 MB to 108.1 MB.
Total: 2.748700 ms (FindLiveObjects: 0.170000 ms CreateObjectMapping: 0.142800 ms MarkObjects: 2.343400 ms  DeleteObjects: 0.091700 ms)

AssetImportParameters requested are different than current active one (requested -> active):
  custom:video-decoder-ogg-theora: a1e56fd34408186e4bbccfd4996cb3dc -> 
  custom:container-muxer-webm: aa71ff27fc2769a1b78a27578f13a17b -> 
  custom:container-demuxer-webm: 4f35f7cbe854078d1ac9338744f61a02 -> 
  custom:video-encoder-webm-vp8: eb34c28f22e8b96e1ab97ce403110664 -> 
  custom:audio-encoder-webm-vorbis: bf7c407c2cedff20999df2af8eb42d56 -> 
  custom:framework-win-MediaFoundation: 216162199b28c13a410421893ffa2e32 -> 
  custom:container-demuxer-ogg: 62fdf1f143b41e24485cea50d1cbac27 -> 
  custom:video-decoder-webm-vp8: 9c59270c3fd7afecdb556c50c9e8de78 -> 
  custom:audio-decoder-ogg-vorbis: bf7c407c2cedff20999df2af8eb42d56 -> 
========================================================================
Received Import Request.
  Time since last request: 93187.764169 seconds.
  path: Assets/Assets/Playground/Prefabs/SM_Tree_02.prefab
  artifactKey: Guid(fd6a3b627ddc2df4d89542b893289c52) Importer(815301076,1909f56bfc062723c751e8b465ee728b)
Start importing Assets/Assets/Playground/Prefabs/SM_Tree_02.prefab using Guid(fd6a3b627ddc2df4d89542b893289c52) Importer(815301076,1909f56bfc062723c751e8b465ee728b)  -> (artifact id: 'dc9314ad4092cc3c7ca2dccf9d56244d') in 0.094784 seconds 
========================================================================
Received Import Request.
  Time since last request: 0.000021 seconds.
  path: Assets/Assets/Playground/Prefabs/SM_Tube_01.prefab
  artifactKey: Guid(918a8146c8dd2c749bc63349d9ca7c46) Importer(815301076,1909f56bfc062723c751e8b465ee728b)
Start importing Assets/Assets/Playground/Prefabs/SM_Tube_01.prefab using Guid(918a8146c8dd2c749bc63349d9ca7c46) Importer(815301076,1909f56bfc062723c751e8b465ee728b)  -> (artifact id: '5b94af96c6d84160d94ddda44ade6710') in 0.027709 seconds 
========================================================================
Received Import Request.
  Time since last request: 54.412980 seconds.
  path: Assets/Assets/Fence/Prefab/T1/V1_T1_S4.prefab
  artifactKey: Guid(8187d2ea101f9734fbd61915152584c5) Importer(815301076,1909f56bfc062723c751e8b465ee728b)
Start importing Assets/Assets/Fence/Prefab/T1/V1_T1_S4.prefab using Guid(8187d2ea101f9734fbd61915152584c5) Importer(815301076,1909f56bfc062723c751e8b465ee728b)  -> (artifact id: 'a354aca33c4857f0520fa05799b5409b') in 0.084627 seconds 
========================================================================
Received Prepare
Registering precompiled user dll's ...
Registered in 0.002580 seconds.
Begin MonoManager ReloadAssembly
Symbol file LoadedFromMemory doesn't match image C:\Users\joell\OneDrive\Desktop\Boardgames\Boardgames\Belletje Trek\Library\PackageCache\com.unity.visualscripting@1.8.0\Editor\VisualScripting.Core\Dependencies\YamlDotNet\Unity.VisualScripting.YamlDotNet.dll
Symbol file LoadedFromMemory doesn't match image C:\Users\joell\OneDrive\Desktop\Boardgames\Boardgames\Belletje Trek\Library\PackageCache\com.unity.visualscripting@1.8.0\Editor\VisualScripting.Core\Dependencies\DotNetZip\Unity.VisualScripting.IonicZip.dll
Native extension for WindowsStandalone target not found
Refreshing native plugins compatible for Editor in 0.46 ms, found 3 plugins.
Preloading 0 native plugins for Editor in 0.00 ms.
Mono: successfully reloaded assembly
- Completed reload, in  0.687 seconds
Domain Reload Profiling:
	ReloadAssembly (688ms)
		BeginReloadAssembly (95ms)
			ExecutionOrderSort (0ms)
			DisableScriptedObjects (6ms)
			BackupInstance (0ms)
			ReleaseScriptingObjects (0ms)
			CreateAndSetChildDomain (28ms)
		EndReloadAssembly (523ms)
			LoadAssemblies (47ms)
			RebuildTransferFunctionScriptingTraits (0ms)
			SetupTypeCache (163ms)
			ReleaseScriptCaches (1ms)
			RebuildScriptCaches (35ms)
			SetupLoadedEditorAssemblies (236ms)
				LogAssemblyErrors (0ms)
				InitializePlatformSupportModulesInManaged (10ms)
				SetLoadedEditorAssemblies (0ms)
				RefreshPlugins (0ms)
				BeforeProcessingInitializeOnLoad (43ms)
				ProcessInitializeOnLoadAttributes (163ms)
				ProcessInitializeOnLoadMethodAttributes (16ms)
				AfterProcessingInitializeOnLoad (4ms)
				EditorAssembliesLoaded (0ms)
			ExecutionOrderSort2 (0ms)
			AwakeInstancesAfterBackupRestoration (5ms)
Platform modules already initialized, skipping
Refreshing native plugins compatible for Editor in 1.04 ms, found 3 plugins.
Preloading 0 native plugins for Editor in 0.00 ms.
Unloading 3046 Unused Serialized files (Serialized files now loaded: 0)
Unloading 17 unused Assets / (80.2 KB). Loaded Objects now: 3523.
Memory consumption went from 112.4 MB to 112.4 MB.
Total: 2.166100 ms (FindLiveObjects: 0.213900 ms CreateObjectMapping: 0.067500 ms MarkObjects: 1.804100 ms  DeleteObjects: 0.077100 ms)

AssetImportParameters requested are different than current active one (requested -> active):
  custom:video-decoder-ogg-theora: a1e56fd34408186e4bbccfd4996cb3dc -> 
  custom:container-muxer-webm: aa71ff27fc2769a1b78a27578f13a17b -> 
  custom:container-demuxer-webm: 4f35f7cbe854078d1ac9338744f61a02 -> 
  custom:video-encoder-webm-vp8: eb34c28f22e8b96e1ab97ce403110664 -> 
  custom:audio-encoder-webm-vorbis: bf7c407c2cedff20999df2af8eb42d56 -> 
  custom:framework-win-MediaFoundation: 216162199b28c13a410421893ffa2e32 -> 
  custom:container-demuxer-ogg: 62fdf1f143b41e24485cea50d1cbac27 -> 
  custom:video-decoder-webm-vp8: 9c59270c3fd7afecdb556c50c9e8de78 -> 
  custom:audio-decoder-ogg-vorbis: bf7c407c2cedff20999df2af8eb42d56 -> 
========================================================================
Received Prepare
Registering precompiled user dll's ...
Registered in 0.002650 seconds.
Begin MonoManager ReloadAssembly
Symbol file LoadedFromMemory doesn't match image C:\Users\joell\OneDrive\Desktop\Boardgames\Boardgames\Belletje Trek\Library\PackageCache\com.unity.visualscripting@1.8.0\Editor\VisualScripting.Core\Dependencies\YamlDotNet\Unity.VisualScripting.YamlDotNet.dll
Symbol file LoadedFromMemory doesn't match image C:\Users\joell\OneDrive\Desktop\Boardgames\Boardgames\Belletje Trek\Library\PackageCache\com.unity.visualscripting@1.8.0\Editor\VisualScripting.Core\Dependencies\DotNetZip\Unity.VisualScripting.IonicZip.dll
Native extension for WindowsStandalone target not found
Refreshing native plugins compatible for Editor in 0.44 ms, found 3 plugins.
Preloading 0 native plugins for Editor in 0.00 ms.
Mono: successfully reloaded assembly
- Completed reload, in  0.655 seconds
Domain Reload Profiling:
	ReloadAssembly (656ms)
		BeginReloadAssembly (96ms)
			ExecutionOrderSort (0ms)
			DisableScriptedObjects (4ms)
			BackupInstance (0ms)
			ReleaseScriptingObjects (0ms)
			CreateAndSetChildDomain (26ms)
		EndReloadAssembly (494ms)
			LoadAssemblies (55ms)
			RebuildTransferFunctionScriptingTraits (0ms)
			SetupTypeCache (171ms)
			ReleaseScriptCaches (1ms)
			RebuildScriptCaches (31ms)
			SetupLoadedEditorAssemblies (206ms)
				LogAssemblyErrors (0ms)
				InitializePlatformSupportModulesInManaged (8ms)
				SetLoadedEditorAssemblies (0ms)
				RefreshPlugins (0ms)
				BeforeProcessingInitializeOnLoad (42ms)
				ProcessInitializeOnLoadAttributes (139ms)
				ProcessInitializeOnLoadMethodAttributes (13ms)
				AfterProcessingInitializeOnLoad (3ms)
				EditorAssembliesLoaded (0ms)
			ExecutionOrderSort2 (0ms)
			AwakeInstancesAfterBackupRestoration (4ms)
Platform modules already initialized, skipping
Refreshing native plugins compatible for Editor in 1.03 ms, found 3 plugins.
Preloading 0 native plugins for Editor in 0.00 ms.
Unloading 3049 Unused Serialized files (Serialized files now loaded: 0)
Unloading 19 unused Assets / (0.8 MB). Loaded Objects now: 3527.
Memory consumption went from 113.4 MB to 112.6 MB.
Total: 2.273100 ms (FindLiveObjects: 0.149200 ms CreateObjectMapping: 0.065800 ms MarkObjects: 1.785600 ms  DeleteObjects: 0.271900 ms)

AssetImportParameters requested are different than current active one (requested -> active):
  custom:video-decoder-ogg-theora: a1e56fd34408186e4bbccfd4996cb3dc -> 
  custom:container-muxer-webm: aa71ff27fc2769a1b78a27578f13a17b -> 
  custom:container-demuxer-webm: 4f35f7cbe854078d1ac9338744f61a02 -> 
  custom:video-encoder-webm-vp8: eb34c28f22e8b96e1ab97ce403110664 -> 
  custom:audio-encoder-webm-vorbis: bf7c407c2cedff20999df2af8eb42d56 -> 
  custom:framework-win-MediaFoundation: 216162199b28c13a410421893ffa2e32 -> 
  custom:container-demuxer-ogg: 62fdf1f143b41e24485cea50d1cbac27 -> 
  custom:video-decoder-webm-vp8: 9c59270c3fd7afecdb556c50c9e8de78 -> 
  custom:audio-decoder-ogg-vorbis: bf7c407c2cedff20999df2af8eb42d56 -> 
========================================================================
Received Prepare
Registering precompiled user dll's ...
Registered in 0.003940 seconds.
Begin MonoManager ReloadAssembly
Symbol file LoadedFromMemory doesn't match image C:\Users\joell\OneDrive\Desktop\Boardgames\Boardgames\Belletje Trek\Library\PackageCache\com.unity.visualscripting@1.8.0\Editor\VisualScripting.Core\Dependencies\YamlDotNet\Unity.VisualScripting.YamlDotNet.dll
Symbol file LoadedFromMemory doesn't match image C:\Users\joell\OneDrive\Desktop\Boardgames\Boardgames\Belletje Trek\Library\PackageCache\com.unity.visualscripting@1.8.0\Editor\VisualScripting.Core\Dependencies\DotNetZip\Unity.VisualScripting.IonicZip.dll
Native extension for WindowsStandalone target not found
Refreshing native plugins compatible for Editor in 0.48 ms, found 3 plugins.
Preloading 0 native plugins for Editor in 0.00 ms.
Mono: successfully reloaded assembly
- Completed reload, in  0.678 seconds
Domain Reload Profiling:
	ReloadAssembly (678ms)
		BeginReloadAssembly (88ms)
			ExecutionOrderSort (0ms)
			DisableScriptedObjects (3ms)
			BackupInstance (0ms)
			ReleaseScriptingObjects (0ms)
			CreateAndSetChildDomain (23ms)
		EndReloadAssembly (528ms)
			LoadAssemblies (50ms)
			RebuildTransferFunctionScriptingTraits (0ms)
			SetupTypeCache (164ms)
			ReleaseScriptCaches (1ms)
			RebuildScriptCaches (36ms)
			SetupLoadedEditorAssemblies (232ms)
				LogAssemblyErrors (0ms)
				InitializePlatformSupportModulesInManaged (10ms)
				SetLoadedEditorAssemblies (0ms)
				RefreshPlugins (1ms)
				BeforeProcessingInitializeOnLoad (44ms)
				ProcessInitializeOnLoadAttributes (161ms)
				ProcessInitializeOnLoadMethodAttributes (12ms)
				AfterProcessingInitializeOnLoad (3ms)
				EditorAssembliesLoaded (0ms)
			ExecutionOrderSort2 (0ms)
			AwakeInstancesAfterBackupRestoration (4ms)
Platform modules already initialized, skipping
Refreshing native plugins compatible for Editor in 1.02 ms, found 3 plugins.
Preloading 0 native plugins for Editor in 0.00 ms.
Unloading 3049 Unused Serialized files (Serialized files now loaded: 0)
Unloading 19 unused Assets / (0.8 MB). Loaded Objects now: 3530.
Memory consumption went from 113.4 MB to 112.6 MB.
Total: 2.188600 ms (FindLiveObjects: 0.152600 ms CreateObjectMapping: 0.068000 ms MarkObjects: 1.696600 ms  DeleteObjects: 0.270600 ms)

AssetImportParameters requested are different than current active one (requested -> active):
  custom:video-decoder-ogg-theora: a1e56fd34408186e4bbccfd4996cb3dc -> 
  custom:container-muxer-webm: aa71ff27fc2769a1b78a27578f13a17b -> 
  custom:container-demuxer-webm: 4f35f7cbe854078d1ac9338744f61a02 -> 
  custom:video-encoder-webm-vp8: eb34c28f22e8b96e1ab97ce403110664 -> 
  custom:audio-encoder-webm-vorbis: bf7c407c2cedff20999df2af8eb42d56 -> 
  custom:framework-win-MediaFoundation: 216162199b28c13a410421893ffa2e32 -> 
  custom:container-demuxer-ogg: 62fdf1f143b41e24485cea50d1cbac27 -> 
  custom:video-decoder-webm-vp8: 9c59270c3fd7afecdb556c50c9e8de78 -> 
  custom:audio-decoder-ogg-vorbis: bf7c407c2cedff20999df2af8eb42d56 -> 
========================================================================
Received Prepare
Registering precompiled user dll's ...
Registered in 0.003512 seconds.
Begin MonoManager ReloadAssembly
Symbol file LoadedFromMemory doesn't match image C:\Users\joell\OneDrive\Desktop\Boardgames\Boardgames\Belletje Trek\Library\PackageCache\com.unity.visualscripting@1.8.0\Editor\VisualScripting.Core\Dependencies\YamlDotNet\Unity.VisualScripting.YamlDotNet.dll
Symbol file LoadedFromMemory doesn't match image C:\Users\joell\OneDrive\Desktop\Boardgames\Boardgames\Belletje Trek\Library\PackageCache\com.unity.visualscripting@1.8.0\Editor\VisualScripting.Core\Dependencies\DotNetZip\Unity.VisualScripting.IonicZip.dll
Native extension for WindowsStandalone target not found
Refreshing native plugins compatible for Editor in 0.68 ms, found 3 plugins.
Preloading 0 native plugins for Editor in 0.00 ms.
Mono: successfully reloaded assembly
- Completed reload, in  0.674 seconds
Domain Reload Profiling:
	ReloadAssembly (674ms)
		BeginReloadAssembly (87ms)
			ExecutionOrderSort (0ms)
			DisableScriptedObjects (3ms)
			BackupInstance (0ms)
			ReleaseScriptingObjects (0ms)
			CreateAndSetChildDomain (23ms)
		EndReloadAssembly (523ms)
			LoadAssemblies (51ms)
			RebuildTransferFunctionScriptingTraits (0ms)
			SetupTypeCache (177ms)
			ReleaseScriptCaches (1ms)
			RebuildScriptCaches (31ms)
			SetupLoadedEditorAssemblies (229ms)
				LogAssemblyErrors (0ms)
				InitializePlatformSupportModulesInManaged (10ms)
				SetLoadedEditorAssemblies (0ms)
				RefreshPlugins (1ms)
				BeforeProcessingInitializeOnLoad (47ms)
				ProcessInitializeOnLoadAttributes (155ms)
				ProcessInitializeOnLoadMethodAttributes (12ms)
				AfterProcessingInitializeOnLoad (4ms)
				EditorAssembliesLoaded (0ms)
			ExecutionOrderSort2 (0ms)
			AwakeInstancesAfterBackupRestoration (4ms)
Platform modules already initialized, skipping
Refreshing native plugins compatible for Editor in 1.10 ms, found 3 plugins.
Preloading 0 native plugins for Editor in 0.00 ms.
Unloading 3049 Unused Serialized files (Serialized files now loaded: 0)
Unloading 19 unused Assets / (0.8 MB). Loaded Objects now: 3533.
Memory consumption went from 113.5 MB to 112.6 MB.
Total: 2.192500 ms (FindLiveObjects: 0.164900 ms CreateObjectMapping: 0.075000 ms MarkObjects: 1.672100 ms  DeleteObjects: 0.279700 ms)

AssetImportParameters requested are different than current active one (requested -> active):
  custom:video-decoder-ogg-theora: a1e56fd34408186e4bbccfd4996cb3dc -> 
  custom:container-muxer-webm: aa71ff27fc2769a1b78a27578f13a17b -> 
  custom:container-demuxer-webm: 4f35f7cbe854078d1ac9338744f61a02 -> 
  custom:video-encoder-webm-vp8: eb34c28f22e8b96e1ab97ce403110664 -> 
  custom:audio-encoder-webm-vorbis: bf7c407c2cedff20999df2af8eb42d56 -> 
  custom:framework-win-MediaFoundation: 216162199b28c13a410421893ffa2e32 -> 
  custom:container-demuxer-ogg: 62fdf1f143b41e24485cea50d1cbac27 -> 
  custom:video-decoder-webm-vp8: 9c59270c3fd7afecdb556c50c9e8de78 -> 
  custom:audio-decoder-ogg-vorbis: bf7c407c2cedff20999df2af8eb42d56 -> 
========================================================================
Received Import Request.
  Time since last request: 1110.405178 seconds.
  path: Assets/Assets/Graves/Prefabs/CoffinTexture_2.prefab
  artifactKey: Guid(63e1976b906dbf24b9ae9d9335ef99a5) Importer(815301076,1909f56bfc062723c751e8b465ee728b)
Start importing Assets/Assets/Graves/Prefabs/CoffinTexture_2.prefab using Guid(63e1976b906dbf24b9ae9d9335ef99a5) Importer(815301076,1909f56bfc062723c751e8b465ee728b)  -> (artifact id: 'd89b0a30056b97fc157fdab0ce553474') in 0.346845 seconds 
========================================================================
Received Import Request.
  Time since last request: 0.000029 seconds.
  path: Assets/Assets/Graves/Prefabs/GraveCircleStumpSlightDamage_2.prefab
  artifactKey: Guid(71fbbd54c68b0b84296515ebeba0eba6) Importer(815301076,1909f56bfc062723c751e8b465ee728b)
Start importing Assets/Assets/Graves/Prefabs/GraveCircleStumpSlightDamage_2.prefab using Guid(71fbbd54c68b0b84296515ebeba0eba6) Importer(815301076,1909f56bfc062723c751e8b465ee728b)  -> (artifact id: '2acb0d55aa3dc147acd7944cc8683f53') in 0.017955 seconds 
========================================================================
Received Import Request.
  Time since last request: 0.000035 seconds.
  path: Assets/Assets/Graves/Prefabs/GraveType4_2.prefab
  artifactKey: Guid(4d64b38c43e906d4cab809c9460bfc78) Importer(815301076,1909f56bfc062723c751e8b465ee728b)
Start importing Assets/Assets/Graves/Prefabs/GraveType4_2.prefab using Guid(4d64b38c43e906d4cab809c9460bfc78) Importer(815301076,1909f56bfc062723c751e8b465ee728b)  -> (artifact id: 'f85ba781057037a0ce45681c0094323c') in 0.022217 seconds 
========================================================================
Received Import Request.
  Time since last request: 0.000020 seconds.
  path: Assets/Assets/Graves/Prefabs/GraveType3_Damaged_2.prefab
  artifactKey: Guid(f6f8a84ce962cb042ad9edb3044f202d) Importer(815301076,1909f56bfc062723c751e8b465ee728b)
Start importing Assets/Assets/Graves/Prefabs/GraveType3_Damaged_2.prefab using Guid(f6f8a84ce962cb042ad9edb3044f202d) Importer(815301076,1909f56bfc062723c751e8b465ee728b)  -> (artifact id: 'ac9e8d5d1d385cbc4a6cbb5b12bc20b2') in 0.020703 seconds 
========================================================================
Received Import Request.
  Time since last request: 0.000020 seconds.
  path: Assets/Assets/Graves/Prefabs/GraveCircleStump_2.prefab
  artifactKey: Guid(54b93a659cabcb14780100955513aa03) Importer(815301076,1909f56bfc062723c751e8b465ee728b)
Start importing Assets/Assets/Graves/Prefabs/GraveCircleStump_2.prefab using Guid(54b93a659cabcb14780100955513aa03) Importer(815301076,1909f56bfc062723c751e8b465ee728b)  -> (artifact id: '2b85580baf5fd88e7b70246a1dd07b90') in 0.018365 seconds 
========================================================================
Received Import Request.
  Time since last request: 0.000024 seconds.
  path: Assets/Assets/Graves/Prefabs/TombFantasyChunk_3.prefab
  artifactKey: Guid(d0e6f4ccc0197274fb2a8addf332046f) Importer(815301076,1909f56bfc062723c751e8b465ee728b)
Start importing Assets/Assets/Graves/Prefabs/TombFantasyChunk_3.prefab using Guid(d0e6f4ccc0197274fb2a8addf332046f) Importer(815301076,1909f56bfc062723c751e8b465ee728b)  -> (artifact id: '2cfcbf93d47ec9f3e8090690034314a9') in 0.020900 seconds 
========================================================================
Received Import Request.
  Time since last request: 0.000019 seconds.
  path: Assets/Assets/Graves/Prefabs/GraveType5_Damaged_2.prefab
  artifactKey: Guid(42c9cfd0ad2a02645a8e5682666da24e) Importer(815301076,1909f56bfc062723c751e8b465ee728b)
Start importing Assets/Assets/Graves/Prefabs/GraveType5_Damaged_2.prefab using Guid(42c9cfd0ad2a02645a8e5682666da24e) Importer(815301076,1909f56bfc062723c751e8b465ee728b)  -> (artifact id: '5b30f359d2ba9b84749c0ace28962755') in 0.023293 seconds 
========================================================================
Received Import Request.
  Time since last request: 0.000017 seconds.
  path: Assets/Assets/Graves/Prefabs/GraveType3_2.prefab
  artifactKey: Guid(49d140329291d1b4b8d25efb882c77e2) Importer(815301076,1909f56bfc062723c751e8b465ee728b)
Start importing Assets/Assets/Graves/Prefabs/GraveType3_2.prefab using Guid(49d140329291d1b4b8d25efb882c77e2) Importer(815301076,1909f56bfc062723c751e8b465ee728b)  -> (artifact id: 'c2556b1a03a1df76abb66301b72815e9') in 0.016536 seconds 
========================================================================
Received Import Request.
  Time since last request: 0.000033 seconds.
  path: Assets/Assets/Graves/Prefabs/GraveType1_2.prefab
  artifactKey: Guid(4921f8fd6d3150245a97e40f7c8df604) Importer(815301076,1909f56bfc062723c751e8b465ee728b)
Start importing Assets/Assets/Graves/Prefabs/GraveType1_2.prefab using Guid(4921f8fd6d3150245a97e40f7c8df604) Importer(815301076,1909f56bfc062723c751e8b465ee728b)  -> (artifact id: 'bc338d0ea081808845c1ca6b476eb66a') in 0.019666 seconds 
========================================================================
Received Import Request.
  Time since last request: 0.000020 seconds.
  path: Assets/Assets/Graves/Prefabs/GraveType1_VeryDamaged_2.prefab
  artifactKey: Guid(659c81b20c121724a9c7d7228485cb59) Importer(815301076,1909f56bfc062723c751e8b465ee728b)
Start importing Assets/Assets/Graves/Prefabs/GraveType1_VeryDamaged_2.prefab using Guid(659c81b20c121724a9c7d7228485cb59) Importer(815301076,1909f56bfc062723c751e8b465ee728b)  -> (artifact id: 'd71c5fe295bae9aa773b3535c3401f88') in 0.020228 seconds 
========================================================================
Received Import Request.
  Time since last request: 0.000018 seconds.
  path: Assets/Assets/Graves/Prefabs/TombFantasyCross_2.prefab
  artifactKey: Guid(dfba7ba01d003bd4180f1b0687cc3ad2) Importer(815301076,1909f56bfc062723c751e8b465ee728b)
Start importing Assets/Assets/Graves/Prefabs/TombFantasyCross_2.prefab using Guid(dfba7ba01d003bd4180f1b0687cc3ad2) Importer(815301076,1909f56bfc062723c751e8b465ee728b)  -> (artifact id: 'b5e79d5e9f6d682d3b1adf12b9e7caca') in 0.018504 seconds 
========================================================================
Received Import Request.
  Time since last request: 0.000019 seconds.
  path: Assets/Assets/Graves/Prefabs/GraveCircleMini_2.prefab
  artifactKey: Guid(8428a5e2c37b0d645a3818eb637d59c5) Importer(815301076,1909f56bfc062723c751e8b465ee728b)
Start importing Assets/Assets/Graves/Prefabs/GraveCircleMini_2.prefab using Guid(8428a5e2c37b0d645a3818eb637d59c5) Importer(815301076,1909f56bfc062723c751e8b465ee728b)  -> (artifact id: '3e4e27875ec150eb3831abb4d0d207bc') in 0.016871 seconds 
========================================================================
Received Import Request.
  Time since last request: 0.000041 seconds.
  path: Assets/Assets/Graves/Prefabs/GraveType6_Damaged_2.prefab
  artifactKey: Guid(f9d5c022e8d8aad459867550d3734317) Importer(815301076,1909f56bfc062723c751e8b465ee728b)
Start importing Assets/Assets/Graves/Prefabs/GraveType6_Damaged_2.prefab using Guid(f9d5c022e8d8aad459867550d3734317) Importer(815301076,1909f56bfc062723c751e8b465ee728b)  -> (artifact id: '6cda4ddb8c21289047e80c255ac3cfe3') in 0.018711 seconds 
========================================================================
Received Import Request.
  Time since last request: 0.000027 seconds.
  path: Assets/Assets/Graves/Prefabs/GraveType5_2.prefab
  artifactKey: Guid(bbe4da5cc446d0d46a34fc5ed4a42e67) Importer(815301076,1909f56bfc062723c751e8b465ee728b)
Start importing Assets/Assets/Graves/Prefabs/GraveType5_2.prefab using Guid(bbe4da5cc446d0d46a34fc5ed4a42e67) Importer(815301076,1909f56bfc062723c751e8b465ee728b)  -> (artifact id: '35af5fae98849d1349a643f810165ece') in 0.019884 seconds 
========================================================================
Received Import Request.
  Time since last request: 0.000022 seconds.
  path: Assets/Assets/Graves/Prefabs/MegaGravestone_2.prefab
  artifactKey: Guid(7691546044b532d4db33a4d41c154c37) Importer(815301076,1909f56bfc062723c751e8b465ee728b)
Start importing Assets/Assets/Graves/Prefabs/MegaGravestone_2.prefab using Guid(7691546044b532d4db33a4d41c154c37) Importer(815301076,1909f56bfc062723c751e8b465ee728b)  -> (artifact id: 'a8e20326c4bfbe8a809350b2a9fd8ce3') in 0.019191 seconds 
========================================================================
Received Import Request.
  Time since last request: 0.000021 seconds.
  path: Assets/Assets/Graves/Prefabs/GraveType6_VeryDamaged_2.prefab
  artifactKey: Guid(b6d741fa3e5ecf74aa70a63138d0800f) Importer(815301076,1909f56bfc062723c751e8b465ee728b)
Start importing Assets/Assets/Graves/Prefabs/GraveType6_VeryDamaged_2.prefab using Guid(b6d741fa3e5ecf74aa70a63138d0800f) Importer(815301076,1909f56bfc062723c751e8b465ee728b)  -> (artifact id: '25ff2700c343858a569ec120cf4b394d') in 0.016494 seconds 
========================================================================
Received Import Request.
  Time since last request: 0.000019 seconds.
  path: Assets/Assets/Graves/Prefabs/SummoningStoneDetailed.prefab
  artifactKey: Guid(6c923e622fdfafa42b06425421702e07) Importer(815301076,1909f56bfc062723c751e8b465ee728b)
Start importing Assets/Assets/Graves/Prefabs/SummoningStoneDetailed.prefab using Guid(6c923e622fdfafa42b06425421702e07) Importer(815301076,1909f56bfc062723c751e8b465ee728b)  -> (artifact id: 'cce1c57c635008fde3244f9bd0f5a7b9') in 0.020284 seconds 
========================================================================
Received Import Request.
  Time since last request: 0.000021 seconds.
  path: Assets/Assets/Graves/Prefabs/GraveCircleCrossDamaged_2.prefab
  artifactKey: Guid(f6c96aba047afbd4187959bce1b7fb27) Importer(815301076,1909f56bfc062723c751e8b465ee728b)
Start importing Assets/Assets/Graves/Prefabs/GraveCircleCrossDamaged_2.prefab using Guid(f6c96aba047afbd4187959bce1b7fb27) Importer(815301076,1909f56bfc062723c751e8b465ee728b)  -> (artifact id: '24b3c95b4ccc74833d4adfd878a92b94') in 0.015161 seconds 
========================================================================
Received Import Request.
  Time since last request: 0.000022 seconds.
  path: Assets/Assets/Graves/Prefabs/GraveType3_VeryDamaged_2.prefab
  artifactKey: Guid(b1f16de99ffd8c247a13774e9f43d6ec) Importer(815301076,1909f56bfc062723c751e8b465ee728b)
Start importing Assets/Assets/Graves/Prefabs/GraveType3_VeryDamaged_2.prefab using Guid(b1f16de99ffd8c247a13774e9f43d6ec) Importer(815301076,1909f56bfc062723c751e8b465ee728b)  -> (artifact id: '3e3cb4412bbcb67838d2e077d7d0c188') in 0.019198 seconds 
========================================================================
Received Import Request.
  Time since last request: 0.000019 seconds.
  path: Assets/Assets/Graves/Prefabs/TombClean_2.prefab
  artifactKey: Guid(b570e106ef044cc4a9fa5fb228bec801) Importer(815301076,1909f56bfc062723c751e8b465ee728b)
Start importing Assets/Assets/Graves/Prefabs/TombClean_2.prefab using Guid(b570e106ef044cc4a9fa5fb228bec801) Importer(815301076,1909f56bfc062723c751e8b465ee728b)  -> (artifact id: '4b505e183afd5db307ee69f74edacee2') in 0.018070 seconds 
========================================================================
Received Import Request.
  Time since last request: 2.183480 seconds.
  path: Assets/Assets/Graves/Prefabs/TombstoneType1_Plain_2.prefab
  artifactKey: Guid(1a603937f690f1446b417f6379ed13e8) Importer(815301076,1909f56bfc062723c751e8b465ee728b)
Start importing Assets/Assets/Graves/Prefabs/TombstoneType1_Plain_2.prefab using Guid(1a603937f690f1446b417f6379ed13e8) Importer(815301076,1909f56bfc062723c751e8b465ee728b)  -> (artifact id: 'b9a27f7e2fe9afcda67b5f7a8b30565b') in 0.024893 seconds 
========================================================================
Received Import Request.
  Time since last request: 0.000019 seconds.
  path: Assets/Assets/Graves/Prefabs/TombstoneType2_Plain_2.prefab
  artifactKey: Guid(f1e44444c84987542bd5cbb4469b373b) Importer(815301076,1909f56bfc062723c751e8b465ee728b)
Start importing Assets/Assets/Graves/Prefabs/TombstoneType2_Plain_2.prefab using Guid(f1e44444c84987542bd5cbb4469b373b) Importer(815301076,1909f56bfc062723c751e8b465ee728b)  -> (artifact id: 'eae26530cc9c862a4ef2ff82138d89e2') in 0.016984 seconds 
========================================================================
Received Import Request.
  Time since last request: 0.000022 seconds.
  path: Assets/Assets/Graves/Prefabs/WoodenCross_2.prefab
  artifactKey: Guid(c1df86f4e21081146a9db616c730056a) Importer(815301076,1909f56bfc062723c751e8b465ee728b)
Start importing Assets/Assets/Graves/Prefabs/WoodenCross_2.prefab using Guid(c1df86f4e21081146a9db616c730056a) Importer(815301076,1909f56bfc062723c751e8b465ee728b)  -> (artifact id: '368109a80715739641166340d61fde02') in 0.014430 seconds 
Editor requested this worker to shutdown with reason: Scaling down because of idle timeout
AssetImportWorker is now disconnected from the server
Process exiting
Exiting without the bug reporter. Application will terminate with return code 0